<!DOCTYPE html PUBLIC "-//W3C//DTD XHTML 1.1//EN" "http://www.w3.org/TR/xhtml11/DTD/xhtml11.dtd">
<html xmlns="http://www.w3.org/1999/xhtml"><head><title>TestNG Report</title><style type="text/css">table {margin-bottom:10px;border-collapse:collapse;empty-cells:show}th,td {border:1px solid #009;padding:.25em .5em}th {vertical-align:bottom}td {vertical-align:top}table a {font-weight:bold}.stripe td {background-color: #E6EBF9}.num {text-align:right}.passedodd td {background-color: #3F3}.passedeven td {background-color: #0A0}.skippedodd td {background-color: #DDD}.skippedeven td {background-color: #CCC}.failedodd td,.attn {background-color: #F33}.failedeven td,.stripe .attn {background-color: #D00}.stacktrace {white-space:pre;font-family:monospace}.totop {font-size:85%;text-align:center;border-bottom:2px solid #000}</style></head><body><table><tr><th>Test</th><th># Passed</th><th># Skipped</th><th># Failed</th><th>Time (ms)</th><th>Included Groups</th><th>Excluded Groups</th></tr><tr><th colspan="7">Sapphirus Systems Pvt Ltd</th></tr><tr><td><a href="#t0">ChromeBrowser</a></td><td class="num">21</td><td class="num">0</td><td class="num attn">4</td><td class="num">803,167</td><td></td><td></td></tr></table><table><thead><tr><th>Class</th><th>Method</th><th>Start</th><th>Time (ms)</th></tr></thead><tbody><tr><th colspan="4">Sapphirus Systems Pvt Ltd</th></tr></tbody><tbody id="t0"><tr><th colspan="4">ChromeBrowser &#8212; failed</th></tr><tr class="failedeven"><td rowspan="1">com.cucumber.TestRunner.UserGeneratedCertificateWithoutSelectingCheckboxesRunner</td><td><a href="#m0">feature</a></td><td rowspan="1">1711644839997</td><td rowspan="1">50417</td></tr><tr class="failedodd"><td rowspan="1">com.cucumber.TestRunner.UserGeneratedCertificatesWithoutEnablecheckboxesRunner</td><td><a href="#m1">feature</a></td><td rowspan="1">1711645219457</td><td rowspan="1">9</td></tr><tr class="failedeven"><td rowspan="1">com.cucumber.TestRunner.UserInternalPrintingByUploadInvalidCSVFileRunner</td><td><a href="#m2">feature</a></td><td rowspan="1">1711644894403</td><td rowspan="1">45879</td></tr><tr class="failedodd"><td rowspan="1">com.cucumber.TestRunner.UserInternalPrintingCSVFileStudentEmailWithAlphabetsandNumericsRunner</td><td><a href="#m3">feature</a></td><td rowspan="1">1711644805126</td><td rowspan="1">30783</td></tr><tr><th colspan="4">ChromeBrowser &#8212; passed</th></tr><tr class="passedeven"><td rowspan="1">com.cucumber.TestRunner.AdminGeneratedCertificatesNewMailEditRunner</td><td><a href="#m4">feature</a></td><td rowspan="1">1711644622699</td><td rowspan="1">25012</td></tr><tr class="passedodd"><td rowspan="1">com.cucumber.TestRunner.AdminRecentCertificateGenerationsRecallRunner</td><td><a href="#m5">feature</a></td><td rowspan="1">1711644729359</td><td rowspan="1">26957</td></tr><tr class="passedeven"><td rowspan="1">com.cucumber.TestRunner.AdminRecentCertificateGenerationsRevokeRunner</td><td><a href="#m6">feature</a></td><td rowspan="1">1711644759698</td><td rowspan="1">20851</td></tr><tr class="passedodd"><td rowspan="1">com.cucumber.TestRunner.AdminRecentCertificateGenerationsandVerificationsOriginalCertificatesRunner</td><td><a href="#m7">feature</a></td><td rowspan="1">1711644651661</td><td rowspan="1">22870</td></tr><tr class="passedeven"><td rowspan="1">com.cucumber.TestRunner.AdminRecentCertificateGenerationsandVerificationsQRCodeRunner</td><td><a href="#m8">feature</a></td><td rowspan="1">1711644678993</td><td rowspan="1">18854</td></tr><tr class="passedodd"><td rowspan="1">com.cucumber.TestRunner.AdminRecentCertificateGenerationsandVerificationsSendMailRunner</td><td><a href="#m9">feature</a></td><td rowspan="1">1711644701947</td><td rowspan="1">23076</td></tr><tr class="passedeven"><td rowspan="1">com.cucumber.TestRunner.UserGenerateBulkByUploadCSVFIleWithInvalidCertificateNameRunner</td><td><a href="#m10">feature</a></td><td rowspan="1">1711645170640</td><td rowspan="1">44848</td></tr><tr class="passedodd"><td rowspan="1">com.cucumber.TestRunner.UserGenerateBulkByUploadingCombinationOffilesRunner</td><td><a href="#m11">feature</a></td><td rowspan="1">1711644423560</td><td rowspan="1">41778</td></tr><tr class="passedeven"><td rowspan="1">com.cucumber.TestRunner.UserGenerateBulkByUploadingDOCXfileRunner</td><td><a href="#m12">feature</a></td><td rowspan="1">1711644491170</td><td rowspan="1">17826</td></tr><tr class="passedodd"><td rowspan="1">com.cucumber.TestRunner.UserGenerateBulkByUploadingDOCfileRunner</td><td><a href="#m13">feature</a></td><td rowspan="1">1711644469456</td><td rowspan="1">17837</td></tr><tr class="passedeven"><td rowspan="1">com.cucumber.TestRunner.UserGenerateBulkByUploadingJPEGfileRunner</td><td><a href="#m14">feature</a></td><td rowspan="1">1711644512108</td><td rowspan="1">17789</td></tr><tr class="passedodd"><td rowspan="1">com.cucumber.TestRunner.UserGenerateBulkByUploadingJPGfileRunner</td><td><a href="#m15">feature</a></td><td rowspan="1">1711644534202</td><td rowspan="1">17839</td></tr><tr class="passedeven"><td rowspan="1">com.cucumber.TestRunner.UserGenerateBulkByUploadingPDFfileRunner</td><td><a href="#m16">feature</a></td><td rowspan="1">1711644556588</td><td rowspan="1">20274</td></tr><tr class="passedodd"><td rowspan="1">com.cucumber.TestRunner.UserGenerateBulkByUploadingWithEmptyAcademicRefNumColumnRunner</td><td><a href="#m17">feature</a></td><td rowspan="1">1711645122059</td><td rowspan="1">44881</td></tr><tr class="passedeven"><td rowspan="1">com.cucumber.TestRunner.UserGenerateBulkUploadCSVFileEmailIDWithSpacesandDotsRunner</td><td><a href="#m18">feature</a></td><td rowspan="1">1711645071225</td><td rowspan="1">47040</td></tr><tr class="passedodd"><td rowspan="1">com.cucumber.TestRunner.UserGenerateBulkUploadingandRemovethefileRunner</td><td><a href="#m19">feature</a></td><td rowspan="1">1711644581141</td><td rowspan="1">17002</td></tr><tr class="passedeven"><td rowspan="1">com.cucumber.TestRunner.UserGenerateBulkWithoutSelectingCertificatetypeRunner</td><td><a href="#m20">feature</a></td><td rowspan="1">1711644602078</td><td rowspan="1">16551</td></tr><tr class="passedodd"><td rowspan="1">com.cucumber.TestRunner.UserInternalPrintingByUploadingCSVWithInvalidIssueYearandMonthRunner</td><td><a href="#m21">feature</a></td><td rowspan="1">1711644987018</td><td rowspan="1">39793</td></tr><tr class="passedeven"><td rowspan="1">com.cucumber.TestRunner.UserInternalPrintingCSVFIleStudentNameWithAlphabetsandNumericsRunner</td><td><a href="#m22">feature</a></td><td rowspan="1">1711644943609</td><td rowspan="1">39929</td></tr><tr class="passedodd"><td rowspan="1">com.cucumber.TestRunner.UserInternalPrintingCSVFileStudentEmailWithoutSpecialCharectersRunner</td><td><a href="#m23">feature</a></td><td rowspan="1">1711644784531</td><td rowspan="1">16644</td></tr><tr class="passedeven"><td rowspan="1">com.cucumber.TestRunner.UserInternalPrintingUploadCSVFIleWithoutEmailIdRunner</td><td><a href="#m24">feature</a></td><td rowspan="1">1711645030277</td><td rowspan="1">37199</td></tr></tbody></table><h2>ChromeBrowser</h2><h3 id="m0">com.cucumber.TestRunner.UserGeneratedCertificateWithoutSelectingCheckboxesRunner#feature</h3><table class="result"><tr class="param"><th>Parameter #1</th></tr><tr class="param stripe"><td>Institution User - Check the flow of Generated Certificates without selecting checkboxes</td></tr><tr><th>Messages</th></tr><tr><td><div class="messages">Completed executing following method : AbstractTestNGCucumberTests.feature<br/>Test Method resides in com.cucumber.TestRunner.UserGeneratedCertificateWithoutSelectingCheckboxesRunner<br/>Test Method had the following parameters : nullInstitution User - Check the flow of Generated Certificates without selecting checkboxes,<br/>Test Status: Failed</div></td></tr><tr><th>Exception</th></tr><tr><td><div class="stacktrace">cucumber.runtime.CucumberException: org.openqa.selenium.TimeoutException: Expected condition failed: waiting for visibility of [[ChromeDriver: chrome on windows (33cc640a6af20b88024044bce3d322f8)] -&gt; xpath: //a[text()=&apos;Generated Certificates &apos;]] (tried for 30 second(s) with 8000 milliseconds interval)
Build info: version: &apos;4.12.1&apos;, revision: &apos;8e34639b11&apos;
System info: os.name: &apos;Windows 10&apos;, os.arch: &apos;amd64&apos;, os.version: &apos;10.0&apos;, java.version: &apos;11.0.20&apos;
Driver info: driver.version: unknown
	at cucumber.api.testng.TestNGCucumberRunner.runCucumber(TestNGCucumberRunner.java:69)
	at cucumber.api.testng.AbstractTestNGCucumberTests.feature(AbstractTestNGCucumberTests.java:21)
Caused by: org.openqa.selenium.TimeoutException: Expected condition failed: waiting for visibility of [[ChromeDriver: chrome on windows (33cc640a6af20b88024044bce3d322f8)] -&gt; xpath: //a[text()=&apos;Generated Certificates &apos;]] (tried for 30 second(s) with 8000 milliseconds interval)
Build info: version: &apos;4.12.1&apos;, revision: &apos;8e34639b11&apos;
System info: os.name: &apos;Windows 10&apos;, os.arch: &apos;amd64&apos;, os.version: &apos;10.0&apos;, java.version: &apos;11.0.20&apos;
Driver info: driver.version: unknown
	at org.openqa.selenium.support.ui.FluentWait.timeoutException(FluentWait.java:262)
	at org.openqa.selenium.support.ui.FluentWait.until(FluentWait.java:230)
	at com.cucumber.TestBase.TestBase.waitForElement(TestBase.java:84)
	at com.cucumber.PageObjects.UserGeneratedCertificatesWithoutSelectingCheckboxesPageObjects.ClicktheGeneratedCertificates(UserGeneratedCertificatesWithoutSelectingCheckboxesPageObjects.java:52)
	at com.cucumber.stepdefination.UserGeneratedCertificatesWithoutSelectingCheckboxesSteps.click_the_Generated_Certificates(UserGeneratedCertificatesWithoutSelectingCheckboxesSteps.java:36)
	at âœ½.Then Click the Generated Certificates(src/test/resources/features/UserGeneratedCertificatesWithoutselectingCheckboxes.feature:8)
... Removed 23 stack frames</div></td></tr></table><p class="totop"><a href="#summary">back to summary</a></p><h3 id="m1">com.cucumber.TestRunner.UserGeneratedCertificatesWithoutEnablecheckboxesRunner#feature</h3><table class="result"><tr class="param"><th>Parameter #1</th></tr><tr class="param stripe"><td>genearated certificate</td></tr><tr><th>Messages</th></tr><tr><td><div class="messages">Completed executing following method : AbstractTestNGCucumberTests.feature<br/>Test Method resides in com.cucumber.TestRunner.UserGeneratedCertificatesWithoutEnablecheckboxesRunner<br/>Test Method had the following parameters : nullgenearated certificate,<br/>Test Status: Failed</div></td></tr><tr><th>Exception</th></tr><tr><td><div class="stacktrace">cucumber.runtime.CucumberException: cucumber.runtime.CucumberException: There are undefined steps
	at cucumber.api.testng.TestNGCucumberRunner.runCucumber(TestNGCucumberRunner.java:69)
	at cucumber.api.testng.AbstractTestNGCucumberTests.feature(AbstractTestNGCucumberTests.java:21)
Caused by: cucumber.runtime.CucumberException: There are undefined steps
	at cucumber.api.testng.FeatureResultListener.collectError(FeatureResultListener.java:60)
	at cucumber.api.testng.FeatureResultListener.result(FeatureResultListener.java:45)
	at cucumber.runtime.Runtime.runStep(Runtime.java:282)
	at cucumber.runtime.model.StepContainer.runStep(StepContainer.java:44)
	at cucumber.runtime.model.StepContainer.runSteps(StepContainer.java:39)
	at cucumber.runtime.model.CucumberScenario.run(CucumberScenario.java:44)
	at cucumber.runtime.model.CucumberFeature.run(CucumberFeature.java:165)
	at cucumber.api.testng.TestNGCucumberRunner.runCucumber(TestNGCucumberRunner.java:63)
	... 24 more
... Removed 23 stack frames</div></td></tr></table><p class="totop"><a href="#summary">back to summary</a></p><h3 id="m2">com.cucumber.TestRunner.UserInternalPrintingByUploadInvalidCSVFileRunner#feature</h3><table class="result"><tr class="param"><th>Parameter #1</th></tr><tr class="param stripe"><td>Institution User - Ccheck the flow of Internal Printing with Upload of CSV File containing Invalid Email, Student Name, and Mobile Number</td></tr><tr><th>Messages</th></tr><tr><td><div class="messages">Completed executing following method : AbstractTestNGCucumberTests.feature<br/>Test Method resides in com.cucumber.TestRunner.UserInternalPrintingByUploadInvalidCSVFileRunner<br/>Test Method had the following parameters : nullInstitution User - Ccheck the flow of Internal Printing with Upload of CSV File containing Invalid Email, Student Name, and Mobile Number,<br/>Test Status: Failed</div></td></tr><tr><th>Exception</th></tr><tr><td><div class="stacktrace">cucumber.runtime.CucumberException: org.openqa.selenium.TimeoutException: Expected condition failed: waiting for visibility of [[ChromeDriver: chrome on windows (2de35a228285ce85935971174afecfc9)] -&gt; xpath: //a[text()=&apos;Certificates &apos;]/following-sibling::ul/li[4]/a] (tried for 30 second(s) with 8000 milliseconds interval)
Build info: version: &apos;4.12.1&apos;, revision: &apos;8e34639b11&apos;
System info: os.name: &apos;Windows 10&apos;, os.arch: &apos;amd64&apos;, os.version: &apos;10.0&apos;, java.version: &apos;11.0.20&apos;
Driver info: driver.version: unknown
	at cucumber.api.testng.TestNGCucumberRunner.runCucumber(TestNGCucumberRunner.java:69)
	at cucumber.api.testng.AbstractTestNGCucumberTests.feature(AbstractTestNGCucumberTests.java:21)
Caused by: org.openqa.selenium.TimeoutException: Expected condition failed: waiting for visibility of [[ChromeDriver: chrome on windows (2de35a228285ce85935971174afecfc9)] -&gt; xpath: //a[text()=&apos;Certificates &apos;]/following-sibling::ul/li[4]/a] (tried for 30 second(s) with 8000 milliseconds interval)
Build info: version: &apos;4.12.1&apos;, revision: &apos;8e34639b11&apos;
System info: os.name: &apos;Windows 10&apos;, os.arch: &apos;amd64&apos;, os.version: &apos;10.0&apos;, java.version: &apos;11.0.20&apos;
Driver info: driver.version: unknown
	at org.openqa.selenium.support.ui.FluentWait.timeoutException(FluentWait.java:262)
	at org.openqa.selenium.support.ui.FluentWait.until(FluentWait.java:230)
	at com.cucumber.TestBase.TestBase.waitForElement(TestBase.java:84)
	at com.cucumber.PageObjects.UserInternalPrintingByUploadInvalidCSVFIlePageObjects.select_the_internal_printing(UserInternalPrintingByUploadInvalidCSVFIlePageObjects.java:43)
	at com.cucumber.stepdefination.UserInternalPrintingByUploadInvalidCSVFileSteps.select_the_internal_printing(UserInternalPrintingByUploadInvalidCSVFileSteps.java:38)
	at âœ½.And select the internal printing(src/test/resources/features/UserInternalPrintingByUploadInvalidCSVFIle.feature:8)
... Removed 23 stack frames</div></td></tr></table><p class="totop"><a href="#summary">back to summary</a></p><h3 id="m3">com.cucumber.TestRunner.UserInternalPrintingCSVFileStudentEmailWithAlphabetsandNumericsRunner#feature</h3><table class="result"><tr class="param"><th>Parameter #1</th></tr><tr class="param stripe"><td>Institution User - Check the flow of User Internal Printing CSV File Student Email With Alphabets and Numerics</td></tr><tr><th>Messages</th></tr><tr><td><div class="messages">Completed executing following method : AbstractTestNGCucumberTests.feature<br/>Test Method resides in com.cucumber.TestRunner.UserInternalPrintingCSVFileStudentEmailWithAlphabetsandNumericsRunner<br/>Test Method had the following parameters : nullInstitution User - Check the flow of User Internal Printing CSV File Student Email With Alphabets and Numerics,<br/>Test Status: Failed</div></td></tr><tr><th>Exception</th></tr><tr><td><div class="stacktrace">cucumber.runtime.CucumberException: org.openqa.selenium.ElementNotInteractableException: element not interactable
  (Session info: chrome=123.0.6312.60)
Build info: version: &apos;4.12.1&apos;, revision: &apos;8e34639b11&apos;
System info: os.name: &apos;Windows 10&apos;, os.arch: &apos;amd64&apos;, os.version: &apos;10.0&apos;, java.version: &apos;11.0.20&apos;
Driver info: org.openqa.selenium.chrome.ChromeDriver
Command: [c1e523789a204db7163639ed39f136c1, clickElement {id=f.D71D62CF17A117362064B4AE81D4170A.d.0D397D2B7D79DAF0CF230D081A1577FF.e.714}]
Capabilities {acceptInsecureCerts: false, browserName: chrome, browserVersion: 123.0.6312.60, chrome: {chromedriverVersion: 123.0.6312.58 (6b4b19e9dfbb..., userDataDir: C:\Users\admin\AppData\Loca...}, fedcm:accounts: true, goog:chromeOptions: {debuggerAddress: localhost:51051}, networkConnectionEnabled: false, pageLoadStrategy: normal, platformName: windows, proxy: Proxy(), se:cdp: ws://localhost:51051/devtoo..., se:cdpVersion: 123.0.6312.60, setWindowRect: true, strictFileInteractability: false, timeouts: {implicit: 0, pageLoad: 300000, script: 30000}, unhandledPromptBehavior: dismiss and notify, webauthn:extension:credBlob: true, webauthn:extension:largeBlob: true, webauthn:extension:minPinLength: true, webauthn:extension:prf: true, webauthn:virtualAuthenticators: true}
Element: [[ChromeDriver: chrome on windows (c1e523789a204db7163639ed39f136c1)] -&gt; xpath: //a[text()=&apos;Internal Printing &apos;]]
Session ID: c1e523789a204db7163639ed39f136c1
	at cucumber.api.testng.TestNGCucumberRunner.runCucumber(TestNGCucumberRunner.java:69)
	at cucumber.api.testng.AbstractTestNGCucumberTests.feature(AbstractTestNGCucumberTests.java:21)
Caused by: org.openqa.selenium.ElementNotInteractableException: element not interactable
  (Session info: chrome=123.0.6312.60)
Build info: version: &apos;4.12.1&apos;, revision: &apos;8e34639b11&apos;
System info: os.name: &apos;Windows 10&apos;, os.arch: &apos;amd64&apos;, os.version: &apos;10.0&apos;, java.version: &apos;11.0.20&apos;
Driver info: org.openqa.selenium.chrome.ChromeDriver
Command: [c1e523789a204db7163639ed39f136c1, clickElement {id=f.D71D62CF17A117362064B4AE81D4170A.d.0D397D2B7D79DAF0CF230D081A1577FF.e.714}]
Capabilities {acceptInsecureCerts: false, browserName: chrome, browserVersion: 123.0.6312.60, chrome: {chromedriverVersion: 123.0.6312.58 (6b4b19e9dfbb..., userDataDir: C:\Users\admin\AppData\Loca...}, fedcm:accounts: true, goog:chromeOptions: {debuggerAddress: localhost:51051}, networkConnectionEnabled: false, pageLoadStrategy: normal, platformName: windows, proxy: Proxy(), se:cdp: ws://localhost:51051/devtoo..., se:cdpVersion: 123.0.6312.60, setWindowRect: true, strictFileInteractability: false, timeouts: {implicit: 0, pageLoad: 300000, script: 30000}, unhandledPromptBehavior: dismiss and notify, webauthn:extension:credBlob: true, webauthn:extension:largeBlob: true, webauthn:extension:minPinLength: true, webauthn:extension:prf: true, webauthn:virtualAuthenticators: true}
Element: [[ChromeDriver: chrome on windows (c1e523789a204db7163639ed39f136c1)] -&gt; xpath: //a[text()=&apos;Internal Printing &apos;]]
Session ID: c1e523789a204db7163639ed39f136c1
	at org.openqa.selenium.remote.codec.w3c.W3CHttpResponseCodec.createException(W3CHttpResponseCodec.java:200)
	at org.openqa.selenium.remote.codec.w3c.W3CHttpResponseCodec.decode(W3CHttpResponseCodec.java:133)
	at org.openqa.selenium.remote.codec.w3c.W3CHttpResponseCodec.decode(W3CHttpResponseCodec.java:52)
	at org.openqa.selenium.remote.HttpCommandExecutor.execute(HttpCommandExecutor.java:191)
	at org.openqa.selenium.remote.service.DriverCommandExecutor.invokeExecute(DriverCommandExecutor.java:196)
	at org.openqa.selenium.remote.service.DriverCommandExecutor.execute(DriverCommandExecutor.java:171)
	at org.openqa.selenium.remote.RemoteWebDriver.execute(RemoteWebDriver.java:602)
	at org.openqa.selenium.remote.RemoteWebElement.execute(RemoteWebElement.java:224)
	at org.openqa.selenium.remote.RemoteWebElement.click(RemoteWebElement.java:77)
	at com.cucumber.PageObjects.UserInternalPrintingCSVFileStudentEmailWithAlphabetsandNumericsPageObjects.ClickInternalPrintingoption(UserInternalPrintingCSVFileStudentEmailWithAlphabetsandNumericsPageObjects.java:42)
	at com.cucumber.stepdefination.UserInternalPrintingCSVFileStudentEmailWithAlphabetsandNumericsSteps.click_Internal_Printing_option(UserInternalPrintingCSVFileStudentEmailWithAlphabetsandNumericsSteps.java:34)
	at âœ½.Then Click Internal Printing option(src/test/resources/features/UserInternalPrintingCSVFileStudentEmailWithAlphabetsandNumerics.feature:7)
... Removed 28 stack frames</div></td></tr></table><p class="totop"><a href="#summary">back to summary</a></p><h3 id="m4">com.cucumber.TestRunner.AdminGeneratedCertificatesNewMailEditRunner#feature</h3><table class="result"><tr class="param"><th>Parameter #1</th></tr><tr class="param stripe"><td>Institution Admin - Check the flow of New Mail Edit</td></tr><tr><th>Messages</th></tr><tr><td><div class="messages">Completed executing following method : AbstractTestNGCucumberTests.feature<br/>Test Method resides in com.cucumber.TestRunner.AdminGeneratedCertificatesNewMailEditRunner<br/>Test Method had the following parameters : nullInstitution Admin - Check the flow of New Mail Edit,<br/>Test Status: Pass</div></td></tr></table><p class="totop"><a href="#summary">back to summary</a></p><h3 id="m5">com.cucumber.TestRunner.AdminRecentCertificateGenerationsRecallRunner#feature</h3><table class="result"><tr class="param"><th>Parameter #1</th></tr><tr class="param stripe"><td>Institution User - Check the flow of Recent Certificate Generations Recall</td></tr><tr><th>Messages</th></tr><tr><td><div class="messages">Completed executing following method : AbstractTestNGCucumberTests.feature<br/>Test Method resides in com.cucumber.TestRunner.AdminRecentCertificateGenerationsRecallRunner<br/>Test Method had the following parameters : nullInstitution User - Check the flow of Recent Certificate Generations Recall,<br/>Test Status: Pass</div></td></tr></table><p class="totop"><a href="#summary">back to summary</a></p><h3 id="m6">com.cucumber.TestRunner.AdminRecentCertificateGenerationsRevokeRunner#feature</h3><table class="result"><tr class="param"><th>Parameter #1</th></tr><tr class="param stripe"><td>Institution Admin - Check the flow of Recent Certificate Generations Revoke</td></tr><tr><th>Messages</th></tr><tr><td><div class="messages">Completed executing following method : AbstractTestNGCucumberTests.feature<br/>Test Method resides in com.cucumber.TestRunner.AdminRecentCertificateGenerationsRevokeRunner<br/>Test Method had the following parameters : nullInstitution Admin - Check the flow of Recent Certificate Generations Revoke,<br/>Test Status: Pass</div></td></tr></table><p class="totop"><a href="#summary">back to summary</a></p><h3 id="m7">com.cucumber.TestRunner.AdminRecentCertificateGenerationsandVerificationsOriginalCertificatesRunner#feature</h3><table class="result"><tr class="param"><th>Parameter #1</th></tr><tr class="param stripe"><td>Institution User - Check the flow of Recent Certificate GenerationsandVerifications OriginalCertificates</td></tr><tr><th>Messages</th></tr><tr><td><div class="messages">Completed executing following method : AbstractTestNGCucumberTests.feature<br/>Test Method resides in com.cucumber.TestRunner.AdminRecentCertificateGenerationsandVerificationsOriginalCertificatesRunner<br/>Test Method had the following parameters : nullInstitution User - Check the flow of Recent Certificate GenerationsandVerifications OriginalCertificates,<br/>Test Status: Pass</div></td></tr></table><p class="totop"><a href="#summary">back to summary</a></p><h3 id="m8">com.cucumber.TestRunner.AdminRecentCertificateGenerationsandVerificationsQRCodeRunner#feature</h3><table class="result"><tr class="param"><th>Parameter #1</th></tr><tr class="param stripe"><td>Institution User - Check the flow of Recent Certificate GenerationsandVerification Download QR Code</td></tr><tr><th>Messages</th></tr><tr><td><div class="messages">Completed executing following method : AbstractTestNGCucumberTests.feature<br/>Test Method resides in com.cucumber.TestRunner.AdminRecentCertificateGenerationsandVerificationsQRCodeRunner<br/>Test Method had the following parameters : nullInstitution User - Check the flow of Recent Certificate GenerationsandVerification Download QR Code,<br/>Test Status: Pass</div></td></tr></table><p class="totop"><a href="#summary">back to summary</a></p><h3 id="m9">com.cucumber.TestRunner.AdminRecentCertificateGenerationsandVerificationsSendMailRunner#feature</h3><table class="result"><tr class="param"><th>Parameter #1</th></tr><tr class="param stripe"><td>Institution User - Check the flow of Recent Certificate GenerationsandVerification Send Mail</td></tr><tr><th>Messages</th></tr><tr><td><div class="messages">Completed executing following method : AbstractTestNGCucumberTests.feature<br/>Test Method resides in com.cucumber.TestRunner.AdminRecentCertificateGenerationsandVerificationsSendMailRunner<br/>Test Method had the following parameters : nullInstitution User - Check the flow of Recent Certificate GenerationsandVerification Send Mail,<br/>Test Status: Pass</div></td></tr></table><p class="totop"><a href="#summary">back to summary</a></p><h3 id="m10">com.cucumber.TestRunner.UserGenerateBulkByUploadCSVFIleWithInvalidCertificateNameRunner#feature</h3><table class="result"><tr class="param"><th>Parameter #1</th></tr><tr class="param stripe"><td>Institution User - Check the flow of Generate Bulk By Upload CSV File With Invalid Certificate Name</td></tr><tr><th>Messages</th></tr><tr><td><div class="messages">Completed executing following method : AbstractTestNGCucumberTests.feature<br/>Test Method resides in com.cucumber.TestRunner.UserGenerateBulkByUploadCSVFIleWithInvalidCertificateNameRunner<br/>Test Method had the following parameters : nullInstitution User - Check the flow of Generate Bulk By Upload CSV File With Invalid Certificate Name,<br/>Test Status: Pass</div></td></tr></table><p class="totop"><a href="#summary">back to summary</a></p><h3 id="m11">com.cucumber.TestRunner.UserGenerateBulkByUploadingCombinationOffilesRunner#feature</h3><table class="result"><tr class="param"><th>Parameter #1</th></tr><tr class="param stripe"><td>Institution User - Check the flow of By uploading the files with the combination of JPG/JPEG/DOC/DOCX in Bulk Generated certificates</td></tr><tr><th>Messages</th></tr><tr><td><div class="messages">Completed executing following method : AbstractTestNGCucumberTests.feature<br/>Test Method resides in com.cucumber.TestRunner.UserGenerateBulkByUploadingCombinationOffilesRunner<br/>Test Method had the following parameters : nullInstitution User - Check the flow of By uploading the files with the combination of JPG/JPEG/DOC/DOCX in Bulk Generated certificates,<br/>Test Status: Pass</div></td></tr></table><p class="totop"><a href="#summary">back to summary</a></p><h3 id="m12">com.cucumber.TestRunner.UserGenerateBulkByUploadingDOCXfileRunner#feature</h3><table class="result"><tr class="param"><th>Parameter #1</th></tr><tr class="param stripe"><td>Institution User - Check the flow of User Bulk By Uploading the DOCX File</td></tr><tr><th>Messages</th></tr><tr><td><div class="messages">Completed executing following method : AbstractTestNGCucumberTests.feature<br/>Test Method resides in com.cucumber.TestRunner.UserGenerateBulkByUploadingDOCXfileRunner<br/>Test Method had the following parameters : nullInstitution User - Check the flow of User Bulk By Uploading the DOCX File,<br/>Test Status: Pass</div></td></tr></table><p class="totop"><a href="#summary">back to summary</a></p><h3 id="m13">com.cucumber.TestRunner.UserGenerateBulkByUploadingDOCfileRunner#feature</h3><table class="result"><tr class="param"><th>Parameter #1</th></tr><tr class="param stripe"><td>Institution User - Check the flow of User Bulk By Uploading the DOC File</td></tr><tr><th>Messages</th></tr><tr><td><div class="messages">Completed executing following method : AbstractTestNGCucumberTests.feature<br/>Test Method resides in com.cucumber.TestRunner.UserGenerateBulkByUploadingDOCfileRunner<br/>Test Method had the following parameters : nullInstitution User - Check the flow of User Bulk By Uploading the DOC File,<br/>Test Status: Pass</div></td></tr></table><p class="totop"><a href="#summary">back to summary</a></p><h3 id="m14">com.cucumber.TestRunner.UserGenerateBulkByUploadingJPEGfileRunner#feature</h3><table class="result"><tr class="param"><th>Parameter #1</th></tr><tr class="param stripe"><td>Institution User - Check the flow of User Bulk By Uploading the JPEG File</td></tr><tr><th>Messages</th></tr><tr><td><div class="messages">Completed executing following method : AbstractTestNGCucumberTests.feature<br/>Test Method resides in com.cucumber.TestRunner.UserGenerateBulkByUploadingJPEGfileRunner<br/>Test Method had the following parameters : nullInstitution User - Check the flow of User Bulk By Uploading the JPEG File,<br/>Test Status: Pass</div></td></tr></table><p class="totop"><a href="#summary">back to summary</a></p><h3 id="m15">com.cucumber.TestRunner.UserGenerateBulkByUploadingJPGfileRunner#feature</h3><table class="result"><tr class="param"><th>Parameter #1</th></tr><tr class="param stripe"><td>Institution User - Check the flow of User Bulk By Uploading the JPG File</td></tr><tr><th>Messages</th></tr><tr><td><div class="messages">Completed executing following method : AbstractTestNGCucumberTests.feature<br/>Test Method resides in com.cucumber.TestRunner.UserGenerateBulkByUploadingJPGfileRunner<br/>Test Method had the following parameters : nullInstitution User - Check the flow of User Bulk By Uploading the JPG File,<br/>Test Status: Pass</div></td></tr></table><p class="totop"><a href="#summary">back to summary</a></p><h3 id="m16">com.cucumber.TestRunner.UserGenerateBulkByUploadingPDFfileRunner#feature</h3><table class="result"><tr class="param"><th>Parameter #1</th></tr><tr class="param stripe"><td>Institution User - Check the flow of User Bulk By Uploading the PDF File</td></tr><tr><th>Messages</th></tr><tr><td><div class="messages">Completed executing following method : AbstractTestNGCucumberTests.feature<br/>Test Method resides in com.cucumber.TestRunner.UserGenerateBulkByUploadingPDFfileRunner<br/>Test Method had the following parameters : nullInstitution User - Check the flow of User Bulk By Uploading the PDF File,<br/>Test Status: Pass</div></td></tr></table><p class="totop"><a href="#summary">back to summary</a></p><h3 id="m17">com.cucumber.TestRunner.UserGenerateBulkByUploadingWithEmptyAcademicRefNumColumnRunner#feature</h3><table class="result"><tr class="param"><th>Parameter #1</th></tr><tr class="param stripe"><td>Institution User - Check the flow of Generate Bulk with invalid CSV File - empty academic reference num</td></tr><tr><th>Messages</th></tr><tr><td><div class="messages">Completed executing following method : AbstractTestNGCucumberTests.feature<br/>Test Method resides in com.cucumber.TestRunner.UserGenerateBulkByUploadingWithEmptyAcademicRefNumColumnRunner<br/>Test Method had the following parameters : nullInstitution User - Check the flow of Generate Bulk with invalid CSV File - empty academic reference num,<br/>Test Status: Pass</div></td></tr></table><p class="totop"><a href="#summary">back to summary</a></p><h3 id="m18">com.cucumber.TestRunner.UserGenerateBulkUploadCSVFileEmailIDWithSpacesandDotsRunner#feature</h3><table class="result"><tr class="param"><th>Parameter #1</th></tr><tr class="param stripe"><td>Institution User - Check the flow of Generate bulk Upload CSV File Email id with Sapces and Dots</td></tr><tr><th>Messages</th></tr><tr><td><div class="messages">Completed executing following method : AbstractTestNGCucumberTests.feature<br/>Test Method resides in com.cucumber.TestRunner.UserGenerateBulkUploadCSVFileEmailIDWithSpacesandDotsRunner<br/>Test Method had the following parameters : nullInstitution User - Check the flow of Generate bulk Upload CSV File Email id with Sapces and Dots,<br/>Test Status: Pass</div></td></tr></table><p class="totop"><a href="#summary">back to summary</a></p><h3 id="m19">com.cucumber.TestRunner.UserGenerateBulkUploadingandRemovethefileRunner#feature</h3><table class="result"><tr class="param"><th>Parameter #1</th></tr><tr class="param stripe"><td>GenerateBulk</td></tr><tr><th>Messages</th></tr><tr><td><div class="messages">Completed executing following method : AbstractTestNGCucumberTests.feature<br/>Test Method resides in com.cucumber.TestRunner.UserGenerateBulkUploadingandRemovethefileRunner<br/>Test Method had the following parameters : nullGenerateBulk,<br/>Test Status: Pass</div></td></tr></table><p class="totop"><a href="#summary">back to summary</a></p><h3 id="m20">com.cucumber.TestRunner.UserGenerateBulkWithoutSelectingCertificatetypeRunner#feature</h3><table class="result"><tr class="param"><th>Parameter #1</th></tr><tr class="param stripe"><td>Institution User - Check the flow of User Bulk without selecting the Certificare Type</td></tr><tr><th>Messages</th></tr><tr><td><div class="messages">Completed executing following method : AbstractTestNGCucumberTests.feature<br/>Test Method resides in com.cucumber.TestRunner.UserGenerateBulkWithoutSelectingCertificatetypeRunner<br/>Test Method had the following parameters : nullInstitution User - Check the flow of User Bulk without selecting the Certificare Type,<br/>Test Status: Pass</div></td></tr></table><p class="totop"><a href="#summary">back to summary</a></p><h3 id="m21">com.cucumber.TestRunner.UserInternalPrintingByUploadingCSVWithInvalidIssueYearandMonthRunner#feature</h3><table class="result"><tr class="param"><th>Parameter #1</th></tr><tr class="param stripe"><td>Institution User - Check the flow of Internal Printing with upload the CSV file with invalid issue year and month</td></tr><tr><th>Messages</th></tr><tr><td><div class="messages">Completed executing following method : AbstractTestNGCucumberTests.feature<br/>Test Method resides in com.cucumber.TestRunner.UserInternalPrintingByUploadingCSVWithInvalidIssueYearandMonthRunner<br/>Test Method had the following parameters : nullInstitution User - Check the flow of Internal Printing with upload the CSV file with invalid issue year and month,<br/>Test Status: Pass</div></td></tr></table><p class="totop"><a href="#summary">back to summary</a></p><h3 id="m22">com.cucumber.TestRunner.UserInternalPrintingCSVFIleStudentNameWithAlphabetsandNumericsRunner#feature</h3><table class="result"><tr class="param"><th>Parameter #1</th></tr><tr class="param stripe"><td>Institution User - Check the flow of Internal Printing CSV file Student Name With Alphabets and Numeic values</td></tr><tr><th>Messages</th></tr><tr><td><div class="messages">Completed executing following method : AbstractTestNGCucumberTests.feature<br/>Test Method resides in com.cucumber.TestRunner.UserInternalPrintingCSVFIleStudentNameWithAlphabetsandNumericsRunner<br/>Test Method had the following parameters : nullInstitution User - Check the flow of Internal Printing CSV file Student Name With Alphabets and Numeic values,<br/>Test Status: Pass</div></td></tr></table><p class="totop"><a href="#summary">back to summary</a></p><h3 id="m23">com.cucumber.TestRunner.UserInternalPrintingCSVFileStudentEmailWithoutSpecialCharectersRunner#feature</h3><table class="result"><tr class="param"><th>Parameter #1</th></tr><tr class="param stripe"><td>Institution User - Check the flow of User Internal Printing CSV File Student Email Without Special Charecters</td></tr><tr><th>Messages</th></tr><tr><td><div class="messages">Completed executing following method : AbstractTestNGCucumberTests.feature<br/>Test Method resides in com.cucumber.TestRunner.UserInternalPrintingCSVFileStudentEmailWithoutSpecialCharectersRunner<br/>Test Method had the following parameters : nullInstitution User - Check the flow of User Internal Printing CSV File Student Email Without Special Charecters,<br/>Test Status: Pass</div></td></tr></table><p class="totop"><a href="#summary">back to summary</a></p><h3 id="m24">com.cucumber.TestRunner.UserInternalPrintingUploadCSVFIleWithoutEmailIdRunner#feature</h3><table class="result"><tr class="param"><th>Parameter #1</th></tr><tr class="param stripe"><td>Institution User - Check the flow of Internal Printing   By uploading the CSV File without Student Email id column.</td></tr><tr><th>Messages</th></tr><tr><td><div class="messages">Completed executing following method : AbstractTestNGCucumberTests.feature<br/>Test Method resides in com.cucumber.TestRunner.UserInternalPrintingUploadCSVFIleWithoutEmailIdRunner<br/>Test Method had the following parameters : nullInstitution User - Check the flow of Internal Printing   By uploading the CSV File without Student Email id column.,<br/>Test Status: Pass</div></td></tr></table><p class="totop"><a href="#summary">back to summary</a></p></body></html>