<!DOCTYPE html>

<html>
  <head>
  <meta charset='utf-8'>
  <title>TestNG reports</title>

    <link type="text/css" href="testng-reports.css" rel="stylesheet" />  
    <script type="text/javascript" src="jquery-1.7.1.min.js"></script>
    <script type="text/javascript" src="testng-reports.js"></script>
    <script type="text/javascript" src="https://www.google.com/jsapi"></script>
    <script type='text/javascript'>
      google.load('visualization', '1', {packages:['table']});
      google.setOnLoadCallback(drawTable);
      var suiteTableInitFunctions = new Array();
      var suiteTableData = new Array();
    </script>
    <!--
      <script type="text/javascript" src="jquery-ui/js/jquery-ui-1.8.16.custom.min.js"></script>
     -->
  </head>

  <body>
    <div class="top-banner-root">
      <span class="top-banner-title-font">Test results</span>
      <br/>
      <span class="top-banner-font-1">1 suite, 4 failed tests</span>
    </div> <!-- top-banner-root -->
    <div class="navigator-root">
      <div class="navigator-suite-header">
        <span>All suites</span>
        <a href="#" title="Collapse/expand all the suites" class="collapse-all-link">
          <img src="collapseall.gif" class="collapse-all-icon">
          </img> <!-- collapse-all-icon -->
        </a> <!-- collapse-all-link -->
      </div> <!-- navigator-suite-header -->
      <div class="suite">
        <div class="rounded-window">
          <div class="suite-header light-rounded-window-top">
            <a href="#" panel-name="suite-Sapphirus_Systems_Pvt_Ltd" class="navigator-link">
              <span class="suite-name border-failed">Sapphirus Systems Pvt Ltd</span>
            </a> <!-- navigator-link -->
          </div> <!-- suite-header light-rounded-window-top -->
          <div class="navigator-suite-content">
            <div class="suite-section-title">
              <span>Info</span>
            </div> <!-- suite-section-title -->
            <div class="suite-section-content">
              <ul>
                <li>
                  <a href="#" panel-name="test-xml-Sapphirus_Systems_Pvt_Ltd" class="navigator-link ">
                    <span>C:\Users\admin\eclipse-workspace\Learning Chain Automation5\testng.xml</span>
                  </a> <!-- navigator-link  -->
                </li>
                <li>
                  <a href="#" panel-name="testlist-Sapphirus_Systems_Pvt_Ltd" class="navigator-link ">
                    <span class="test-stats">2 tests</span>
                  </a> <!-- navigator-link  -->
                </li>
                <li>
                  <a href="#" panel-name="group-Sapphirus_Systems_Pvt_Ltd" class="navigator-link ">
                    <span>1 group</span>
                  </a> <!-- navigator-link  -->
                </li>
                <li>
                  <a href="#" panel-name="times-Sapphirus_Systems_Pvt_Ltd" class="navigator-link ">
                    <span>Times</span>
                  </a> <!-- navigator-link  -->
                </li>
                <li>
                  <a href="#" panel-name="reporter-Sapphirus_Systems_Pvt_Ltd" class="navigator-link ">
                    <span>Reporter output</span>
                  </a> <!-- navigator-link  -->
                </li>
                <li>
                  <a href="#" panel-name="ignored-methods-Sapphirus_Systems_Pvt_Ltd" class="navigator-link ">
                    <span>Ignored methods</span>
                  </a> <!-- navigator-link  -->
                </li>
                <li>
                  <a href="#" panel-name="chronological-Sapphirus_Systems_Pvt_Ltd" class="navigator-link ">
                    <span>Chronological view</span>
                  </a> <!-- navigator-link  -->
                </li>
              </ul>
            </div> <!-- suite-section-content -->
            <div class="result-section">
              <div class="suite-section-title">
                <span>Results</span>
              </div> <!-- suite-section-title -->
              <div class="suite-section-content">
                <ul>
                  <li>
                    <span class="method-stats">25 methods, 4 failed,   21 passed</span>
                  </li>
                  <li>
                    <span class="method-list-title failed">Failed methods</span>
                    <span class="show-or-hide-methods failed">
                      <a href="#" panel-name="suite-Sapphirus_Systems_Pvt_Ltd" class="hide-methods failed suite-Sapphirus_Systems_Pvt_Ltd"> (hide)</a> <!-- hide-methods failed suite-Sapphirus_Systems_Pvt_Ltd -->
                      <a href="#" panel-name="suite-Sapphirus_Systems_Pvt_Ltd" class="show-methods failed suite-Sapphirus_Systems_Pvt_Ltd"> (show)</a> <!-- show-methods failed suite-Sapphirus_Systems_Pvt_Ltd -->
                    </span>
                    <div class="method-list-content failed suite-Sapphirus_Systems_Pvt_Ltd">
                      <span>
                        <img src="failed.png" width="3%"/>
                        <a href="#" panel-name="suite-Sapphirus_Systems_Pvt_Ltd" title="com.cucumber.TestRunner.UserInternalPrintingCSVFileStudentEmailWithAlphabetsandNumericsRunner" class="method navigator-link" hash-for-method="feature(Institution User - Check the flow of User Internal Printing CSV File Student Email With Alphabets an...)">feature(Institution User - Check the flow of User Internal Printing CSV File Student Email With Alphabets an...)</a> <!-- method navigator-link -->
                      </span>
                      <br/>
                      <span>
                        <img src="failed.png" width="3%"/>
                        <a href="#" panel-name="suite-Sapphirus_Systems_Pvt_Ltd" title="com.cucumber.TestRunner.UserGeneratedCertificateWithoutSelectingCheckboxesRunner" class="method navigator-link" hash-for-method="feature(Institution User - Check the flow of Generated Certificates without selecting checkboxes)">feature(Institution User - Check the flow of Generated Certificates without selecting checkboxes)</a> <!-- method navigator-link -->
                      </span>
                      <br/>
                      <span>
                        <img src="failed.png" width="3%"/>
                        <a href="#" panel-name="suite-Sapphirus_Systems_Pvt_Ltd" title="com.cucumber.TestRunner.UserGeneratedCertificatesWithoutEnablecheckboxesRunner" class="method navigator-link" hash-for-method="feature(genearated certificate)">feature(genearated certificate)</a> <!-- method navigator-link -->
                      </span>
                      <br/>
                      <span>
                        <img src="failed.png" width="3%"/>
                        <a href="#" panel-name="suite-Sapphirus_Systems_Pvt_Ltd" title="com.cucumber.TestRunner.UserInternalPrintingByUploadInvalidCSVFileRunner" class="method navigator-link" hash-for-method="feature(Institution User - Ccheck the flow of Internal Printing with Upload of CSV File containing Invalid E...)">feature(Institution User - Ccheck the flow of Internal Printing with Upload of CSV File containing Invalid E...)</a> <!-- method navigator-link -->
                      </span>
                      <br/>
                    </div> <!-- method-list-content failed suite-Sapphirus_Systems_Pvt_Ltd -->
                  </li>
                  <li>
                    <span class="method-list-title passed">Passed methods</span>
                    <span class="show-or-hide-methods passed">
                      <a href="#" panel-name="suite-Sapphirus_Systems_Pvt_Ltd" class="hide-methods passed suite-Sapphirus_Systems_Pvt_Ltd"> (hide)</a> <!-- hide-methods passed suite-Sapphirus_Systems_Pvt_Ltd -->
                      <a href="#" panel-name="suite-Sapphirus_Systems_Pvt_Ltd" class="show-methods passed suite-Sapphirus_Systems_Pvt_Ltd"> (show)</a> <!-- show-methods passed suite-Sapphirus_Systems_Pvt_Ltd -->
                    </span>
                    <div class="method-list-content passed suite-Sapphirus_Systems_Pvt_Ltd">
                      <span>
                        <img src="passed.png" width="3%"/>
                        <a href="#" panel-name="suite-Sapphirus_Systems_Pvt_Ltd" title="com.cucumber.TestRunner.AdminRecentCertificateGenerationsRevokeRunner" class="method navigator-link" hash-for-method="feature(Institution Admin - Check the flow of Recent Certificate Generations Revoke)">feature(Institution Admin - Check the flow of Recent Certificate Generations Revoke)</a> <!-- method navigator-link -->
                      </span>
                      <br/>
                      <span>
                        <img src="passed.png" width="3%"/>
                        <a href="#" panel-name="suite-Sapphirus_Systems_Pvt_Ltd" title="com.cucumber.TestRunner.AdminRecentCertificateGenerationsandVerificationsOriginalCertificatesRunner" class="method navigator-link" hash-for-method="feature(Institution User - Check the flow of Recent Certificate GenerationsandVerifications OriginalCertific...)">feature(Institution User - Check the flow of Recent Certificate GenerationsandVerifications OriginalCertific...)</a> <!-- method navigator-link -->
                      </span>
                      <br/>
                      <span>
                        <img src="passed.png" width="3%"/>
                        <a href="#" panel-name="suite-Sapphirus_Systems_Pvt_Ltd" title="com.cucumber.TestRunner.UserGenerateBulkByUploadingDOCXfileRunner" class="method navigator-link" hash-for-method="feature(Institution User - Check the flow of User Bulk By Uploading the DOCX File)">feature(Institution User - Check the flow of User Bulk By Uploading the DOCX File)</a> <!-- method navigator-link -->
                      </span>
                      <br/>
                      <span>
                        <img src="passed.png" width="3%"/>
                        <a href="#" panel-name="suite-Sapphirus_Systems_Pvt_Ltd" title="com.cucumber.TestRunner.UserInternalPrintingUploadCSVFIleWithoutEmailIdRunner" class="method navigator-link" hash-for-method="feature(Institution User - Check the flow of Internal Printing   By uploading the CSV File without Student E...)">feature(Institution User - Check the flow of Internal Printing   By uploading the CSV File without Student E...)</a> <!-- method navigator-link -->
                      </span>
                      <br/>
                      <span>
                        <img src="passed.png" width="3%"/>
                        <a href="#" panel-name="suite-Sapphirus_Systems_Pvt_Ltd" title="com.cucumber.TestRunner.UserGenerateBulkUploadCSVFileEmailIDWithSpacesandDotsRunner" class="method navigator-link" hash-for-method="feature(Institution User - Check the flow of Generate bulk Upload CSV File Email id with Sapces and Dots)">feature(Institution User - Check the flow of Generate bulk Upload CSV File Email id with Sapces and Dots)</a> <!-- method navigator-link -->
                      </span>
                      <br/>
                      <span>
                        <img src="passed.png" width="3%"/>
                        <a href="#" panel-name="suite-Sapphirus_Systems_Pvt_Ltd" title="com.cucumber.TestRunner.UserGenerateBulkByUploadingCombinationOffilesRunner" class="method navigator-link" hash-for-method="feature(Institution User - Check the flow of By uploading the files with the combination of JPG/JPEG/DOC/DOC...)">feature(Institution User - Check the flow of By uploading the files with the combination of JPG/JPEG/DOC/DOC...)</a> <!-- method navigator-link -->
                      </span>
                      <br/>
                      <span>
                        <img src="passed.png" width="3%"/>
                        <a href="#" panel-name="suite-Sapphirus_Systems_Pvt_Ltd" title="com.cucumber.TestRunner.AdminGeneratedCertificatesNewMailEditRunner" class="method navigator-link" hash-for-method="feature(Institution Admin - Check the flow of New Mail Edit)">feature(Institution Admin - Check the flow of New Mail Edit)</a> <!-- method navigator-link -->
                      </span>
                      <br/>
                      <span>
                        <img src="passed.png" width="3%"/>
                        <a href="#" panel-name="suite-Sapphirus_Systems_Pvt_Ltd" title="com.cucumber.TestRunner.AdminRecentCertificateGenerationsandVerificationsSendMailRunner" class="method navigator-link" hash-for-method="feature(Institution User - Check the flow of Recent Certificate GenerationsandVerification Send Mail)">feature(Institution User - Check the flow of Recent Certificate GenerationsandVerification Send Mail)</a> <!-- method navigator-link -->
                      </span>
                      <br/>
                      <span>
                        <img src="passed.png" width="3%"/>
                        <a href="#" panel-name="suite-Sapphirus_Systems_Pvt_Ltd" title="com.cucumber.TestRunner.UserInternalPrintingCSVFileStudentEmailWithoutSpecialCharectersRunner" class="method navigator-link" hash-for-method="feature(Institution User - Check the flow of User Internal Printing CSV File Student Email Without Special C...)">feature(Institution User - Check the flow of User Internal Printing CSV File Student Email Without Special C...)</a> <!-- method navigator-link -->
                      </span>
                      <br/>
                      <span>
                        <img src="passed.png" width="3%"/>
                        <a href="#" panel-name="suite-Sapphirus_Systems_Pvt_Ltd" title="com.cucumber.TestRunner.UserGenerateBulkByUploadingPDFfileRunner" class="method navigator-link" hash-for-method="feature(Institution User - Check the flow of User Bulk By Uploading the PDF File)">feature(Institution User - Check the flow of User Bulk By Uploading the PDF File)</a> <!-- method navigator-link -->
                      </span>
                      <br/>
                      <span>
                        <img src="passed.png" width="3%"/>
                        <a href="#" panel-name="suite-Sapphirus_Systems_Pvt_Ltd" title="com.cucumber.TestRunner.UserGenerateBulkByUploadingJPEGfileRunner" class="method navigator-link" hash-for-method="feature(Institution User - Check the flow of User Bulk By Uploading the JPEG File)">feature(Institution User - Check the flow of User Bulk By Uploading the JPEG File)</a> <!-- method navigator-link -->
                      </span>
                      <br/>
                      <span>
                        <img src="passed.png" width="3%"/>
                        <a href="#" panel-name="suite-Sapphirus_Systems_Pvt_Ltd" title="com.cucumber.TestRunner.UserInternalPrintingCSVFIleStudentNameWithAlphabetsandNumericsRunner" class="method navigator-link" hash-for-method="feature(Institution User - Check the flow of Internal Printing CSV file Student Name With Alphabets and Nume...)">feature(Institution User - Check the flow of Internal Printing CSV file Student Name With Alphabets and Nume...)</a> <!-- method navigator-link -->
                      </span>
                      <br/>
                      <span>
                        <img src="passed.png" width="3%"/>
                        <a href="#" panel-name="suite-Sapphirus_Systems_Pvt_Ltd" title="com.cucumber.TestRunner.UserInternalPrintingByUploadingCSVWithInvalidIssueYearandMonthRunner" class="method navigator-link" hash-for-method="feature(Institution User - Check the flow of Internal Printing with upload the CSV file with invalid issue y...)">feature(Institution User - Check the flow of Internal Printing with upload the CSV file with invalid issue y...)</a> <!-- method navigator-link -->
                      </span>
                      <br/>
                      <span>
                        <img src="passed.png" width="3%"/>
                        <a href="#" panel-name="suite-Sapphirus_Systems_Pvt_Ltd" title="com.cucumber.TestRunner.UserGenerateBulkByUploadCSVFIleWithInvalidCertificateNameRunner" class="method navigator-link" hash-for-method="feature(Institution User - Check the flow of Generate Bulk By Upload CSV File With Invalid Certificate Name)">feature(Institution User - Check the flow of Generate Bulk By Upload CSV File With Invalid Certificate Name)</a> <!-- method navigator-link -->
                      </span>
                      <br/>
                      <span>
                        <img src="passed.png" width="3%"/>
                        <a href="#" panel-name="suite-Sapphirus_Systems_Pvt_Ltd" title="com.cucumber.TestRunner.UserGenerateBulkByUploadingDOCfileRunner" class="method navigator-link" hash-for-method="feature(Institution User - Check the flow of User Bulk By Uploading the DOC File)">feature(Institution User - Check the flow of User Bulk By Uploading the DOC File)</a> <!-- method navigator-link -->
                      </span>
                      <br/>
                      <span>
                        <img src="passed.png" width="3%"/>
                        <a href="#" panel-name="suite-Sapphirus_Systems_Pvt_Ltd" title="com.cucumber.TestRunner.AdminRecentCertificateGenerationsRecallRunner" class="method navigator-link" hash-for-method="feature(Institution User - Check the flow of Recent Certificate Generations Recall)">feature(Institution User - Check the flow of Recent Certificate Generations Recall)</a> <!-- method navigator-link -->
                      </span>
                      <br/>
                      <span>
                        <img src="passed.png" width="3%"/>
                        <a href="#" panel-name="suite-Sapphirus_Systems_Pvt_Ltd" title="com.cucumber.TestRunner.UserGenerateBulkUploadingandRemovethefileRunner" class="method navigator-link" hash-for-method="feature(GenerateBulk)">feature(GenerateBulk)</a> <!-- method navigator-link -->
                      </span>
                      <br/>
                      <span>
                        <img src="passed.png" width="3%"/>
                        <a href="#" panel-name="suite-Sapphirus_Systems_Pvt_Ltd" title="com.cucumber.TestRunner.UserGenerateBulkByUploadingJPGfileRunner" class="method navigator-link" hash-for-method="feature(Institution User - Check the flow of User Bulk By Uploading the JPG File)">feature(Institution User - Check the flow of User Bulk By Uploading the JPG File)</a> <!-- method navigator-link -->
                      </span>
                      <br/>
                      <span>
                        <img src="passed.png" width="3%"/>
                        <a href="#" panel-name="suite-Sapphirus_Systems_Pvt_Ltd" title="com.cucumber.TestRunner.UserGenerateBulkByUploadingWithEmptyAcademicRefNumColumnRunner" class="method navigator-link" hash-for-method="feature(Institution User - Check the flow of Generate Bulk with invalid CSV File - empty academic reference ...)">feature(Institution User - Check the flow of Generate Bulk with invalid CSV File - empty academic reference ...)</a> <!-- method navigator-link -->
                      </span>
                      <br/>
                      <span>
                        <img src="passed.png" width="3%"/>
                        <a href="#" panel-name="suite-Sapphirus_Systems_Pvt_Ltd" title="com.cucumber.TestRunner.AdminRecentCertificateGenerationsandVerificationsQRCodeRunner" class="method navigator-link" hash-for-method="feature(Institution User - Check the flow of Recent Certificate GenerationsandVerification Download QR Code)">feature(Institution User - Check the flow of Recent Certificate GenerationsandVerification Download QR Code)</a> <!-- method navigator-link -->
                      </span>
                      <br/>
                      <span>
                        <img src="passed.png" width="3%"/>
                        <a href="#" panel-name="suite-Sapphirus_Systems_Pvt_Ltd" title="com.cucumber.TestRunner.UserGenerateBulkWithoutSelectingCertificatetypeRunner" class="method navigator-link" hash-for-method="feature(Institution User - Check the flow of User Bulk without selecting the Certificare Type)">feature(Institution User - Check the flow of User Bulk without selecting the Certificare Type)</a> <!-- method navigator-link -->
                      </span>
                      <br/>
                    </div> <!-- method-list-content passed suite-Sapphirus_Systems_Pvt_Ltd -->
                  </li>
                </ul>
              </div> <!-- suite-section-content -->
            </div> <!-- result-section -->
          </div> <!-- navigator-suite-content -->
        </div> <!-- rounded-window -->
      </div> <!-- suite -->
    </div> <!-- navigator-root -->
    <div class="wrapper">
      <div class="main-panel-root">
        <div panel-name="suite-Sapphirus_Systems_Pvt_Ltd" class="panel Sapphirus_Systems_Pvt_Ltd">
          <div class="suite-Sapphirus_Systems_Pvt_Ltd-class-failed">
            <div class="main-panel-header rounded-window-top">
              <img src="failed.png"/>
              <span class="class-name">com.cucumber.TestRunner.UserGeneratedCertificateWithoutSelectingCheckboxesRunner</span>
            </div> <!-- main-panel-header rounded-window-top -->
            <div class="main-panel-content rounded-window-bottom">
              <div class="method">
                <div class="method-content">
                  <a name="feature(Institution User - Check the flow of Generated Certificates without selecting checkboxes)">
                  </a> <!-- feature(Institution User - Check the flow of Generated Certificates without selecting checkboxes) -->
                  <span class="method-name">feature</span>
                  <span class="parameters">(Institution User - Check the flow of Generated Certificates without selecting checkboxes)</span>
                  <div class="stack-trace">cucumber.runtime.CucumberException: org.openqa.selenium.TimeoutException: Expected condition failed: waiting for visibility of [[ChromeDriver: chrome on windows (33cc640a6af20b88024044bce3d322f8)] -&gt; xpath: //a[text()=&apos;Generated Certificates &apos;]] (tried for 30 second(s) with 8000 milliseconds interval)
Build info: version: &apos;4.12.1&apos;, revision: &apos;8e34639b11&apos;
System info: os.name: &apos;Windows 10&apos;, os.arch: &apos;amd64&apos;, os.version: &apos;10.0&apos;, java.version: &apos;11.0.20&apos;
Driver info: driver.version: unknown
	at cucumber.api.testng.TestNGCucumberRunner.runCucumber(TestNGCucumberRunner.java:69)
	at cucumber.api.testng.AbstractTestNGCucumberTests.feature(AbstractTestNGCucumberTests.java:21)
Caused by: org.openqa.selenium.TimeoutException: Expected condition failed: waiting for visibility of [[ChromeDriver: chrome on windows (33cc640a6af20b88024044bce3d322f8)] -&gt; xpath: //a[text()=&apos;Generated Certificates &apos;]] (tried for 30 second(s) with 8000 milliseconds interval)
Build info: version: &apos;4.12.1&apos;, revision: &apos;8e34639b11&apos;
System info: os.name: &apos;Windows 10&apos;, os.arch: &apos;amd64&apos;, os.version: &apos;10.0&apos;, java.version: &apos;11.0.20&apos;
Driver info: driver.version: unknown
	at org.openqa.selenium.support.ui.FluentWait.timeoutException(FluentWait.java:262)
	at org.openqa.selenium.support.ui.FluentWait.until(FluentWait.java:230)
	at com.cucumber.TestBase.TestBase.waitForElement(TestBase.java:84)
	at com.cucumber.PageObjects.UserGeneratedCertificatesWithoutSelectingCheckboxesPageObjects.ClicktheGeneratedCertificates(UserGeneratedCertificatesWithoutSelectingCheckboxesPageObjects.java:52)
	at com.cucumber.stepdefination.UserGeneratedCertificatesWithoutSelectingCheckboxesSteps.click_the_Generated_Certificates(UserGeneratedCertificatesWithoutSelectingCheckboxesSteps.java:36)
	at ✽.Then Click the Generated Certificates(src/test/resources/features/UserGeneratedCertificatesWithoutselectingCheckboxes.feature:8)
... Removed 23 stack frames
</div> <!-- stack-trace -->
                  <em>
(Runs Cucumber Feature)                  </em>
                </div> <!-- method-content -->
              </div> <!-- method -->
            </div> <!-- main-panel-content rounded-window-bottom -->
          </div> <!-- suite-Sapphirus_Systems_Pvt_Ltd-class-failed -->
          <div class="suite-Sapphirus_Systems_Pvt_Ltd-class-failed">
            <div class="main-panel-header rounded-window-top">
              <img src="failed.png"/>
              <span class="class-name">com.cucumber.TestRunner.UserInternalPrintingByUploadInvalidCSVFileRunner</span>
            </div> <!-- main-panel-header rounded-window-top -->
            <div class="main-panel-content rounded-window-bottom">
              <div class="method">
                <div class="method-content">
                  <a name="feature(Institution User - Ccheck the flow of Internal Printing with Upload of CSV File containing Invalid E...)">
                  </a> <!-- feature(Institution User - Ccheck the flow of Internal Printing with Upload of CSV File containing Invalid E...) -->
                  <span class="method-name">feature</span>
                  <span class="parameters">(Institution User - Ccheck the flow of Internal Printing with Upload of CSV File containing Invalid Email, Student Name, and Mobile Number)</span>
                  <div class="stack-trace">cucumber.runtime.CucumberException: org.openqa.selenium.TimeoutException: Expected condition failed: waiting for visibility of [[ChromeDriver: chrome on windows (2de35a228285ce85935971174afecfc9)] -&gt; xpath: //a[text()=&apos;Certificates &apos;]/following-sibling::ul/li[4]/a] (tried for 30 second(s) with 8000 milliseconds interval)
Build info: version: &apos;4.12.1&apos;, revision: &apos;8e34639b11&apos;
System info: os.name: &apos;Windows 10&apos;, os.arch: &apos;amd64&apos;, os.version: &apos;10.0&apos;, java.version: &apos;11.0.20&apos;
Driver info: driver.version: unknown
	at cucumber.api.testng.TestNGCucumberRunner.runCucumber(TestNGCucumberRunner.java:69)
	at cucumber.api.testng.AbstractTestNGCucumberTests.feature(AbstractTestNGCucumberTests.java:21)
Caused by: org.openqa.selenium.TimeoutException: Expected condition failed: waiting for visibility of [[ChromeDriver: chrome on windows (2de35a228285ce85935971174afecfc9)] -&gt; xpath: //a[text()=&apos;Certificates &apos;]/following-sibling::ul/li[4]/a] (tried for 30 second(s) with 8000 milliseconds interval)
Build info: version: &apos;4.12.1&apos;, revision: &apos;8e34639b11&apos;
System info: os.name: &apos;Windows 10&apos;, os.arch: &apos;amd64&apos;, os.version: &apos;10.0&apos;, java.version: &apos;11.0.20&apos;
Driver info: driver.version: unknown
	at org.openqa.selenium.support.ui.FluentWait.timeoutException(FluentWait.java:262)
	at org.openqa.selenium.support.ui.FluentWait.until(FluentWait.java:230)
	at com.cucumber.TestBase.TestBase.waitForElement(TestBase.java:84)
	at com.cucumber.PageObjects.UserInternalPrintingByUploadInvalidCSVFIlePageObjects.select_the_internal_printing(UserInternalPrintingByUploadInvalidCSVFIlePageObjects.java:43)
	at com.cucumber.stepdefination.UserInternalPrintingByUploadInvalidCSVFileSteps.select_the_internal_printing(UserInternalPrintingByUploadInvalidCSVFileSteps.java:38)
	at ✽.And select the internal printing(src/test/resources/features/UserInternalPrintingByUploadInvalidCSVFIle.feature:8)
... Removed 23 stack frames
</div> <!-- stack-trace -->
                  <em>
(Runs Cucumber Feature)                  </em>
                </div> <!-- method-content -->
              </div> <!-- method -->
            </div> <!-- main-panel-content rounded-window-bottom -->
          </div> <!-- suite-Sapphirus_Systems_Pvt_Ltd-class-failed -->
          <div class="suite-Sapphirus_Systems_Pvt_Ltd-class-failed">
            <div class="main-panel-header rounded-window-top">
              <img src="failed.png"/>
              <span class="class-name">com.cucumber.TestRunner.UserGeneratedCertificatesWithoutEnablecheckboxesRunner</span>
            </div> <!-- main-panel-header rounded-window-top -->
            <div class="main-panel-content rounded-window-bottom">
              <div class="method">
                <div class="method-content">
                  <a name="feature(genearated certificate)">
                  </a> <!-- feature(genearated certificate) -->
                  <span class="method-name">feature</span>
                  <span class="parameters">(genearated certificate)</span>
                  <div class="stack-trace">cucumber.runtime.CucumberException: cucumber.runtime.CucumberException: There are undefined steps
	at cucumber.api.testng.TestNGCucumberRunner.runCucumber(TestNGCucumberRunner.java:69)
	at cucumber.api.testng.AbstractTestNGCucumberTests.feature(AbstractTestNGCucumberTests.java:21)
Caused by: cucumber.runtime.CucumberException: There are undefined steps
	at cucumber.api.testng.FeatureResultListener.collectError(FeatureResultListener.java:60)
	at cucumber.api.testng.FeatureResultListener.result(FeatureResultListener.java:45)
	at cucumber.runtime.Runtime.runStep(Runtime.java:282)
	at cucumber.runtime.model.StepContainer.runStep(StepContainer.java:44)
	at cucumber.runtime.model.StepContainer.runSteps(StepContainer.java:39)
	at cucumber.runtime.model.CucumberScenario.run(CucumberScenario.java:44)
	at cucumber.runtime.model.CucumberFeature.run(CucumberFeature.java:165)
	at cucumber.api.testng.TestNGCucumberRunner.runCucumber(TestNGCucumberRunner.java:63)
	... 24 more
... Removed 23 stack frames
</div> <!-- stack-trace -->
                  <em>
(Runs Cucumber Feature)                  </em>
                </div> <!-- method-content -->
              </div> <!-- method -->
            </div> <!-- main-panel-content rounded-window-bottom -->
          </div> <!-- suite-Sapphirus_Systems_Pvt_Ltd-class-failed -->
          <div class="suite-Sapphirus_Systems_Pvt_Ltd-class-failed">
            <div class="main-panel-header rounded-window-top">
              <img src="failed.png"/>
              <span class="class-name">com.cucumber.TestRunner.UserInternalPrintingCSVFileStudentEmailWithAlphabetsandNumericsRunner</span>
            </div> <!-- main-panel-header rounded-window-top -->
            <div class="main-panel-content rounded-window-bottom">
              <div class="method">
                <div class="method-content">
                  <a name="feature(Institution User - Check the flow of User Internal Printing CSV File Student Email With Alphabets an...)">
                  </a> <!-- feature(Institution User - Check the flow of User Internal Printing CSV File Student Email With Alphabets an...) -->
                  <span class="method-name">feature</span>
                  <span class="parameters">(Institution User - Check the flow of User Internal Printing CSV File Student Email With Alphabets and Numerics)</span>
                  <div class="stack-trace">cucumber.runtime.CucumberException: org.openqa.selenium.ElementNotInteractableException: element not interactable
  (Session info: chrome=123.0.6312.60)
Build info: version: &apos;4.12.1&apos;, revision: &apos;8e34639b11&apos;
System info: os.name: &apos;Windows 10&apos;, os.arch: &apos;amd64&apos;, os.version: &apos;10.0&apos;, java.version: &apos;11.0.20&apos;
Driver info: org.openqa.selenium.chrome.ChromeDriver
Command: [c1e523789a204db7163639ed39f136c1, clickElement {id=f.D71D62CF17A117362064B4AE81D4170A.d.0D397D2B7D79DAF0CF230D081A1577FF.e.714}]
Capabilities {acceptInsecureCerts: false, browserName: chrome, browserVersion: 123.0.6312.60, chrome: {chromedriverVersion: 123.0.6312.58 (6b4b19e9dfbb..., userDataDir: C:\Users\admin\AppData\Loca...}, fedcm:accounts: true, goog:chromeOptions: {debuggerAddress: localhost:51051}, networkConnectionEnabled: false, pageLoadStrategy: normal, platformName: windows, proxy: Proxy(), se:cdp: ws://localhost:51051/devtoo..., se:cdpVersion: 123.0.6312.60, setWindowRect: true, strictFileInteractability: false, timeouts: {implicit: 0, pageLoad: 300000, script: 30000}, unhandledPromptBehavior: dismiss and notify, webauthn:extension:credBlob: true, webauthn:extension:largeBlob: true, webauthn:extension:minPinLength: true, webauthn:extension:prf: true, webauthn:virtualAuthenticators: true}
Element: [[ChromeDriver: chrome on windows (c1e523789a204db7163639ed39f136c1)] -&gt; xpath: //a[text()=&apos;Internal Printing &apos;]]
Session ID: c1e523789a204db7163639ed39f136c1
	at cucumber.api.testng.TestNGCucumberRunner.runCucumber(TestNGCucumberRunner.java:69)
	at cucumber.api.testng.AbstractTestNGCucumberTests.feature(AbstractTestNGCucumberTests.java:21)
Caused by: org.openqa.selenium.ElementNotInteractableException: element not interactable
  (Session info: chrome=123.0.6312.60)
Build info: version: &apos;4.12.1&apos;, revision: &apos;8e34639b11&apos;
System info: os.name: &apos;Windows 10&apos;, os.arch: &apos;amd64&apos;, os.version: &apos;10.0&apos;, java.version: &apos;11.0.20&apos;
Driver info: org.openqa.selenium.chrome.ChromeDriver
Command: [c1e523789a204db7163639ed39f136c1, clickElement {id=f.D71D62CF17A117362064B4AE81D4170A.d.0D397D2B7D79DAF0CF230D081A1577FF.e.714}]
Capabilities {acceptInsecureCerts: false, browserName: chrome, browserVersion: 123.0.6312.60, chrome: {chromedriverVersion: 123.0.6312.58 (6b4b19e9dfbb..., userDataDir: C:\Users\admin\AppData\Loca...}, fedcm:accounts: true, goog:chromeOptions: {debuggerAddress: localhost:51051}, networkConnectionEnabled: false, pageLoadStrategy: normal, platformName: windows, proxy: Proxy(), se:cdp: ws://localhost:51051/devtoo..., se:cdpVersion: 123.0.6312.60, setWindowRect: true, strictFileInteractability: false, timeouts: {implicit: 0, pageLoad: 300000, script: 30000}, unhandledPromptBehavior: dismiss and notify, webauthn:extension:credBlob: true, webauthn:extension:largeBlob: true, webauthn:extension:minPinLength: true, webauthn:extension:prf: true, webauthn:virtualAuthenticators: true}
Element: [[ChromeDriver: chrome on windows (c1e523789a204db7163639ed39f136c1)] -&gt; xpath: //a[text()=&apos;Internal Printing &apos;]]
Session ID: c1e523789a204db7163639ed39f136c1
	at org.openqa.selenium.remote.codec.w3c.W3CHttpResponseCodec.createException(W3CHttpResponseCodec.java:200)
	at org.openqa.selenium.remote.codec.w3c.W3CHttpResponseCodec.decode(W3CHttpResponseCodec.java:133)
	at org.openqa.selenium.remote.codec.w3c.W3CHttpResponseCodec.decode(W3CHttpResponseCodec.java:52)
	at org.openqa.selenium.remote.HttpCommandExecutor.execute(HttpCommandExecutor.java:191)
	at org.openqa.selenium.remote.service.DriverCommandExecutor.invokeExecute(DriverCommandExecutor.java:196)
	at org.openqa.selenium.remote.service.DriverCommandExecutor.execute(DriverCommandExecutor.java:171)
	at org.openqa.selenium.remote.RemoteWebDriver.execute(RemoteWebDriver.java:602)
	at org.openqa.selenium.remote.RemoteWebElement.execute(RemoteWebElement.java:224)
	at org.openqa.selenium.remote.RemoteWebElement.click(RemoteWebElement.java:77)
	at com.cucumber.PageObjects.UserInternalPrintingCSVFileStudentEmailWithAlphabetsandNumericsPageObjects.ClickInternalPrintingoption(UserInternalPrintingCSVFileStudentEmailWithAlphabetsandNumericsPageObjects.java:42)
	at com.cucumber.stepdefination.UserInternalPrintingCSVFileStudentEmailWithAlphabetsandNumericsSteps.click_Internal_Printing_option(UserInternalPrintingCSVFileStudentEmailWithAlphabetsandNumericsSteps.java:34)
	at ✽.Then Click Internal Printing option(src/test/resources/features/UserInternalPrintingCSVFileStudentEmailWithAlphabetsandNumerics.feature:7)
... Removed 28 stack frames
</div> <!-- stack-trace -->
                  <em>
(Runs Cucumber Feature)                  </em>
                </div> <!-- method-content -->
              </div> <!-- method -->
            </div> <!-- main-panel-content rounded-window-bottom -->
          </div> <!-- suite-Sapphirus_Systems_Pvt_Ltd-class-failed -->
          <div class="suite-Sapphirus_Systems_Pvt_Ltd-class-passed">
            <div class="main-panel-header rounded-window-top">
              <img src="passed.png"/>
              <span class="class-name">com.cucumber.TestRunner.UserGenerateBulkByUploadCSVFIleWithInvalidCertificateNameRunner</span>
            </div> <!-- main-panel-header rounded-window-top -->
            <div class="main-panel-content rounded-window-bottom">
              <div class="method">
                <div class="method-content">
                  <a name="feature(Institution User - Check the flow of Generate Bulk By Upload CSV File With Invalid Certificate Name)">
                  </a> <!-- feature(Institution User - Check the flow of Generate Bulk By Upload CSV File With Invalid Certificate Name) -->
                  <span class="method-name">feature</span>
                  <span class="parameters">(Institution User - Check the flow of Generate Bulk By Upload CSV File With Invalid Certificate Name)</span>
                  <em>
(Runs Cucumber Feature)                  </em>
                </div> <!-- method-content -->
              </div> <!-- method -->
            </div> <!-- main-panel-content rounded-window-bottom -->
          </div> <!-- suite-Sapphirus_Systems_Pvt_Ltd-class-passed -->
          <div class="suite-Sapphirus_Systems_Pvt_Ltd-class-passed">
            <div class="main-panel-header rounded-window-top">
              <img src="passed.png"/>
              <span class="class-name">com.cucumber.TestRunner.UserInternalPrintingCSVFileStudentEmailWithoutSpecialCharectersRunner</span>
            </div> <!-- main-panel-header rounded-window-top -->
            <div class="main-panel-content rounded-window-bottom">
              <div class="method">
                <div class="method-content">
                  <a name="feature(Institution User - Check the flow of User Internal Printing CSV File Student Email Without Special C...)">
                  </a> <!-- feature(Institution User - Check the flow of User Internal Printing CSV File Student Email Without Special C...) -->
                  <span class="method-name">feature</span>
                  <span class="parameters">(Institution User - Check the flow of User Internal Printing CSV File Student Email Without Special Charecters)</span>
                  <em>
(Runs Cucumber Feature)                  </em>
                </div> <!-- method-content -->
              </div> <!-- method -->
            </div> <!-- main-panel-content rounded-window-bottom -->
          </div> <!-- suite-Sapphirus_Systems_Pvt_Ltd-class-passed -->
          <div class="suite-Sapphirus_Systems_Pvt_Ltd-class-passed">
            <div class="main-panel-header rounded-window-top">
              <img src="passed.png"/>
              <span class="class-name">com.cucumber.TestRunner.UserInternalPrintingUploadCSVFIleWithoutEmailIdRunner</span>
            </div> <!-- main-panel-header rounded-window-top -->
            <div class="main-panel-content rounded-window-bottom">
              <div class="method">
                <div class="method-content">
                  <a name="feature(Institution User - Check the flow of Internal Printing   By uploading the CSV File without Student E...)">
                  </a> <!-- feature(Institution User - Check the flow of Internal Printing   By uploading the CSV File without Student E...) -->
                  <span class="method-name">feature</span>
                  <span class="parameters">(Institution User - Check the flow of Internal Printing   By uploading the CSV File without Student Email id column.)</span>
                  <em>
(Runs Cucumber Feature)                  </em>
                </div> <!-- method-content -->
              </div> <!-- method -->
            </div> <!-- main-panel-content rounded-window-bottom -->
          </div> <!-- suite-Sapphirus_Systems_Pvt_Ltd-class-passed -->
          <div class="suite-Sapphirus_Systems_Pvt_Ltd-class-passed">
            <div class="main-panel-header rounded-window-top">
              <img src="passed.png"/>
              <span class="class-name">com.cucumber.TestRunner.UserGenerateBulkUploadCSVFileEmailIDWithSpacesandDotsRunner</span>
            </div> <!-- main-panel-header rounded-window-top -->
            <div class="main-panel-content rounded-window-bottom">
              <div class="method">
                <div class="method-content">
                  <a name="feature(Institution User - Check the flow of Generate bulk Upload CSV File Email id with Sapces and Dots)">
                  </a> <!-- feature(Institution User - Check the flow of Generate bulk Upload CSV File Email id with Sapces and Dots) -->
                  <span class="method-name">feature</span>
                  <span class="parameters">(Institution User - Check the flow of Generate bulk Upload CSV File Email id with Sapces and Dots)</span>
                  <em>
(Runs Cucumber Feature)                  </em>
                </div> <!-- method-content -->
              </div> <!-- method -->
            </div> <!-- main-panel-content rounded-window-bottom -->
          </div> <!-- suite-Sapphirus_Systems_Pvt_Ltd-class-passed -->
          <div class="suite-Sapphirus_Systems_Pvt_Ltd-class-passed">
            <div class="main-panel-header rounded-window-top">
              <img src="passed.png"/>
              <span class="class-name">com.cucumber.TestRunner.UserGenerateBulkByUploadingDOCXfileRunner</span>
            </div> <!-- main-panel-header rounded-window-top -->
            <div class="main-panel-content rounded-window-bottom">
              <div class="method">
                <div class="method-content">
                  <a name="feature(Institution User - Check the flow of User Bulk By Uploading the DOCX File)">
                  </a> <!-- feature(Institution User - Check the flow of User Bulk By Uploading the DOCX File) -->
                  <span class="method-name">feature</span>
                  <span class="parameters">(Institution User - Check the flow of User Bulk By Uploading the DOCX File)</span>
                  <em>
(Runs Cucumber Feature)                  </em>
                </div> <!-- method-content -->
              </div> <!-- method -->
            </div> <!-- main-panel-content rounded-window-bottom -->
          </div> <!-- suite-Sapphirus_Systems_Pvt_Ltd-class-passed -->
          <div class="suite-Sapphirus_Systems_Pvt_Ltd-class-passed">
            <div class="main-panel-header rounded-window-top">
              <img src="passed.png"/>
              <span class="class-name">com.cucumber.TestRunner.AdminRecentCertificateGenerationsRevokeRunner</span>
            </div> <!-- main-panel-header rounded-window-top -->
            <div class="main-panel-content rounded-window-bottom">
              <div class="method">
                <div class="method-content">
                  <a name="feature(Institution Admin - Check the flow of Recent Certificate Generations Revoke)">
                  </a> <!-- feature(Institution Admin - Check the flow of Recent Certificate Generations Revoke) -->
                  <span class="method-name">feature</span>
                  <span class="parameters">(Institution Admin - Check the flow of Recent Certificate Generations Revoke)</span>
                  <em>
(Runs Cucumber Feature)                  </em>
                </div> <!-- method-content -->
              </div> <!-- method -->
            </div> <!-- main-panel-content rounded-window-bottom -->
          </div> <!-- suite-Sapphirus_Systems_Pvt_Ltd-class-passed -->
          <div class="suite-Sapphirus_Systems_Pvt_Ltd-class-passed">
            <div class="main-panel-header rounded-window-top">
              <img src="passed.png"/>
              <span class="class-name">com.cucumber.TestRunner.UserGenerateBulkUploadingandRemovethefileRunner</span>
            </div> <!-- main-panel-header rounded-window-top -->
            <div class="main-panel-content rounded-window-bottom">
              <div class="method">
                <div class="method-content">
                  <a name="feature(GenerateBulk)">
                  </a> <!-- feature(GenerateBulk) -->
                  <span class="method-name">feature</span>
                  <span class="parameters">(GenerateBulk)</span>
                  <em>
(Runs Cucumber Feature)                  </em>
                </div> <!-- method-content -->
              </div> <!-- method -->
            </div> <!-- main-panel-content rounded-window-bottom -->
          </div> <!-- suite-Sapphirus_Systems_Pvt_Ltd-class-passed -->
          <div class="suite-Sapphirus_Systems_Pvt_Ltd-class-passed">
            <div class="main-panel-header rounded-window-top">
              <img src="passed.png"/>
              <span class="class-name">com.cucumber.TestRunner.UserGenerateBulkWithoutSelectingCertificatetypeRunner</span>
            </div> <!-- main-panel-header rounded-window-top -->
            <div class="main-panel-content rounded-window-bottom">
              <div class="method">
                <div class="method-content">
                  <a name="feature(Institution User - Check the flow of User Bulk without selecting the Certificare Type)">
                  </a> <!-- feature(Institution User - Check the flow of User Bulk without selecting the Certificare Type) -->
                  <span class="method-name">feature</span>
                  <span class="parameters">(Institution User - Check the flow of User Bulk without selecting the Certificare Type)</span>
                  <em>
(Runs Cucumber Feature)                  </em>
                </div> <!-- method-content -->
              </div> <!-- method -->
            </div> <!-- main-panel-content rounded-window-bottom -->
          </div> <!-- suite-Sapphirus_Systems_Pvt_Ltd-class-passed -->
          <div class="suite-Sapphirus_Systems_Pvt_Ltd-class-passed">
            <div class="main-panel-header rounded-window-top">
              <img src="passed.png"/>
              <span class="class-name">com.cucumber.TestRunner.AdminGeneratedCertificatesNewMailEditRunner</span>
            </div> <!-- main-panel-header rounded-window-top -->
            <div class="main-panel-content rounded-window-bottom">
              <div class="method">
                <div class="method-content">
                  <a name="feature(Institution Admin - Check the flow of New Mail Edit)">
                  </a> <!-- feature(Institution Admin - Check the flow of New Mail Edit) -->
                  <span class="method-name">feature</span>
                  <span class="parameters">(Institution Admin - Check the flow of New Mail Edit)</span>
                  <em>
(Runs Cucumber Feature)                  </em>
                </div> <!-- method-content -->
              </div> <!-- method -->
            </div> <!-- main-panel-content rounded-window-bottom -->
          </div> <!-- suite-Sapphirus_Systems_Pvt_Ltd-class-passed -->
          <div class="suite-Sapphirus_Systems_Pvt_Ltd-class-passed">
            <div class="main-panel-header rounded-window-top">
              <img src="passed.png"/>
              <span class="class-name">com.cucumber.TestRunner.UserGenerateBulkByUploadingDOCfileRunner</span>
            </div> <!-- main-panel-header rounded-window-top -->
            <div class="main-panel-content rounded-window-bottom">
              <div class="method">
                <div class="method-content">
                  <a name="feature(Institution User - Check the flow of User Bulk By Uploading the DOC File)">
                  </a> <!-- feature(Institution User - Check the flow of User Bulk By Uploading the DOC File) -->
                  <span class="method-name">feature</span>
                  <span class="parameters">(Institution User - Check the flow of User Bulk By Uploading the DOC File)</span>
                  <em>
(Runs Cucumber Feature)                  </em>
                </div> <!-- method-content -->
              </div> <!-- method -->
            </div> <!-- main-panel-content rounded-window-bottom -->
          </div> <!-- suite-Sapphirus_Systems_Pvt_Ltd-class-passed -->
          <div class="suite-Sapphirus_Systems_Pvt_Ltd-class-passed">
            <div class="main-panel-header rounded-window-top">
              <img src="passed.png"/>
              <span class="class-name">com.cucumber.TestRunner.AdminRecentCertificateGenerationsandVerificationsOriginalCertificatesRunner</span>
            </div> <!-- main-panel-header rounded-window-top -->
            <div class="main-panel-content rounded-window-bottom">
              <div class="method">
                <div class="method-content">
                  <a name="feature(Institution User - Check the flow of Recent Certificate GenerationsandVerifications OriginalCertific...)">
                  </a> <!-- feature(Institution User - Check the flow of Recent Certificate GenerationsandVerifications OriginalCertific...) -->
                  <span class="method-name">feature</span>
                  <span class="parameters">(Institution User - Check the flow of Recent Certificate GenerationsandVerifications OriginalCertificates)</span>
                  <em>
(Runs Cucumber Feature)                  </em>
                </div> <!-- method-content -->
              </div> <!-- method -->
            </div> <!-- main-panel-content rounded-window-bottom -->
          </div> <!-- suite-Sapphirus_Systems_Pvt_Ltd-class-passed -->
          <div class="suite-Sapphirus_Systems_Pvt_Ltd-class-passed">
            <div class="main-panel-header rounded-window-top">
              <img src="passed.png"/>
              <span class="class-name">com.cucumber.TestRunner.AdminRecentCertificateGenerationsandVerificationsSendMailRunner</span>
            </div> <!-- main-panel-header rounded-window-top -->
            <div class="main-panel-content rounded-window-bottom">
              <div class="method">
                <div class="method-content">
                  <a name="feature(Institution User - Check the flow of Recent Certificate GenerationsandVerification Send Mail)">
                  </a> <!-- feature(Institution User - Check the flow of Recent Certificate GenerationsandVerification Send Mail) -->
                  <span class="method-name">feature</span>
                  <span class="parameters">(Institution User - Check the flow of Recent Certificate GenerationsandVerification Send Mail)</span>
                  <em>
(Runs Cucumber Feature)                  </em>
                </div> <!-- method-content -->
              </div> <!-- method -->
            </div> <!-- main-panel-content rounded-window-bottom -->
          </div> <!-- suite-Sapphirus_Systems_Pvt_Ltd-class-passed -->
          <div class="suite-Sapphirus_Systems_Pvt_Ltd-class-passed">
            <div class="main-panel-header rounded-window-top">
              <img src="passed.png"/>
              <span class="class-name">com.cucumber.TestRunner.UserGenerateBulkByUploadingJPGfileRunner</span>
            </div> <!-- main-panel-header rounded-window-top -->
            <div class="main-panel-content rounded-window-bottom">
              <div class="method">
                <div class="method-content">
                  <a name="feature(Institution User - Check the flow of User Bulk By Uploading the JPG File)">
                  </a> <!-- feature(Institution User - Check the flow of User Bulk By Uploading the JPG File) -->
                  <span class="method-name">feature</span>
                  <span class="parameters">(Institution User - Check the flow of User Bulk By Uploading the JPG File)</span>
                  <em>
(Runs Cucumber Feature)                  </em>
                </div> <!-- method-content -->
              </div> <!-- method -->
            </div> <!-- main-panel-content rounded-window-bottom -->
          </div> <!-- suite-Sapphirus_Systems_Pvt_Ltd-class-passed -->
          <div class="suite-Sapphirus_Systems_Pvt_Ltd-class-passed">
            <div class="main-panel-header rounded-window-top">
              <img src="passed.png"/>
              <span class="class-name">com.cucumber.TestRunner.AdminRecentCertificateGenerationsandVerificationsQRCodeRunner</span>
            </div> <!-- main-panel-header rounded-window-top -->
            <div class="main-panel-content rounded-window-bottom">
              <div class="method">
                <div class="method-content">
                  <a name="feature(Institution User - Check the flow of Recent Certificate GenerationsandVerification Download QR Code)">
                  </a> <!-- feature(Institution User - Check the flow of Recent Certificate GenerationsandVerification Download QR Code) -->
                  <span class="method-name">feature</span>
                  <span class="parameters">(Institution User - Check the flow of Recent Certificate GenerationsandVerification Download QR Code)</span>
                  <em>
(Runs Cucumber Feature)                  </em>
                </div> <!-- method-content -->
              </div> <!-- method -->
            </div> <!-- main-panel-content rounded-window-bottom -->
          </div> <!-- suite-Sapphirus_Systems_Pvt_Ltd-class-passed -->
          <div class="suite-Sapphirus_Systems_Pvt_Ltd-class-passed">
            <div class="main-panel-header rounded-window-top">
              <img src="passed.png"/>
              <span class="class-name">com.cucumber.TestRunner.UserGenerateBulkByUploadingJPEGfileRunner</span>
            </div> <!-- main-panel-header rounded-window-top -->
            <div class="main-panel-content rounded-window-bottom">
              <div class="method">
                <div class="method-content">
                  <a name="feature(Institution User - Check the flow of User Bulk By Uploading the JPEG File)">
                  </a> <!-- feature(Institution User - Check the flow of User Bulk By Uploading the JPEG File) -->
                  <span class="method-name">feature</span>
                  <span class="parameters">(Institution User - Check the flow of User Bulk By Uploading the JPEG File)</span>
                  <em>
(Runs Cucumber Feature)                  </em>
                </div> <!-- method-content -->
              </div> <!-- method -->
            </div> <!-- main-panel-content rounded-window-bottom -->
          </div> <!-- suite-Sapphirus_Systems_Pvt_Ltd-class-passed -->
          <div class="suite-Sapphirus_Systems_Pvt_Ltd-class-passed">
            <div class="main-panel-header rounded-window-top">
              <img src="passed.png"/>
              <span class="class-name">com.cucumber.TestRunner.UserGenerateBulkByUploadingCombinationOffilesRunner</span>
            </div> <!-- main-panel-header rounded-window-top -->
            <div class="main-panel-content rounded-window-bottom">
              <div class="method">
                <div class="method-content">
                  <a name="feature(Institution User - Check the flow of By uploading the files with the combination of JPG/JPEG/DOC/DOC...)">
                  </a> <!-- feature(Institution User - Check the flow of By uploading the files with the combination of JPG/JPEG/DOC/DOC...) -->
                  <span class="method-name">feature</span>
                  <span class="parameters">(Institution User - Check the flow of By uploading the files with the combination of JPG/JPEG/DOC/DOCX in Bulk Generated certificates)</span>
                  <em>
(Runs Cucumber Feature)                  </em>
                </div> <!-- method-content -->
              </div> <!-- method -->
            </div> <!-- main-panel-content rounded-window-bottom -->
          </div> <!-- suite-Sapphirus_Systems_Pvt_Ltd-class-passed -->
          <div class="suite-Sapphirus_Systems_Pvt_Ltd-class-passed">
            <div class="main-panel-header rounded-window-top">
              <img src="passed.png"/>
              <span class="class-name">com.cucumber.TestRunner.UserInternalPrintingByUploadingCSVWithInvalidIssueYearandMonthRunner</span>
            </div> <!-- main-panel-header rounded-window-top -->
            <div class="main-panel-content rounded-window-bottom">
              <div class="method">
                <div class="method-content">
                  <a name="feature(Institution User - Check the flow of Internal Printing with upload the CSV file with invalid issue y...)">
                  </a> <!-- feature(Institution User - Check the flow of Internal Printing with upload the CSV file with invalid issue y...) -->
                  <span class="method-name">feature</span>
                  <span class="parameters">(Institution User - Check the flow of Internal Printing with upload the CSV file with invalid issue year and month)</span>
                  <em>
(Runs Cucumber Feature)                  </em>
                </div> <!-- method-content -->
              </div> <!-- method -->
            </div> <!-- main-panel-content rounded-window-bottom -->
          </div> <!-- suite-Sapphirus_Systems_Pvt_Ltd-class-passed -->
          <div class="suite-Sapphirus_Systems_Pvt_Ltd-class-passed">
            <div class="main-panel-header rounded-window-top">
              <img src="passed.png"/>
              <span class="class-name">com.cucumber.TestRunner.UserGenerateBulkByUploadingWithEmptyAcademicRefNumColumnRunner</span>
            </div> <!-- main-panel-header rounded-window-top -->
            <div class="main-panel-content rounded-window-bottom">
              <div class="method">
                <div class="method-content">
                  <a name="feature(Institution User - Check the flow of Generate Bulk with invalid CSV File - empty academic reference ...)">
                  </a> <!-- feature(Institution User - Check the flow of Generate Bulk with invalid CSV File - empty academic reference ...) -->
                  <span class="method-name">feature</span>
                  <span class="parameters">(Institution User - Check the flow of Generate Bulk with invalid CSV File - empty academic reference num)</span>
                  <em>
(Runs Cucumber Feature)                  </em>
                </div> <!-- method-content -->
              </div> <!-- method -->
            </div> <!-- main-panel-content rounded-window-bottom -->
          </div> <!-- suite-Sapphirus_Systems_Pvt_Ltd-class-passed -->
          <div class="suite-Sapphirus_Systems_Pvt_Ltd-class-passed">
            <div class="main-panel-header rounded-window-top">
              <img src="passed.png"/>
              <span class="class-name">com.cucumber.TestRunner.UserGenerateBulkByUploadingPDFfileRunner</span>
            </div> <!-- main-panel-header rounded-window-top -->
            <div class="main-panel-content rounded-window-bottom">
              <div class="method">
                <div class="method-content">
                  <a name="feature(Institution User - Check the flow of User Bulk By Uploading the PDF File)">
                  </a> <!-- feature(Institution User - Check the flow of User Bulk By Uploading the PDF File) -->
                  <span class="method-name">feature</span>
                  <span class="parameters">(Institution User - Check the flow of User Bulk By Uploading the PDF File)</span>
                  <em>
(Runs Cucumber Feature)                  </em>
                </div> <!-- method-content -->
              </div> <!-- method -->
            </div> <!-- main-panel-content rounded-window-bottom -->
          </div> <!-- suite-Sapphirus_Systems_Pvt_Ltd-class-passed -->
          <div class="suite-Sapphirus_Systems_Pvt_Ltd-class-passed">
            <div class="main-panel-header rounded-window-top">
              <img src="passed.png"/>
              <span class="class-name">com.cucumber.TestRunner.UserInternalPrintingCSVFIleStudentNameWithAlphabetsandNumericsRunner</span>
            </div> <!-- main-panel-header rounded-window-top -->
            <div class="main-panel-content rounded-window-bottom">
              <div class="method">
                <div class="method-content">
                  <a name="feature(Institution User - Check the flow of Internal Printing CSV file Student Name With Alphabets and Nume...)">
                  </a> <!-- feature(Institution User - Check the flow of Internal Printing CSV file Student Name With Alphabets and Nume...) -->
                  <span class="method-name">feature</span>
                  <span class="parameters">(Institution User - Check the flow of Internal Printing CSV file Student Name With Alphabets and Numeic values)</span>
                  <em>
(Runs Cucumber Feature)                  </em>
                </div> <!-- method-content -->
              </div> <!-- method -->
            </div> <!-- main-panel-content rounded-window-bottom -->
          </div> <!-- suite-Sapphirus_Systems_Pvt_Ltd-class-passed -->
          <div class="suite-Sapphirus_Systems_Pvt_Ltd-class-passed">
            <div class="main-panel-header rounded-window-top">
              <img src="passed.png"/>
              <span class="class-name">com.cucumber.TestRunner.AdminRecentCertificateGenerationsRecallRunner</span>
            </div> <!-- main-panel-header rounded-window-top -->
            <div class="main-panel-content rounded-window-bottom">
              <div class="method">
                <div class="method-content">
                  <a name="feature(Institution User - Check the flow of Recent Certificate Generations Recall)">
                  </a> <!-- feature(Institution User - Check the flow of Recent Certificate Generations Recall) -->
                  <span class="method-name">feature</span>
                  <span class="parameters">(Institution User - Check the flow of Recent Certificate Generations Recall)</span>
                  <em>
(Runs Cucumber Feature)                  </em>
                </div> <!-- method-content -->
              </div> <!-- method -->
            </div> <!-- main-panel-content rounded-window-bottom -->
          </div> <!-- suite-Sapphirus_Systems_Pvt_Ltd-class-passed -->
        </div> <!-- panel Sapphirus_Systems_Pvt_Ltd -->
        <div panel-name="test-xml-Sapphirus_Systems_Pvt_Ltd" class="panel">
          <div class="main-panel-header rounded-window-top">
            <span class="header-content">C:\Users\admin\eclipse-workspace\Learning Chain Automation5\testng.xml</span>
          </div> <!-- main-panel-header rounded-window-top -->
          <div class="main-panel-content rounded-window-bottom">
            <pre>
&lt;?xml version=&quot;1.0&quot; encoding=&quot;UTF-8&quot;?&gt;
&lt;!DOCTYPE suite SYSTEM &quot;http://testng.org/testng-1.0.dtd&quot;&gt;
&lt;suite name=&quot;Sapphirus Systems Pvt Ltd&quot; guice-stage=&quot;DEVELOPMENT&quot;&gt;
  &lt;listeners&gt;
    &lt;listener class-name=&quot;com.cucumber.utility.Listener&quot;/&gt;
  &lt;/listeners&gt;
  &lt;test name=&quot;ChromeBrowser&quot;&gt;
    &lt;parameter name=&quot;browser&quot; value=&quot;chrome&quot;/&gt;
    &lt;classes&gt;
      &lt;class name=&quot;com.cucumber.TestRunner.UserGenerateBulkByUploadingCombinationOffilesRunner&quot;/&gt;
      &lt;class name=&quot;com.cucumber.TestRunner.UserGenerateBulkByUploadingDOCfileRunner&quot;/&gt;
      &lt;class name=&quot;com.cucumber.TestRunner.UserGenerateBulkByUploadingDOCXfileRunner&quot;/&gt;
      &lt;class name=&quot;com.cucumber.TestRunner.UserGenerateBulkByUploadingJPEGfileRunner&quot;/&gt;
      &lt;class name=&quot;com.cucumber.TestRunner.UserGenerateBulkByUploadingJPGfileRunner&quot;/&gt;
      &lt;class name=&quot;com.cucumber.TestRunner.UserGenerateBulkByUploadingPDFfileRunner&quot;/&gt;
      &lt;class name=&quot;com.cucumber.TestRunner.UserGenerateBulkUploadingandRemovethefileRunner&quot;/&gt;
      &lt;class name=&quot;com.cucumber.TestRunner.UserGenerateBulkWithoutSelectingCertificatetypeRunner&quot;/&gt;
      &lt;class name=&quot;com.cucumber.TestRunner.AdminGeneratedCertificatesNewMailEditRunner&quot;/&gt;
      &lt;class name=&quot;com.cucumber.TestRunner.AdminRecentCertificateGenerationsandVerificationsOriginalCertificatesRunner&quot;/&gt;
      &lt;class name=&quot;com.cucumber.TestRunner.AdminRecentCertificateGenerationsandVerificationsQRCodeRunner&quot;/&gt;
      &lt;class name=&quot;com.cucumber.TestRunner.AdminRecentCertificateGenerationsandVerificationsSendMailRunner&quot;/&gt;
      &lt;class name=&quot;com.cucumber.TestRunner.AdminRecentCertificateGenerationsRecallRunner&quot;/&gt;
      &lt;class name=&quot;com.cucumber.TestRunner.AdminRecentCertificateGenerationsRevokeRunner&quot;/&gt;
      &lt;class name=&quot;com.cucumber.TestRunner.UserInternalPrintingCSVFileStudentEmailWithoutSpecialCharectersRunner&quot;/&gt;
      &lt;class name=&quot;com.cucumber.TestRunner.UserInternalPrintingCSVFileStudentEmailWithAlphabetsandNumericsRunner&quot;/&gt;
      &lt;class name=&quot;com.cucumber.TestRunner.UserGeneratedCertificateWithoutSelectingCheckboxesRunner&quot;/&gt;
      &lt;class name=&quot;com.cucumber.TestRunner.UserInternalPrintingByUploadInvalidCSVFileRunner&quot;/&gt;
      &lt;class name=&quot;com.cucumber.TestRunner.UserInternalPrintingCSVFIleStudentNameWithAlphabetsandNumericsRunner&quot;/&gt;
      &lt;class name=&quot;com.cucumber.TestRunner.UserInternalPrintingByUploadingCSVWithInvalidIssueYearandMonthRunner&quot;/&gt;
      &lt;class name=&quot;com.cucumber.TestRunner.UserInternalPrintingUploadCSVFIleWithoutEmailIdRunner&quot;/&gt;
      &lt;class name=&quot;com.cucumber.TestRunner.UserGenerateBulkUploadCSVFileEmailIDWithSpacesandDotsRunner&quot;/&gt;
      &lt;class name=&quot;com.cucumber.TestRunner.UserGenerateBulkByUploadingWithEmptyAcademicRefNumColumnRunner&quot;/&gt;
      &lt;class name=&quot;com.cucumber.TestRunner.UserGenerateBulkByUploadCSVFIleWithInvalidCertificateNameRunner&quot;/&gt;
      &lt;class name=&quot;com.cucumber.TestRunner.UserGeneratedCertificatesWithoutEnablecheckboxesRunner&quot;/&gt;
    &lt;/classes&gt;
  &lt;/test&gt; &lt;!-- ChromeBrowser --&gt;
  &lt;test name=&quot;ChromeBrowser(failed)&quot;&gt;
    &lt;parameter name=&quot;browser&quot; value=&quot;chrome&quot;/&gt;
    &lt;classes&gt;
      &lt;class name=&quot;com.cucumber.TestRunner.UserInternalPrintingCSVFileStudentEmailWithoutSpecialCharectersRunner&quot;&gt;
        &lt;methods&gt;
          &lt;include name=&quot;setUpClass&quot;/&gt;
          &lt;include name=&quot;beforeclass&quot;/&gt;
          &lt;include name=&quot;testDownClass&quot;/&gt;
          &lt;include name=&quot;tearDownClass&quot;/&gt;
        &lt;/methods&gt;
      &lt;/class&gt; &lt;!-- com.cucumber.TestRunner.UserInternalPrintingCSVFileStudentEmailWithoutSpecialCharectersRunner --&gt;
      &lt;class name=&quot;com.cucumber.TestRunner.UserInternalPrintingUploadCSVFIleWithoutEmailIdRunner&quot;&gt;
        &lt;methods&gt;
          &lt;include name=&quot;beforeclass&quot;/&gt;
          &lt;include name=&quot;setUpClass&quot;/&gt;
          &lt;include name=&quot;tearDownClass&quot;/&gt;
          &lt;include name=&quot;testDownClass&quot;/&gt;
        &lt;/methods&gt;
      &lt;/class&gt; &lt;!-- com.cucumber.TestRunner.UserInternalPrintingUploadCSVFIleWithoutEmailIdRunner --&gt;
      &lt;class name=&quot;com.cucumber.TestRunner.UserGeneratedCertificateWithoutSelectingCheckboxesRunner&quot;&gt;
        &lt;methods&gt;
          &lt;include name=&quot;setUpClass&quot;/&gt;
          &lt;include name=&quot;feature&quot; invocation-numbers=&quot;0&quot;/&gt;
          &lt;include name=&quot;testDownClass&quot;/&gt;
          &lt;include name=&quot;tearDownClass&quot;/&gt;
          &lt;include name=&quot;beforeclass&quot;/&gt;
        &lt;/methods&gt;
      &lt;/class&gt; &lt;!-- com.cucumber.TestRunner.UserGeneratedCertificateWithoutSelectingCheckboxesRunner --&gt;
      &lt;class name=&quot;com.cucumber.TestRunner.AdminRecentCertificateGenerationsandVerificationsOriginalCertificatesRunner&quot;&gt;
        &lt;methods&gt;
          &lt;include name=&quot;beforeclass&quot;/&gt;
          &lt;include name=&quot;setUpClass&quot;/&gt;
          &lt;include name=&quot;testDownClass&quot;/&gt;
          &lt;include name=&quot;tearDownClass&quot;/&gt;
        &lt;/methods&gt;
      &lt;/class&gt; &lt;!-- com.cucumber.TestRunner.AdminRecentCertificateGenerationsandVerificationsOriginalCertificatesRunner --&gt;
      &lt;class name=&quot;com.cucumber.TestRunner.AdminRecentCertificateGenerationsandVerificationsSendMailRunner&quot;&gt;
        &lt;methods&gt;
          &lt;include name=&quot;testDownClass&quot;/&gt;
          &lt;include name=&quot;setUpClass&quot;/&gt;
          &lt;include name=&quot;beforeclass&quot;/&gt;
          &lt;include name=&quot;tearDownClass&quot;/&gt;
        &lt;/methods&gt;
      &lt;/class&gt; &lt;!-- com.cucumber.TestRunner.AdminRecentCertificateGenerationsandVerificationsSendMailRunner --&gt;
      &lt;class name=&quot;com.cucumber.TestRunner.UserInternalPrintingByUploadInvalidCSVFileRunner&quot;&gt;
        &lt;methods&gt;
          &lt;include name=&quot;beforeclass&quot;/&gt;
          &lt;include name=&quot;setUpClass&quot;/&gt;
          &lt;include name=&quot;feature&quot; invocation-numbers=&quot;0&quot;/&gt;
          &lt;include name=&quot;testDownClass&quot;/&gt;
          &lt;include name=&quot;tearDownClass&quot;/&gt;
        &lt;/methods&gt;
      &lt;/class&gt; &lt;!-- com.cucumber.TestRunner.UserInternalPrintingByUploadInvalidCSVFileRunner --&gt;
      &lt;class name=&quot;com.cucumber.TestRunner.UserGenerateBulkByUploadingJPGfileRunner&quot;&gt;
        &lt;methods&gt;
          &lt;include name=&quot;setUpClass&quot;/&gt;
          &lt;include name=&quot;beforeclass&quot;/&gt;
          &lt;include name=&quot;testDownClass&quot;/&gt;
          &lt;include name=&quot;tearDownClass&quot;/&gt;
        &lt;/methods&gt;
      &lt;/class&gt; &lt;!-- com.cucumber.TestRunner.UserGenerateBulkByUploadingJPGfileRunner --&gt;
      &lt;class name=&quot;com.cucumber.TestRunner.UserGeneratedCertificatesWithoutEnablecheckboxesRunner&quot;&gt;
        &lt;methods&gt;
          &lt;include name=&quot;setUpClass&quot;/&gt;
          &lt;include name=&quot;beforeclass&quot;/&gt;
          &lt;include name=&quot;feature&quot; invocation-numbers=&quot;0&quot;/&gt;
          &lt;include name=&quot;tearDownClass&quot;/&gt;
          &lt;include name=&quot;testDownClass&quot;/&gt;
        &lt;/methods&gt;
      &lt;/class&gt; &lt;!-- com.cucumber.TestRunner.UserGeneratedCertificatesWithoutEnablecheckboxesRunner --&gt;
      &lt;class name=&quot;com.cucumber.TestRunner.UserGenerateBulkByUploadingWithEmptyAcademicRefNumColumnRunner&quot;&gt;
        &lt;methods&gt;
          &lt;include name=&quot;beforeclass&quot;/&gt;
          &lt;include name=&quot;setUpClass&quot;/&gt;
          &lt;include name=&quot;testDownClass&quot;/&gt;
          &lt;include name=&quot;tearDownClass&quot;/&gt;
        &lt;/methods&gt;
      &lt;/class&gt; &lt;!-- com.cucumber.TestRunner.UserGenerateBulkByUploadingWithEmptyAcademicRefNumColumnRunner --&gt;
      &lt;class name=&quot;com.cucumber.TestRunner.UserInternalPrintingCSVFileStudentEmailWithAlphabetsandNumericsRunner&quot;&gt;
        &lt;methods&gt;
          &lt;include name=&quot;beforeclass&quot;/&gt;
          &lt;include name=&quot;setUpClass&quot;/&gt;
          &lt;include name=&quot;feature&quot; invocation-numbers=&quot;0&quot;/&gt;
          &lt;include name=&quot;testDownClass&quot;/&gt;
          &lt;include name=&quot;tearDownClass&quot;/&gt;
        &lt;/methods&gt;
      &lt;/class&gt; &lt;!-- com.cucumber.TestRunner.UserInternalPrintingCSVFileStudentEmailWithAlphabetsandNumericsRunner --&gt;
      &lt;class name=&quot;com.cucumber.TestRunner.AdminRecentCertificateGenerationsRecallRunner&quot;&gt;
        &lt;methods&gt;
          &lt;include name=&quot;setUpClass&quot;/&gt;
          &lt;include name=&quot;beforeclass&quot;/&gt;
          &lt;include name=&quot;tearDownClass&quot;/&gt;
          &lt;include name=&quot;testDownClass&quot;/&gt;
        &lt;/methods&gt;
      &lt;/class&gt; &lt;!-- com.cucumber.TestRunner.AdminRecentCertificateGenerationsRecallRunner --&gt;
      &lt;class name=&quot;com.cucumber.TestRunner.UserGenerateBulkByUploadCSVFIleWithInvalidCertificateNameRunner&quot;&gt;
        &lt;methods&gt;
          &lt;include name=&quot;testDownClass&quot;/&gt;
          &lt;include name=&quot;setUpClass&quot;/&gt;
          &lt;include name=&quot;beforeclass&quot;/&gt;
          &lt;include name=&quot;tearDownClass&quot;/&gt;
        &lt;/methods&gt;
      &lt;/class&gt; &lt;!-- com.cucumber.TestRunner.UserGenerateBulkByUploadCSVFIleWithInvalidCertificateNameRunner --&gt;
      &lt;class name=&quot;com.cucumber.TestRunner.UserGenerateBulkUploadCSVFileEmailIDWithSpacesandDotsRunner&quot;&gt;
        &lt;methods&gt;
          &lt;include name=&quot;beforeclass&quot;/&gt;
          &lt;include name=&quot;setUpClass&quot;/&gt;
          &lt;include name=&quot;testDownClass&quot;/&gt;
          &lt;include name=&quot;tearDownClass&quot;/&gt;
        &lt;/methods&gt;
      &lt;/class&gt; &lt;!-- com.cucumber.TestRunner.UserGenerateBulkUploadCSVFileEmailIDWithSpacesandDotsRunner --&gt;
      &lt;class name=&quot;com.cucumber.TestRunner.UserGenerateBulkByUploadingDOCXfileRunner&quot;&gt;
        &lt;methods&gt;
          &lt;include name=&quot;testDownClass&quot;/&gt;
          &lt;include name=&quot;setUpClass&quot;/&gt;
          &lt;include name=&quot;beforeclass&quot;/&gt;
          &lt;include name=&quot;tearDownClass&quot;/&gt;
        &lt;/methods&gt;
      &lt;/class&gt; &lt;!-- com.cucumber.TestRunner.UserGenerateBulkByUploadingDOCXfileRunner --&gt;
      &lt;class name=&quot;com.cucumber.TestRunner.UserGenerateBulkWithoutSelectingCertificatetypeRunner&quot;&gt;
        &lt;methods&gt;
          &lt;include name=&quot;beforeclass&quot;/&gt;
          &lt;include name=&quot;setUpClass&quot;/&gt;
          &lt;include name=&quot;testDownClass&quot;/&gt;
          &lt;include name=&quot;tearDownClass&quot;/&gt;
        &lt;/methods&gt;
      &lt;/class&gt; &lt;!-- com.cucumber.TestRunner.UserGenerateBulkWithoutSelectingCertificatetypeRunner --&gt;
      &lt;class name=&quot;com.cucumber.TestRunner.AdminRecentCertificateGenerationsRevokeRunner&quot;&gt;
        &lt;methods&gt;
          &lt;include name=&quot;setUpClass&quot;/&gt;
          &lt;include name=&quot;testDownClass&quot;/&gt;
          &lt;include name=&quot;tearDownClass&quot;/&gt;
          &lt;include name=&quot;beforeclass&quot;/&gt;
        &lt;/methods&gt;
      &lt;/class&gt; &lt;!-- com.cucumber.TestRunner.AdminRecentCertificateGenerationsRevokeRunner --&gt;
      &lt;class name=&quot;com.cucumber.TestRunner.UserGenerateBulkUploadingandRemovethefileRunner&quot;&gt;
        &lt;methods&gt;
          &lt;include name=&quot;testDownClass&quot;/&gt;
          &lt;include name=&quot;setUpClass&quot;/&gt;
          &lt;include name=&quot;beforeclass&quot;/&gt;
          &lt;include name=&quot;tearDownClass&quot;/&gt;
        &lt;/methods&gt;
      &lt;/class&gt; &lt;!-- com.cucumber.TestRunner.UserGenerateBulkUploadingandRemovethefileRunner --&gt;
      &lt;class name=&quot;com.cucumber.TestRunner.AdminGeneratedCertificatesNewMailEditRunner&quot;&gt;
        &lt;methods&gt;
          &lt;include name=&quot;setUpClass&quot;/&gt;
          &lt;include name=&quot;testDownClass&quot;/&gt;
          &lt;include name=&quot;beforeclass&quot;/&gt;
          &lt;include name=&quot;tearDownClass&quot;/&gt;
        &lt;/methods&gt;
      &lt;/class&gt; &lt;!-- com.cucumber.TestRunner.AdminGeneratedCertificatesNewMailEditRunner --&gt;
      &lt;class name=&quot;com.cucumber.TestRunner.UserGenerateBulkByUploadingDOCfileRunner&quot;&gt;
        &lt;methods&gt;
          &lt;include name=&quot;setUpClass&quot;/&gt;
          &lt;include name=&quot;beforeclass&quot;/&gt;
          &lt;include name=&quot;tearDownClass&quot;/&gt;
          &lt;include name=&quot;testDownClass&quot;/&gt;
        &lt;/methods&gt;
      &lt;/class&gt; &lt;!-- com.cucumber.TestRunner.UserGenerateBulkByUploadingDOCfileRunner --&gt;
      &lt;class name=&quot;com.cucumber.TestRunner.AdminRecentCertificateGenerationsandVerificationsQRCodeRunner&quot;&gt;
        &lt;methods&gt;
          &lt;include name=&quot;beforeclass&quot;/&gt;
          &lt;include name=&quot;setUpClass&quot;/&gt;
          &lt;include name=&quot;testDownClass&quot;/&gt;
          &lt;include name=&quot;tearDownClass&quot;/&gt;
        &lt;/methods&gt;
      &lt;/class&gt; &lt;!-- com.cucumber.TestRunner.AdminRecentCertificateGenerationsandVerificationsQRCodeRunner --&gt;
      &lt;class name=&quot;com.cucumber.TestRunner.UserGenerateBulkByUploadingJPEGfileRunner&quot;&gt;
        &lt;methods&gt;
          &lt;include name=&quot;setUpClass&quot;/&gt;
          &lt;include name=&quot;testDownClass&quot;/&gt;
          &lt;include name=&quot;beforeclass&quot;/&gt;
          &lt;include name=&quot;tearDownClass&quot;/&gt;
        &lt;/methods&gt;
      &lt;/class&gt; &lt;!-- com.cucumber.TestRunner.UserGenerateBulkByUploadingJPEGfileRunner --&gt;
      &lt;class name=&quot;com.cucumber.TestRunner.UserGenerateBulkByUploadingCombinationOffilesRunner&quot;&gt;
        &lt;methods&gt;
          &lt;include name=&quot;testDownClass&quot;/&gt;
          &lt;include name=&quot;setUpClass&quot;/&gt;
          &lt;include name=&quot;beforeclass&quot;/&gt;
          &lt;include name=&quot;tearDownClass&quot;/&gt;
        &lt;/methods&gt;
      &lt;/class&gt; &lt;!-- com.cucumber.TestRunner.UserGenerateBulkByUploadingCombinationOffilesRunner --&gt;
      &lt;class name=&quot;com.cucumber.TestRunner.UserInternalPrintingByUploadingCSVWithInvalidIssueYearandMonthRunner&quot;&gt;
        &lt;methods&gt;
          &lt;include name=&quot;testDownClass&quot;/&gt;
          &lt;include name=&quot;setUpClass&quot;/&gt;
          &lt;include name=&quot;beforeclass&quot;/&gt;
          &lt;include name=&quot;tearDownClass&quot;/&gt;
        &lt;/methods&gt;
      &lt;/class&gt; &lt;!-- com.cucumber.TestRunner.UserInternalPrintingByUploadingCSVWithInvalidIssueYearandMonthRunner --&gt;
      &lt;class name=&quot;com.cucumber.TestRunner.UserGenerateBulkByUploadingPDFfileRunner&quot;&gt;
        &lt;methods&gt;
          &lt;include name=&quot;testDownClass&quot;/&gt;
          &lt;include name=&quot;setUpClass&quot;/&gt;
          &lt;include name=&quot;tearDownClass&quot;/&gt;
          &lt;include name=&quot;beforeclass&quot;/&gt;
        &lt;/methods&gt;
      &lt;/class&gt; &lt;!-- com.cucumber.TestRunner.UserGenerateBulkByUploadingPDFfileRunner --&gt;
      &lt;class name=&quot;com.cucumber.TestRunner.UserInternalPrintingCSVFIleStudentNameWithAlphabetsandNumericsRunner&quot;&gt;
        &lt;methods&gt;
          &lt;include name=&quot;testDownClass&quot;/&gt;
          &lt;include name=&quot;setUpClass&quot;/&gt;
          &lt;include name=&quot;beforeclass&quot;/&gt;
          &lt;include name=&quot;tearDownClass&quot;/&gt;
        &lt;/methods&gt;
      &lt;/class&gt; &lt;!-- com.cucumber.TestRunner.UserInternalPrintingCSVFIleStudentNameWithAlphabetsandNumericsRunner --&gt;
    &lt;/classes&gt;
  &lt;/test&gt; &lt;!-- ChromeBrowser(failed) --&gt;
&lt;/suite&gt; &lt;!-- Sapphirus Systems Pvt Ltd --&gt;
            </pre>
          </div> <!-- main-panel-content rounded-window-bottom -->
        </div> <!-- panel -->
        <div panel-name="testlist-Sapphirus_Systems_Pvt_Ltd" class="panel">
          <div class="main-panel-header rounded-window-top">
            <span class="header-content">Tests for Sapphirus Systems Pvt Ltd</span>
          </div> <!-- main-panel-header rounded-window-top -->
          <div class="main-panel-content rounded-window-bottom">
            <ul>
              <li>
                <span class="test-name">ChromeBrowser (25 classes)</span>
              </li>
              <li>
                <span class="test-name">ChromeBrowser(failed) (25 classes)</span>
              </li>
            </ul>
          </div> <!-- main-panel-content rounded-window-bottom -->
        </div> <!-- panel -->
        <div panel-name="group-Sapphirus_Systems_Pvt_Ltd" class="panel">
          <div class="main-panel-header rounded-window-top">
            <span class="header-content">Groups for Sapphirus Systems Pvt Ltd</span>
          </div> <!-- main-panel-header rounded-window-top -->
          <div class="main-panel-content rounded-window-bottom">
            <div class="test-group">
              <span class="test-group-name">cucumber</span>
              <br/>
              <div class="method-in-group">
                <span class="method-in-group-name">feature</span>
                <br/>
              </div> <!-- method-in-group -->
            </div> <!-- test-group -->
          </div> <!-- main-panel-content rounded-window-bottom -->
        </div> <!-- panel -->
        <div panel-name="times-Sapphirus_Systems_Pvt_Ltd" class="panel">
          <div class="main-panel-header rounded-window-top">
            <span class="header-content">Times for Sapphirus Systems Pvt Ltd</span>
          </div> <!-- main-panel-header rounded-window-top -->
          <div class="main-panel-content rounded-window-bottom">
            <div class="times-div">
              <script type="text/javascript">
suiteTableInitFunctions.push('tableData_Sapphirus_Systems_Pvt_Ltd');
function tableData_Sapphirus_Systems_Pvt_Ltd() {
var data = new google.visualization.DataTable();
data.addColumn('number', 'Number');
data.addColumn('string', 'Method');
data.addColumn('string', 'Class');
data.addColumn('number', 'Time (ms)');
data.addRows(25);
data.setCell(0, 0, 0)
data.setCell(0, 1, 'feature')
data.setCell(0, 2, 'com.cucumber.TestRunner.UserGeneratedCertificateWithoutSelectingCheckboxesRunner')
data.setCell(0, 3, 50417);
data.setCell(1, 0, 1)
data.setCell(1, 1, 'feature')
data.setCell(1, 2, 'com.cucumber.TestRunner.UserGenerateBulkUploadCSVFileEmailIDWithSpacesandDotsRunner')
data.setCell(1, 3, 47040);
data.setCell(2, 0, 2)
data.setCell(2, 1, 'feature')
data.setCell(2, 2, 'com.cucumber.TestRunner.UserInternalPrintingByUploadInvalidCSVFileRunner')
data.setCell(2, 3, 45879);
data.setCell(3, 0, 3)
data.setCell(3, 1, 'feature')
data.setCell(3, 2, 'com.cucumber.TestRunner.UserGenerateBulkByUploadingWithEmptyAcademicRefNumColumnRunner')
data.setCell(3, 3, 44881);
data.setCell(4, 0, 4)
data.setCell(4, 1, 'feature')
data.setCell(4, 2, 'com.cucumber.TestRunner.UserGenerateBulkByUploadCSVFIleWithInvalidCertificateNameRunner')
data.setCell(4, 3, 44848);
data.setCell(5, 0, 5)
data.setCell(5, 1, 'feature')
data.setCell(5, 2, 'com.cucumber.TestRunner.UserGenerateBulkByUploadingCombinationOffilesRunner')
data.setCell(5, 3, 41778);
data.setCell(6, 0, 6)
data.setCell(6, 1, 'feature')
data.setCell(6, 2, 'com.cucumber.TestRunner.UserInternalPrintingCSVFIleStudentNameWithAlphabetsandNumericsRunner')
data.setCell(6, 3, 39929);
data.setCell(7, 0, 7)
data.setCell(7, 1, 'feature')
data.setCell(7, 2, 'com.cucumber.TestRunner.UserInternalPrintingByUploadingCSVWithInvalidIssueYearandMonthRunner')
data.setCell(7, 3, 39793);
data.setCell(8, 0, 8)
data.setCell(8, 1, 'feature')
data.setCell(8, 2, 'com.cucumber.TestRunner.UserInternalPrintingUploadCSVFIleWithoutEmailIdRunner')
data.setCell(8, 3, 37199);
data.setCell(9, 0, 9)
data.setCell(9, 1, 'feature')
data.setCell(9, 2, 'com.cucumber.TestRunner.UserInternalPrintingCSVFileStudentEmailWithAlphabetsandNumericsRunner')
data.setCell(9, 3, 30783);
data.setCell(10, 0, 10)
data.setCell(10, 1, 'feature')
data.setCell(10, 2, 'com.cucumber.TestRunner.AdminRecentCertificateGenerationsRecallRunner')
data.setCell(10, 3, 26957);
data.setCell(11, 0, 11)
data.setCell(11, 1, 'feature')
data.setCell(11, 2, 'com.cucumber.TestRunner.AdminGeneratedCertificatesNewMailEditRunner')
data.setCell(11, 3, 25012);
data.setCell(12, 0, 12)
data.setCell(12, 1, 'feature')
data.setCell(12, 2, 'com.cucumber.TestRunner.AdminRecentCertificateGenerationsandVerificationsSendMailRunner')
data.setCell(12, 3, 23076);
data.setCell(13, 0, 13)
data.setCell(13, 1, 'feature')
data.setCell(13, 2, 'com.cucumber.TestRunner.AdminRecentCertificateGenerationsandVerificationsOriginalCertificatesRunner')
data.setCell(13, 3, 22870);
data.setCell(14, 0, 14)
data.setCell(14, 1, 'feature')
data.setCell(14, 2, 'com.cucumber.TestRunner.AdminRecentCertificateGenerationsRevokeRunner')
data.setCell(14, 3, 20851);
data.setCell(15, 0, 15)
data.setCell(15, 1, 'feature')
data.setCell(15, 2, 'com.cucumber.TestRunner.UserGenerateBulkByUploadingPDFfileRunner')
data.setCell(15, 3, 20274);
data.setCell(16, 0, 16)
data.setCell(16, 1, 'feature')
data.setCell(16, 2, 'com.cucumber.TestRunner.AdminRecentCertificateGenerationsandVerificationsQRCodeRunner')
data.setCell(16, 3, 18854);
data.setCell(17, 0, 17)
data.setCell(17, 1, 'feature')
data.setCell(17, 2, 'com.cucumber.TestRunner.UserGenerateBulkByUploadingJPGfileRunner')
data.setCell(17, 3, 17839);
data.setCell(18, 0, 18)
data.setCell(18, 1, 'feature')
data.setCell(18, 2, 'com.cucumber.TestRunner.UserGenerateBulkByUploadingDOCfileRunner')
data.setCell(18, 3, 17837);
data.setCell(19, 0, 19)
data.setCell(19, 1, 'feature')
data.setCell(19, 2, 'com.cucumber.TestRunner.UserGenerateBulkByUploadingDOCXfileRunner')
data.setCell(19, 3, 17826);
data.setCell(20, 0, 20)
data.setCell(20, 1, 'feature')
data.setCell(20, 2, 'com.cucumber.TestRunner.UserGenerateBulkByUploadingJPEGfileRunner')
data.setCell(20, 3, 17789);
data.setCell(21, 0, 21)
data.setCell(21, 1, 'feature')
data.setCell(21, 2, 'com.cucumber.TestRunner.UserGenerateBulkUploadingandRemovethefileRunner')
data.setCell(21, 3, 17002);
data.setCell(22, 0, 22)
data.setCell(22, 1, 'feature')
data.setCell(22, 2, 'com.cucumber.TestRunner.UserInternalPrintingCSVFileStudentEmailWithoutSpecialCharectersRunner')
data.setCell(22, 3, 16644);
data.setCell(23, 0, 23)
data.setCell(23, 1, 'feature')
data.setCell(23, 2, 'com.cucumber.TestRunner.UserGenerateBulkWithoutSelectingCertificatetypeRunner')
data.setCell(23, 3, 16551);
data.setCell(24, 0, 24)
data.setCell(24, 1, 'feature')
data.setCell(24, 2, 'com.cucumber.TestRunner.UserGeneratedCertificatesWithoutEnablecheckboxesRunner')
data.setCell(24, 3, 9);
window.suiteTableData['Sapphirus_Systems_Pvt_Ltd']= { tableData: data, tableDiv: 'times-div-Sapphirus_Systems_Pvt_Ltd'}
return data;
}
              </script>
              <span class="suite-total-time">Total running time: 11 minutes</span>
              <div id="times-div-Sapphirus_Systems_Pvt_Ltd">
              </div> <!-- times-div-Sapphirus_Systems_Pvt_Ltd -->
            </div> <!-- times-div -->
          </div> <!-- main-panel-content rounded-window-bottom -->
        </div> <!-- panel -->
        <div panel-name="reporter-Sapphirus_Systems_Pvt_Ltd" class="panel">
          <div class="main-panel-header rounded-window-top">
            <span class="header-content">Reporter output for Sapphirus Systems Pvt Ltd</span>
          </div> <!-- main-panel-header rounded-window-top -->
          <div class="main-panel-content rounded-window-bottom">
            <div class="reporter-method-div">
              <span class="reporter-method-name">feature(Institution Admin - Check the flow of Recent Certificate Generations Revoke)</span>
              <div class="reporter-method-output-div">
                <span class="reporter-method-output">Completed executing following method : AbstractTestNGCucumberTests.feature</span>
                <span class="reporter-method-output">Test Method resides in com.cucumber.TestRunner.AdminRecentCertificateGenerationsRevokeRunner</span>
                <span class="reporter-method-output">Test Method had the following parameters : nullInstitution Admin - Check the flow of Recent Certificate Generations Revoke,</span>
                <span class="reporter-method-output">Test Status: Pass</span>
              </div> <!-- reporter-method-output-div -->
            </div> <!-- reporter-method-div -->
            <div class="reporter-method-div">
              <span class="reporter-method-name">feature(Institution User - Check the flow of Recent Certificate GenerationsandVerifications OriginalCertific...)</span>
              <div class="reporter-method-output-div">
                <span class="reporter-method-output">Completed executing following method : AbstractTestNGCucumberTests.feature</span>
                <span class="reporter-method-output">Test Method resides in com.cucumber.TestRunner.AdminRecentCertificateGenerationsandVerificationsOriginalCertificatesRunner</span>
                <span class="reporter-method-output">Test Method had the following parameters : nullInstitution User - Check the flow of Recent Certificate GenerationsandVerifications OriginalCertificates,</span>
                <span class="reporter-method-output">Test Status: Pass</span>
              </div> <!-- reporter-method-output-div -->
            </div> <!-- reporter-method-div -->
            <div class="reporter-method-div">
              <span class="reporter-method-name">feature(Institution User - Check the flow of User Bulk By Uploading the DOCX File)</span>
              <div class="reporter-method-output-div">
                <span class="reporter-method-output">Completed executing following method : AbstractTestNGCucumberTests.feature</span>
                <span class="reporter-method-output">Test Method resides in com.cucumber.TestRunner.UserGenerateBulkByUploadingDOCXfileRunner</span>
                <span class="reporter-method-output">Test Method had the following parameters : nullInstitution User - Check the flow of User Bulk By Uploading the DOCX File,</span>
                <span class="reporter-method-output">Test Status: Pass</span>
              </div> <!-- reporter-method-output-div -->
            </div> <!-- reporter-method-div -->
            <div class="reporter-method-div">
              <span class="reporter-method-name">feature(Institution User - Check the flow of Internal Printing   By uploading the CSV File without Student E...)</span>
              <div class="reporter-method-output-div">
                <span class="reporter-method-output">Completed executing following method : AbstractTestNGCucumberTests.feature</span>
                <span class="reporter-method-output">Test Method resides in com.cucumber.TestRunner.UserInternalPrintingUploadCSVFIleWithoutEmailIdRunner</span>
                <span class="reporter-method-output">Test Method had the following parameters : nullInstitution User - Check the flow of Internal Printing   By uploading the CSV File without Student Email id column.,</span>
                <span class="reporter-method-output">Test Status: Pass</span>
              </div> <!-- reporter-method-output-div -->
            </div> <!-- reporter-method-div -->
            <div class="reporter-method-div">
              <span class="reporter-method-name">feature(Institution User - Check the flow of Generate bulk Upload CSV File Email id with Sapces and Dots)</span>
              <div class="reporter-method-output-div">
                <span class="reporter-method-output">Completed executing following method : AbstractTestNGCucumberTests.feature</span>
                <span class="reporter-method-output">Test Method resides in com.cucumber.TestRunner.UserGenerateBulkUploadCSVFileEmailIDWithSpacesandDotsRunner</span>
                <span class="reporter-method-output">Test Method had the following parameters : nullInstitution User - Check the flow of Generate bulk Upload CSV File Email id with Sapces and Dots,</span>
                <span class="reporter-method-output">Test Status: Pass</span>
              </div> <!-- reporter-method-output-div -->
            </div> <!-- reporter-method-div -->
            <div class="reporter-method-div">
              <span class="reporter-method-name">feature(Institution User - Check the flow of By uploading the files with the combination of JPG/JPEG/DOC/DOC...)</span>
              <div class="reporter-method-output-div">
                <span class="reporter-method-output">Completed executing following method : AbstractTestNGCucumberTests.feature</span>
                <span class="reporter-method-output">Test Method resides in com.cucumber.TestRunner.UserGenerateBulkByUploadingCombinationOffilesRunner</span>
                <span class="reporter-method-output">Test Method had the following parameters : nullInstitution User - Check the flow of By uploading the files with the combination of JPG/JPEG/DOC/DOCX in Bulk Generated certificates,</span>
                <span class="reporter-method-output">Test Status: Pass</span>
              </div> <!-- reporter-method-output-div -->
            </div> <!-- reporter-method-div -->
            <div class="reporter-method-div">
              <span class="reporter-method-name">feature(Institution Admin - Check the flow of New Mail Edit)</span>
              <div class="reporter-method-output-div">
                <span class="reporter-method-output">Completed executing following method : AbstractTestNGCucumberTests.feature</span>
                <span class="reporter-method-output">Test Method resides in com.cucumber.TestRunner.AdminGeneratedCertificatesNewMailEditRunner</span>
                <span class="reporter-method-output">Test Method had the following parameters : nullInstitution Admin - Check the flow of New Mail Edit,</span>
                <span class="reporter-method-output">Test Status: Pass</span>
              </div> <!-- reporter-method-output-div -->
            </div> <!-- reporter-method-div -->
            <div class="reporter-method-div">
              <span class="reporter-method-name">feature(Institution User - Check the flow of Recent Certificate GenerationsandVerification Send Mail)</span>
              <div class="reporter-method-output-div">
                <span class="reporter-method-output">Completed executing following method : AbstractTestNGCucumberTests.feature</span>
                <span class="reporter-method-output">Test Method resides in com.cucumber.TestRunner.AdminRecentCertificateGenerationsandVerificationsSendMailRunner</span>
                <span class="reporter-method-output">Test Method had the following parameters : nullInstitution User - Check the flow of Recent Certificate GenerationsandVerification Send Mail,</span>
                <span class="reporter-method-output">Test Status: Pass</span>
              </div> <!-- reporter-method-output-div -->
            </div> <!-- reporter-method-div -->
            <div class="reporter-method-div">
              <span class="reporter-method-name">feature(Institution User - Check the flow of User Internal Printing CSV File Student Email Without Special C...)</span>
              <div class="reporter-method-output-div">
                <span class="reporter-method-output">Completed executing following method : AbstractTestNGCucumberTests.feature</span>
                <span class="reporter-method-output">Test Method resides in com.cucumber.TestRunner.UserInternalPrintingCSVFileStudentEmailWithoutSpecialCharectersRunner</span>
                <span class="reporter-method-output">Test Method had the following parameters : nullInstitution User - Check the flow of User Internal Printing CSV File Student Email Without Special Charecters,</span>
                <span class="reporter-method-output">Test Status: Pass</span>
              </div> <!-- reporter-method-output-div -->
            </div> <!-- reporter-method-div -->
            <div class="reporter-method-div">
              <span class="reporter-method-name">feature(Institution User - Check the flow of User Bulk By Uploading the PDF File)</span>
              <div class="reporter-method-output-div">
                <span class="reporter-method-output">Completed executing following method : AbstractTestNGCucumberTests.feature</span>
                <span class="reporter-method-output">Test Method resides in com.cucumber.TestRunner.UserGenerateBulkByUploadingPDFfileRunner</span>
                <span class="reporter-method-output">Test Method had the following parameters : nullInstitution User - Check the flow of User Bulk By Uploading the PDF File,</span>
                <span class="reporter-method-output">Test Status: Pass</span>
              </div> <!-- reporter-method-output-div -->
            </div> <!-- reporter-method-div -->
            <div class="reporter-method-div">
              <span class="reporter-method-name">feature(Institution User - Check the flow of User Bulk By Uploading the JPEG File)</span>
              <div class="reporter-method-output-div">
                <span class="reporter-method-output">Completed executing following method : AbstractTestNGCucumberTests.feature</span>
                <span class="reporter-method-output">Test Method resides in com.cucumber.TestRunner.UserGenerateBulkByUploadingJPEGfileRunner</span>
                <span class="reporter-method-output">Test Method had the following parameters : nullInstitution User - Check the flow of User Bulk By Uploading the JPEG File,</span>
                <span class="reporter-method-output">Test Status: Pass</span>
              </div> <!-- reporter-method-output-div -->
            </div> <!-- reporter-method-div -->
            <div class="reporter-method-div">
              <span class="reporter-method-name">feature(Institution User - Check the flow of Internal Printing CSV file Student Name With Alphabets and Nume...)</span>
              <div class="reporter-method-output-div">
                <span class="reporter-method-output">Completed executing following method : AbstractTestNGCucumberTests.feature</span>
                <span class="reporter-method-output">Test Method resides in com.cucumber.TestRunner.UserInternalPrintingCSVFIleStudentNameWithAlphabetsandNumericsRunner</span>
                <span class="reporter-method-output">Test Method had the following parameters : nullInstitution User - Check the flow of Internal Printing CSV file Student Name With Alphabets and Numeic values,</span>
                <span class="reporter-method-output">Test Status: Pass</span>
              </div> <!-- reporter-method-output-div -->
            </div> <!-- reporter-method-div -->
            <div class="reporter-method-div">
              <span class="reporter-method-name">feature(Institution User - Check the flow of Internal Printing with upload the CSV file with invalid issue y...)</span>
              <div class="reporter-method-output-div">
                <span class="reporter-method-output">Completed executing following method : AbstractTestNGCucumberTests.feature</span>
                <span class="reporter-method-output">Test Method resides in com.cucumber.TestRunner.UserInternalPrintingByUploadingCSVWithInvalidIssueYearandMonthRunner</span>
                <span class="reporter-method-output">Test Method had the following parameters : nullInstitution User - Check the flow of Internal Printing with upload the CSV file with invalid issue year and month,</span>
                <span class="reporter-method-output">Test Status: Pass</span>
              </div> <!-- reporter-method-output-div -->
            </div> <!-- reporter-method-div -->
            <div class="reporter-method-div">
              <span class="reporter-method-name">feature(Institution User - Check the flow of Generate Bulk By Upload CSV File With Invalid Certificate Name)</span>
              <div class="reporter-method-output-div">
                <span class="reporter-method-output">Completed executing following method : AbstractTestNGCucumberTests.feature</span>
                <span class="reporter-method-output">Test Method resides in com.cucumber.TestRunner.UserGenerateBulkByUploadCSVFIleWithInvalidCertificateNameRunner</span>
                <span class="reporter-method-output">Test Method had the following parameters : nullInstitution User - Check the flow of Generate Bulk By Upload CSV File With Invalid Certificate Name,</span>
                <span class="reporter-method-output">Test Status: Pass</span>
              </div> <!-- reporter-method-output-div -->
            </div> <!-- reporter-method-div -->
            <div class="reporter-method-div">
              <span class="reporter-method-name">feature(Institution User - Check the flow of User Bulk By Uploading the DOC File)</span>
              <div class="reporter-method-output-div">
                <span class="reporter-method-output">Completed executing following method : AbstractTestNGCucumberTests.feature</span>
                <span class="reporter-method-output">Test Method resides in com.cucumber.TestRunner.UserGenerateBulkByUploadingDOCfileRunner</span>
                <span class="reporter-method-output">Test Method had the following parameters : nullInstitution User - Check the flow of User Bulk By Uploading the DOC File,</span>
                <span class="reporter-method-output">Test Status: Pass</span>
              </div> <!-- reporter-method-output-div -->
            </div> <!-- reporter-method-div -->
            <div class="reporter-method-div">
              <span class="reporter-method-name">feature(Institution User - Check the flow of Recent Certificate Generations Recall)</span>
              <div class="reporter-method-output-div">
                <span class="reporter-method-output">Completed executing following method : AbstractTestNGCucumberTests.feature</span>
                <span class="reporter-method-output">Test Method resides in com.cucumber.TestRunner.AdminRecentCertificateGenerationsRecallRunner</span>
                <span class="reporter-method-output">Test Method had the following parameters : nullInstitution User - Check the flow of Recent Certificate Generations Recall,</span>
                <span class="reporter-method-output">Test Status: Pass</span>
              </div> <!-- reporter-method-output-div -->
            </div> <!-- reporter-method-div -->
            <div class="reporter-method-div">
              <span class="reporter-method-name">feature(GenerateBulk)</span>
              <div class="reporter-method-output-div">
                <span class="reporter-method-output">Completed executing following method : AbstractTestNGCucumberTests.feature</span>
                <span class="reporter-method-output">Test Method resides in com.cucumber.TestRunner.UserGenerateBulkUploadingandRemovethefileRunner</span>
                <span class="reporter-method-output">Test Method had the following parameters : nullGenerateBulk,</span>
                <span class="reporter-method-output">Test Status: Pass</span>
              </div> <!-- reporter-method-output-div -->
            </div> <!-- reporter-method-div -->
            <div class="reporter-method-div">
              <span class="reporter-method-name">feature(Institution User - Check the flow of User Bulk By Uploading the JPG File)</span>
              <div class="reporter-method-output-div">
                <span class="reporter-method-output">Completed executing following method : AbstractTestNGCucumberTests.feature</span>
                <span class="reporter-method-output">Test Method resides in com.cucumber.TestRunner.UserGenerateBulkByUploadingJPGfileRunner</span>
                <span class="reporter-method-output">Test Method had the following parameters : nullInstitution User - Check the flow of User Bulk By Uploading the JPG File,</span>
                <span class="reporter-method-output">Test Status: Pass</span>
              </div> <!-- reporter-method-output-div -->
            </div> <!-- reporter-method-div -->
            <div class="reporter-method-div">
              <span class="reporter-method-name">feature(Institution User - Check the flow of Generate Bulk with invalid CSV File - empty academic reference ...)</span>
              <div class="reporter-method-output-div">
                <span class="reporter-method-output">Completed executing following method : AbstractTestNGCucumberTests.feature</span>
                <span class="reporter-method-output">Test Method resides in com.cucumber.TestRunner.UserGenerateBulkByUploadingWithEmptyAcademicRefNumColumnRunner</span>
                <span class="reporter-method-output">Test Method had the following parameters : nullInstitution User - Check the flow of Generate Bulk with invalid CSV File - empty academic reference num,</span>
                <span class="reporter-method-output">Test Status: Pass</span>
              </div> <!-- reporter-method-output-div -->
            </div> <!-- reporter-method-div -->
            <div class="reporter-method-div">
              <span class="reporter-method-name">feature(Institution User - Check the flow of Recent Certificate GenerationsandVerification Download QR Code)</span>
              <div class="reporter-method-output-div">
                <span class="reporter-method-output">Completed executing following method : AbstractTestNGCucumberTests.feature</span>
                <span class="reporter-method-output">Test Method resides in com.cucumber.TestRunner.AdminRecentCertificateGenerationsandVerificationsQRCodeRunner</span>
                <span class="reporter-method-output">Test Method had the following parameters : nullInstitution User - Check the flow of Recent Certificate GenerationsandVerification Download QR Code,</span>
                <span class="reporter-method-output">Test Status: Pass</span>
              </div> <!-- reporter-method-output-div -->
            </div> <!-- reporter-method-div -->
            <div class="reporter-method-div">
              <span class="reporter-method-name">feature(Institution User - Check the flow of User Bulk without selecting the Certificare Type)</span>
              <div class="reporter-method-output-div">
                <span class="reporter-method-output">Completed executing following method : AbstractTestNGCucumberTests.feature</span>
                <span class="reporter-method-output">Test Method resides in com.cucumber.TestRunner.UserGenerateBulkWithoutSelectingCertificatetypeRunner</span>
                <span class="reporter-method-output">Test Method had the following parameters : nullInstitution User - Check the flow of User Bulk without selecting the Certificare Type,</span>
                <span class="reporter-method-output">Test Status: Pass</span>
              </div> <!-- reporter-method-output-div -->
            </div> <!-- reporter-method-div -->
            <div class="reporter-method-div">
              <span class="reporter-method-name">feature(Institution User - Check the flow of User Internal Printing CSV File Student Email With Alphabets an...)</span>
              <div class="reporter-method-output-div">
                <span class="reporter-method-output">Completed executing following method : AbstractTestNGCucumberTests.feature</span>
                <span class="reporter-method-output">Test Method resides in com.cucumber.TestRunner.UserInternalPrintingCSVFileStudentEmailWithAlphabetsandNumericsRunner</span>
                <span class="reporter-method-output">Test Method had the following parameters : nullInstitution User - Check the flow of User Internal Printing CSV File Student Email With Alphabets and Numerics,</span>
                <span class="reporter-method-output">Test Status: Failed</span>
              </div> <!-- reporter-method-output-div -->
            </div> <!-- reporter-method-div -->
            <div class="reporter-method-div">
              <span class="reporter-method-name">feature(Institution User - Check the flow of Generated Certificates without selecting checkboxes)</span>
              <div class="reporter-method-output-div">
                <span class="reporter-method-output">Completed executing following method : AbstractTestNGCucumberTests.feature</span>
                <span class="reporter-method-output">Test Method resides in com.cucumber.TestRunner.UserGeneratedCertificateWithoutSelectingCheckboxesRunner</span>
                <span class="reporter-method-output">Test Method had the following parameters : nullInstitution User - Check the flow of Generated Certificates without selecting checkboxes,</span>
                <span class="reporter-method-output">Test Status: Failed</span>
              </div> <!-- reporter-method-output-div -->
            </div> <!-- reporter-method-div -->
            <div class="reporter-method-div">
              <span class="reporter-method-name">feature(genearated certificate)</span>
              <div class="reporter-method-output-div">
                <span class="reporter-method-output">Completed executing following method : AbstractTestNGCucumberTests.feature</span>
                <span class="reporter-method-output">Test Method resides in com.cucumber.TestRunner.UserGeneratedCertificatesWithoutEnablecheckboxesRunner</span>
                <span class="reporter-method-output">Test Method had the following parameters : nullgenearated certificate,</span>
                <span class="reporter-method-output">Test Status: Failed</span>
              </div> <!-- reporter-method-output-div -->
            </div> <!-- reporter-method-div -->
            <div class="reporter-method-div">
              <span class="reporter-method-name">feature(Institution User - Ccheck the flow of Internal Printing with Upload of CSV File containing Invalid E...)</span>
              <div class="reporter-method-output-div">
                <span class="reporter-method-output">Completed executing following method : AbstractTestNGCucumberTests.feature</span>
                <span class="reporter-method-output">Test Method resides in com.cucumber.TestRunner.UserInternalPrintingByUploadInvalidCSVFileRunner</span>
                <span class="reporter-method-output">Test Method had the following parameters : nullInstitution User - Ccheck the flow of Internal Printing with Upload of CSV File containing Invalid Email, Student Name, and Mobile Number,</span>
                <span class="reporter-method-output">Test Status: Failed</span>
              </div> <!-- reporter-method-output-div -->
            </div> <!-- reporter-method-div -->
          </div> <!-- main-panel-content rounded-window-bottom -->
        </div> <!-- panel -->
        <div panel-name="ignored-methods-Sapphirus_Systems_Pvt_Ltd" class="panel">
          <div class="main-panel-header rounded-window-top">
            <span class="header-content">0 ignored methods</span>
          </div> <!-- main-panel-header rounded-window-top -->
          <div class="main-panel-content rounded-window-bottom">
          </div> <!-- main-panel-content rounded-window-bottom -->
        </div> <!-- panel -->
        <div panel-name="chronological-Sapphirus_Systems_Pvt_Ltd" class="panel">
          <div class="main-panel-header rounded-window-top">
            <span class="header-content">Methods in chronological order</span>
          </div> <!-- main-panel-header rounded-window-top -->
          <div class="main-panel-content rounded-window-bottom">
            <div class="chronological-class">
              <div class="chronological-class-name">com.cucumber.TestRunner.UserGenerateBulkByUploadingCombinationOffilesRunner</div> <!-- chronological-class-name -->
              <div class="configuration-class before">
                <span class="method-name">setUpClass</span>
                <span class="method-start">0 ms</span>
              </div> <!-- configuration-class before -->
              <div class="configuration-class before">
                <span class="method-name">beforeclass(chrome)</span>
                <span class="method-start">699 ms</span>
              </div> <!-- configuration-class before -->
              <div class="test-method">
                <span class="method-name">feature(Institution User - Check the flow of By uploading the files with the combination of JPG/JPEG/DOC/DOC...)</span>
                <span class="method-start">6980 ms</span>
              </div> <!-- test-method -->
              <div class="configuration-class after">
                <span class="method-name">testDownClass</span>
                <span class="method-start">48760 ms</span>
              </div> <!-- configuration-class after -->
              <div class="configuration-class after">
                <span class="method-name">tearDownClass</span>
                <span class="method-start">49010 ms</span>
              </div> <!-- configuration-class after -->
            </div> <!-- chronological-class -->
            <div class="chronological-class">
              <div class="chronological-class-name">com.cucumber.TestRunner.UserGenerateBulkByUploadingDOCfileRunner</div> <!-- chronological-class-name -->
              <div class="configuration-class before">
                <span class="method-name">setUpClass</span>
                <span class="method-start">49512 ms</span>
              </div> <!-- configuration-class before -->
              <div class="configuration-class before">
                <span class="method-name">beforeclass(chrome)</span>
                <span class="method-start">49604 ms</span>
              </div> <!-- configuration-class before -->
              <div class="test-method">
                <span class="method-name">feature(Institution User - Check the flow of User Bulk By Uploading the DOC File)</span>
                <span class="method-start">52876 ms</span>
              </div> <!-- test-method -->
              <div class="configuration-class after">
                <span class="method-name">testDownClass</span>
                <span class="method-start">70714 ms</span>
              </div> <!-- configuration-class after -->
              <div class="configuration-class after">
                <span class="method-name">tearDownClass</span>
                <span class="method-start">70952 ms</span>
              </div> <!-- configuration-class after -->
            </div> <!-- chronological-class -->
            <div class="chronological-class">
              <div class="chronological-class-name">com.cucumber.TestRunner.UserGenerateBulkByUploadingDOCXfileRunner</div> <!-- chronological-class-name -->
              <div class="configuration-class before">
                <span class="method-name">setUpClass</span>
                <span class="method-start">71049 ms</span>
              </div> <!-- configuration-class before -->
              <div class="configuration-class before">
                <span class="method-name">beforeclass(chrome)</span>
                <span class="method-start">71152 ms</span>
              </div> <!-- configuration-class before -->
              <div class="test-method">
                <span class="method-name">feature(Institution User - Check the flow of User Bulk By Uploading the DOCX File)</span>
                <span class="method-start">74590 ms</span>
              </div> <!-- test-method -->
              <div class="configuration-class after">
                <span class="method-name">testDownClass</span>
                <span class="method-start">92417 ms</span>
              </div> <!-- configuration-class after -->
              <div class="configuration-class after">
                <span class="method-name">tearDownClass</span>
                <span class="method-start">92643 ms</span>
              </div> <!-- configuration-class after -->
            </div> <!-- chronological-class -->
            <div class="chronological-class">
              <div class="chronological-class-name">com.cucumber.TestRunner.UserGenerateBulkByUploadingJPEGfileRunner</div> <!-- chronological-class-name -->
              <div class="configuration-class before">
                <span class="method-name">setUpClass</span>
                <span class="method-start">92686 ms</span>
              </div> <!-- configuration-class before -->
              <div class="configuration-class before">
                <span class="method-name">beforeclass(chrome)</span>
                <span class="method-start">92736 ms</span>
              </div> <!-- configuration-class before -->
              <div class="test-method">
                <span class="method-name">feature(Institution User - Check the flow of User Bulk By Uploading the JPEG File)</span>
                <span class="method-start">95528 ms</span>
              </div> <!-- test-method -->
              <div class="configuration-class after">
                <span class="method-name">testDownClass</span>
                <span class="method-start">113318 ms</span>
              </div> <!-- configuration-class after -->
              <div class="configuration-class after">
                <span class="method-name">tearDownClass</span>
                <span class="method-start">113502 ms</span>
              </div> <!-- configuration-class after -->
            </div> <!-- chronological-class -->
            <div class="chronological-class">
              <div class="chronological-class-name">com.cucumber.TestRunner.UserGenerateBulkByUploadingJPGfileRunner</div> <!-- chronological-class-name -->
              <div class="configuration-class before">
                <span class="method-name">setUpClass</span>
                <span class="method-start">113566 ms</span>
              </div> <!-- configuration-class before -->
              <div class="configuration-class before">
                <span class="method-name">beforeclass(chrome)</span>
                <span class="method-start">113623 ms</span>
              </div> <!-- configuration-class before -->
              <div class="test-method">
                <span class="method-name">feature(Institution User - Check the flow of User Bulk By Uploading the JPG File)</span>
                <span class="method-start">117622 ms</span>
              </div> <!-- test-method -->
              <div class="configuration-class after">
                <span class="method-name">testDownClass</span>
                <span class="method-start">135462 ms</span>
              </div> <!-- configuration-class after -->
              <div class="configuration-class after">
                <span class="method-name">tearDownClass</span>
                <span class="method-start">136018 ms</span>
              </div> <!-- configuration-class after -->
            </div> <!-- chronological-class -->
            <div class="chronological-class">
              <div class="chronological-class-name">com.cucumber.TestRunner.UserGenerateBulkByUploadingPDFfileRunner</div> <!-- chronological-class-name -->
              <div class="configuration-class before">
                <span class="method-name">setUpClass</span>
                <span class="method-start">136111 ms</span>
              </div> <!-- configuration-class before -->
              <div class="configuration-class before">
                <span class="method-name">beforeclass(chrome)</span>
                <span class="method-start">136215 ms</span>
              </div> <!-- configuration-class before -->
              <div class="test-method">
                <span class="method-name">feature(Institution User - Check the flow of User Bulk By Uploading the PDF File)</span>
                <span class="method-start">140008 ms</span>
              </div> <!-- test-method -->
              <div class="configuration-class after">
                <span class="method-name">testDownClass</span>
                <span class="method-start">160283 ms</span>
              </div> <!-- configuration-class after -->
              <div class="configuration-class after">
                <span class="method-name">tearDownClass</span>
                <span class="method-start">160530 ms</span>
              </div> <!-- configuration-class after -->
            </div> <!-- chronological-class -->
            <div class="chronological-class">
              <div class="chronological-class-name">com.cucumber.TestRunner.UserGenerateBulkUploadingandRemovethefileRunner</div> <!-- chronological-class-name -->
              <div class="configuration-class before">
                <span class="method-name">setUpClass</span>
                <span class="method-start">160588 ms</span>
              </div> <!-- configuration-class before -->
              <div class="configuration-class before">
                <span class="method-name">beforeclass(chrome)</span>
                <span class="method-start">160666 ms</span>
              </div> <!-- configuration-class before -->
              <div class="test-method">
                <span class="method-name">feature(GenerateBulk)</span>
                <span class="method-start">164561 ms</span>
              </div> <!-- test-method -->
              <div class="configuration-class after">
                <span class="method-name">testDownClass</span>
                <span class="method-start">181564 ms</span>
              </div> <!-- configuration-class after -->
              <div class="configuration-class after">
                <span class="method-name">tearDownClass</span>
                <span class="method-start">181816 ms</span>
              </div> <!-- configuration-class after -->
            </div> <!-- chronological-class -->
            <div class="chronological-class">
              <div class="chronological-class-name">com.cucumber.TestRunner.UserGenerateBulkWithoutSelectingCertificatetypeRunner</div> <!-- chronological-class-name -->
              <div class="configuration-class before">
                <span class="method-name">setUpClass</span>
                <span class="method-start">181891 ms</span>
              </div> <!-- configuration-class before -->
              <div class="configuration-class before">
                <span class="method-name">beforeclass(chrome)</span>
                <span class="method-start">181974 ms</span>
              </div> <!-- configuration-class before -->
              <div class="test-method">
                <span class="method-name">feature(Institution User - Check the flow of User Bulk without selecting the Certificare Type)</span>
                <span class="method-start">185498 ms</span>
              </div> <!-- test-method -->
              <div class="configuration-class after">
                <span class="method-name">testDownClass</span>
                <span class="method-start">202050 ms</span>
              </div> <!-- configuration-class after -->
              <div class="configuration-class after">
                <span class="method-name">tearDownClass</span>
                <span class="method-start">202302 ms</span>
              </div> <!-- configuration-class after -->
            </div> <!-- chronological-class -->
            <div class="chronological-class">
              <div class="chronological-class-name">com.cucumber.TestRunner.AdminGeneratedCertificatesNewMailEditRunner</div> <!-- chronological-class-name -->
              <div class="configuration-class before">
                <span class="method-name">setUpClass</span>
                <span class="method-start">202374 ms</span>
              </div> <!-- configuration-class before -->
              <div class="configuration-class before">
                <span class="method-name">beforeclass(chrome)</span>
                <span class="method-start">202458 ms</span>
              </div> <!-- configuration-class before -->
              <div class="test-method">
                <span class="method-name">feature(Institution Admin - Check the flow of New Mail Edit)</span>
                <span class="method-start">206119 ms</span>
              </div> <!-- test-method -->
              <div class="configuration-class after">
                <span class="method-name">testDownClass</span>
                <span class="method-start">231132 ms</span>
              </div> <!-- configuration-class after -->
              <div class="configuration-class after">
                <span class="method-name">tearDownClass</span>
                <span class="method-start">231383 ms</span>
              </div> <!-- configuration-class after -->
            </div> <!-- chronological-class -->
            <div class="chronological-class">
              <div class="chronological-class-name">com.cucumber.TestRunner.AdminRecentCertificateGenerationsandVerificationsOriginalCertificatesRunner</div> <!-- chronological-class-name -->
              <div class="configuration-class before">
                <span class="method-name">setUpClass</span>
                <span class="method-start">231445 ms</span>
              </div> <!-- configuration-class before -->
              <div class="configuration-class before">
                <span class="method-name">beforeclass(chrome)</span>
                <span class="method-start">231509 ms</span>
              </div> <!-- configuration-class before -->
              <div class="test-method">
                <span class="method-name">feature(Institution User - Check the flow of Recent Certificate GenerationsandVerifications OriginalCertific...)</span>
                <span class="method-start">235081 ms</span>
              </div> <!-- test-method -->
              <div class="configuration-class after">
                <span class="method-name">testDownClass</span>
                <span class="method-start">257952 ms</span>
              </div> <!-- configuration-class after -->
              <div class="configuration-class after">
                <span class="method-name">tearDownClass</span>
                <span class="method-start">258266 ms</span>
              </div> <!-- configuration-class after -->
            </div> <!-- chronological-class -->
            <div class="chronological-class">
              <div class="chronological-class-name">com.cucumber.TestRunner.AdminRecentCertificateGenerationsandVerificationsQRCodeRunner</div> <!-- chronological-class-name -->
              <div class="configuration-class before">
                <span class="method-name">setUpClass</span>
                <span class="method-start">258329 ms</span>
              </div> <!-- configuration-class before -->
              <div class="configuration-class before">
                <span class="method-name">beforeclass(chrome)</span>
                <span class="method-start">258390 ms</span>
              </div> <!-- configuration-class before -->
              <div class="test-method">
                <span class="method-name">feature(Institution User - Check the flow of Recent Certificate GenerationsandVerification Download QR Code)</span>
                <span class="method-start">262413 ms</span>
              </div> <!-- test-method -->
              <div class="configuration-class after">
                <span class="method-name">testDownClass</span>
                <span class="method-start">281268 ms</span>
              </div> <!-- configuration-class after -->
              <div class="configuration-class after">
                <span class="method-name">tearDownClass</span>
                <span class="method-start">281565 ms</span>
              </div> <!-- configuration-class after -->
            </div> <!-- chronological-class -->
            <div class="chronological-class">
              <div class="chronological-class-name">com.cucumber.TestRunner.AdminRecentCertificateGenerationsandVerificationsSendMailRunner</div> <!-- chronological-class-name -->
              <div class="configuration-class before">
                <span class="method-name">setUpClass</span>
                <span class="method-start">281615 ms</span>
              </div> <!-- configuration-class before -->
              <div class="configuration-class before">
                <span class="method-name">beforeclass(chrome)</span>
                <span class="method-start">281697 ms</span>
              </div> <!-- configuration-class before -->
              <div class="test-method">
                <span class="method-name">feature(Institution User - Check the flow of Recent Certificate GenerationsandVerification Send Mail)</span>
                <span class="method-start">285367 ms</span>
              </div> <!-- test-method -->
              <div class="configuration-class after">
                <span class="method-name">testDownClass</span>
                <span class="method-start">308444 ms</span>
              </div> <!-- configuration-class after -->
              <div class="configuration-class after">
                <span class="method-name">tearDownClass</span>
                <span class="method-start">308754 ms</span>
              </div> <!-- configuration-class after -->
            </div> <!-- chronological-class -->
            <div class="chronological-class">
              <div class="chronological-class-name">com.cucumber.TestRunner.AdminRecentCertificateGenerationsRecallRunner</div> <!-- chronological-class-name -->
              <div class="configuration-class before">
                <span class="method-name">setUpClass</span>
                <span class="method-start">308824 ms</span>
              </div> <!-- configuration-class before -->
              <div class="configuration-class before">
                <span class="method-name">beforeclass(chrome)</span>
                <span class="method-start">308888 ms</span>
              </div> <!-- configuration-class before -->
              <div class="test-method">
                <span class="method-name">feature(Institution User - Check the flow of Recent Certificate Generations Recall)</span>
                <span class="method-start">312779 ms</span>
              </div> <!-- test-method -->
              <div class="configuration-class after">
                <span class="method-name">testDownClass</span>
                <span class="method-start">339738 ms</span>
              </div> <!-- configuration-class after -->
              <div class="configuration-class after">
                <span class="method-name">tearDownClass</span>
                <span class="method-start">339983 ms</span>
              </div> <!-- configuration-class after -->
            </div> <!-- chronological-class -->
            <div class="chronological-class">
              <div class="chronological-class-name">com.cucumber.TestRunner.AdminRecentCertificateGenerationsRevokeRunner</div> <!-- chronological-class-name -->
              <div class="configuration-class before">
                <span class="method-name">setUpClass</span>
                <span class="method-start">340018 ms</span>
              </div> <!-- configuration-class before -->
              <div class="configuration-class before">
                <span class="method-name">beforeclass(chrome)</span>
                <span class="method-start">340057 ms</span>
              </div> <!-- configuration-class before -->
              <div class="test-method">
                <span class="method-name">feature(Institution Admin - Check the flow of Recent Certificate Generations Revoke)</span>
                <span class="method-start">343118 ms</span>
              </div> <!-- test-method -->
              <div class="configuration-class after">
                <span class="method-name">testDownClass</span>
                <span class="method-start">363970 ms</span>
              </div> <!-- configuration-class after -->
              <div class="configuration-class after">
                <span class="method-name">tearDownClass</span>
                <span class="method-start">364212 ms</span>
              </div> <!-- configuration-class after -->
            </div> <!-- chronological-class -->
            <div class="chronological-class">
              <div class="chronological-class-name">com.cucumber.TestRunner.UserInternalPrintingCSVFileStudentEmailWithoutSpecialCharectersRunner</div> <!-- chronological-class-name -->
              <div class="configuration-class before">
                <span class="method-name">setUpClass</span>
                <span class="method-start">364266 ms</span>
              </div> <!-- configuration-class before -->
              <div class="configuration-class before">
                <span class="method-name">beforeclass(chrome)</span>
                <span class="method-start">364338 ms</span>
              </div> <!-- configuration-class before -->
              <div class="test-method">
                <span class="method-name">feature(Institution User - Check the flow of User Internal Printing CSV File Student Email Without Special C...)</span>
                <span class="method-start">367951 ms</span>
              </div> <!-- test-method -->
              <div class="configuration-class after">
                <span class="method-name">testDownClass</span>
                <span class="method-start">384596 ms</span>
              </div> <!-- configuration-class after -->
              <div class="configuration-class after">
                <span class="method-name">tearDownClass</span>
                <span class="method-start">384850 ms</span>
              </div> <!-- configuration-class after -->
            </div> <!-- chronological-class -->
            <div class="chronological-class">
              <div class="chronological-class-name">com.cucumber.TestRunner.UserInternalPrintingCSVFileStudentEmailWithAlphabetsandNumericsRunner</div> <!-- chronological-class-name -->
              <div class="configuration-class before">
                <span class="method-name">setUpClass</span>
                <span class="method-start">384905 ms</span>
              </div> <!-- configuration-class before -->
              <div class="configuration-class before">
                <span class="method-name">beforeclass(chrome)</span>
                <span class="method-start">384972 ms</span>
              </div> <!-- configuration-class before -->
              <div class="test-method">
                <img src="failed.png">
                </img>
                <span class="method-name">feature(Institution User - Check the flow of User Internal Printing CSV File Student Email With Alphabets an...)</span>
                <span class="method-start">388546 ms</span>
              </div> <!-- test-method -->
              <div class="configuration-class after">
                <span class="method-name">testDownClass</span>
                <span class="method-start">419333 ms</span>
              </div> <!-- configuration-class after -->
              <div class="configuration-class after">
                <span class="method-name">tearDownClass</span>
                <span class="method-start">419574 ms</span>
              </div> <!-- configuration-class after -->
            </div> <!-- chronological-class -->
            <div class="chronological-class">
              <div class="chronological-class-name">com.cucumber.TestRunner.UserGeneratedCertificateWithoutSelectingCheckboxesRunner</div> <!-- chronological-class-name -->
              <div class="configuration-class before">
                <span class="method-name">setUpClass</span>
                <span class="method-start">419652 ms</span>
              </div> <!-- configuration-class before -->
              <div class="configuration-class before">
                <span class="method-name">beforeclass(chrome)</span>
                <span class="method-start">419720 ms</span>
              </div> <!-- configuration-class before -->
              <div class="test-method">
                <img src="failed.png">
                </img>
                <span class="method-name">feature(Institution User - Check the flow of Generated Certificates without selecting checkboxes)</span>
                <span class="method-start">423417 ms</span>
              </div> <!-- test-method -->
              <div class="configuration-class after">
                <span class="method-name">testDownClass</span>
                <span class="method-start">473835 ms</span>
              </div> <!-- configuration-class after -->
              <div class="configuration-class after">
                <span class="method-name">tearDownClass</span>
                <span class="method-start">474087 ms</span>
              </div> <!-- configuration-class after -->
            </div> <!-- chronological-class -->
            <div class="chronological-class">
              <div class="chronological-class-name">com.cucumber.TestRunner.UserInternalPrintingByUploadInvalidCSVFileRunner</div> <!-- chronological-class-name -->
              <div class="configuration-class before">
                <span class="method-name">setUpClass</span>
                <span class="method-start">474132 ms</span>
              </div> <!-- configuration-class before -->
              <div class="configuration-class before">
                <span class="method-name">beforeclass(chrome)</span>
                <span class="method-start">474182 ms</span>
              </div> <!-- configuration-class before -->
              <div class="test-method">
                <img src="failed.png">
                </img>
                <span class="method-name">feature(Institution User - Ccheck the flow of Internal Printing with Upload of CSV File containing Invalid E...)</span>
                <span class="method-start">477823 ms</span>
              </div> <!-- test-method -->
              <div class="configuration-class after">
                <span class="method-name">testDownClass</span>
                <span class="method-start">523703 ms</span>
              </div> <!-- configuration-class after -->
              <div class="configuration-class after">
                <span class="method-name">tearDownClass</span>
                <span class="method-start">523910 ms</span>
              </div> <!-- configuration-class after -->
            </div> <!-- chronological-class -->
            <div class="chronological-class">
              <div class="chronological-class-name">com.cucumber.TestRunner.UserInternalPrintingCSVFIleStudentNameWithAlphabetsandNumericsRunner</div> <!-- chronological-class-name -->
              <div class="configuration-class before">
                <span class="method-name">setUpClass</span>
                <span class="method-start">523943 ms</span>
              </div> <!-- configuration-class before -->
              <div class="configuration-class before">
                <span class="method-name">beforeclass(chrome)</span>
                <span class="method-start">523979 ms</span>
              </div> <!-- configuration-class before -->
              <div class="test-method">
                <span class="method-name">feature(Institution User - Check the flow of Internal Printing CSV file Student Name With Alphabets and Nume...)</span>
                <span class="method-start">527029 ms</span>
              </div> <!-- test-method -->
              <div class="configuration-class after">
                <span class="method-name">testDownClass</span>
                <span class="method-start">566959 ms</span>
              </div> <!-- configuration-class after -->
              <div class="configuration-class after">
                <span class="method-name">tearDownClass</span>
                <span class="method-start">567143 ms</span>
              </div> <!-- configuration-class after -->
            </div> <!-- chronological-class -->
            <div class="chronological-class">
              <div class="chronological-class-name">com.cucumber.TestRunner.UserInternalPrintingByUploadingCSVWithInvalidIssueYearandMonthRunner</div> <!-- chronological-class-name -->
              <div class="configuration-class before">
                <span class="method-name">setUpClass</span>
                <span class="method-start">567177 ms</span>
              </div> <!-- configuration-class before -->
              <div class="configuration-class before">
                <span class="method-name">beforeclass(chrome)</span>
                <span class="method-start">567218 ms</span>
              </div> <!-- configuration-class before -->
              <div class="test-method">
                <span class="method-name">feature(Institution User - Check the flow of Internal Printing with upload the CSV file with invalid issue y...)</span>
                <span class="method-start">570438 ms</span>
              </div> <!-- test-method -->
              <div class="configuration-class after">
                <span class="method-name">testDownClass</span>
                <span class="method-start">610232 ms</span>
              </div> <!-- configuration-class after -->
              <div class="configuration-class after">
                <span class="method-name">tearDownClass</span>
                <span class="method-start">610542 ms</span>
              </div> <!-- configuration-class after -->
            </div> <!-- chronological-class -->
            <div class="chronological-class">
              <div class="chronological-class-name">com.cucumber.TestRunner.UserInternalPrintingUploadCSVFIleWithoutEmailIdRunner</div> <!-- chronological-class-name -->
              <div class="configuration-class before">
                <span class="method-name">setUpClass</span>
                <span class="method-start">610608 ms</span>
              </div> <!-- configuration-class before -->
              <div class="configuration-class before">
                <span class="method-name">beforeclass(chrome)</span>
                <span class="method-start">610659 ms</span>
              </div> <!-- configuration-class before -->
              <div class="test-method">
                <span class="method-name">feature(Institution User - Check the flow of Internal Printing   By uploading the CSV File without Student E...)</span>
                <span class="method-start">613697 ms</span>
              </div> <!-- test-method -->
              <div class="configuration-class after">
                <span class="method-name">testDownClass</span>
                <span class="method-start">650897 ms</span>
              </div> <!-- configuration-class after -->
              <div class="configuration-class after">
                <span class="method-name">tearDownClass</span>
                <span class="method-start">651150 ms</span>
              </div> <!-- configuration-class after -->
            </div> <!-- chronological-class -->
            <div class="chronological-class">
              <div class="chronological-class-name">com.cucumber.TestRunner.UserGenerateBulkUploadCSVFileEmailIDWithSpacesandDotsRunner</div> <!-- chronological-class-name -->
              <div class="configuration-class before">
                <span class="method-name">setUpClass</span>
                <span class="method-start">651186 ms</span>
              </div> <!-- configuration-class before -->
              <div class="configuration-class before">
                <span class="method-name">beforeclass(chrome)</span>
                <span class="method-start">651231 ms</span>
              </div> <!-- configuration-class before -->
              <div class="test-method">
                <span class="method-name">feature(Institution User - Check the flow of Generate bulk Upload CSV File Email id with Sapces and Dots)</span>
                <span class="method-start">654645 ms</span>
              </div> <!-- test-method -->
              <div class="configuration-class after">
                <span class="method-name">testDownClass</span>
                <span class="method-start">701685 ms</span>
              </div> <!-- configuration-class after -->
              <div class="configuration-class after">
                <span class="method-name">tearDownClass</span>
                <span class="method-start">701925 ms</span>
              </div> <!-- configuration-class after -->
            </div> <!-- chronological-class -->
            <div class="chronological-class">
              <div class="chronological-class-name">com.cucumber.TestRunner.UserGenerateBulkByUploadingWithEmptyAcademicRefNumColumnRunner</div> <!-- chronological-class-name -->
              <div class="configuration-class before">
                <span class="method-name">setUpClass</span>
                <span class="method-start">701984 ms</span>
              </div> <!-- configuration-class before -->
              <div class="configuration-class before">
                <span class="method-name">beforeclass(chrome)</span>
                <span class="method-start">702048 ms</span>
              </div> <!-- configuration-class before -->
              <div class="test-method">
                <span class="method-name">feature(Institution User - Check the flow of Generate Bulk with invalid CSV File - empty academic reference ...)</span>
                <span class="method-start">705479 ms</span>
              </div> <!-- test-method -->
              <div class="configuration-class after">
                <span class="method-name">testDownClass</span>
                <span class="method-start">750361 ms</span>
              </div> <!-- configuration-class after -->
              <div class="configuration-class after">
                <span class="method-name">tearDownClass</span>
                <span class="method-start">750613 ms</span>
              </div> <!-- configuration-class after -->
            </div> <!-- chronological-class -->
            <div class="chronological-class">
              <div class="chronological-class-name">com.cucumber.TestRunner.UserGenerateBulkByUploadCSVFIleWithInvalidCertificateNameRunner</div> <!-- chronological-class-name -->
              <div class="configuration-class before">
                <span class="method-name">setUpClass</span>
                <span class="method-start">750651 ms</span>
              </div> <!-- configuration-class before -->
              <div class="configuration-class before">
                <span class="method-name">beforeclass(chrome)</span>
                <span class="method-start">750693 ms</span>
              </div> <!-- configuration-class before -->
              <div class="test-method">
                <span class="method-name">feature(Institution User - Check the flow of Generate Bulk By Upload CSV File With Invalid Certificate Name)</span>
                <span class="method-start">754060 ms</span>
              </div> <!-- test-method -->
              <div class="configuration-class after">
                <span class="method-name">testDownClass</span>
                <span class="method-start">798909 ms</span>
              </div> <!-- configuration-class after -->
              <div class="configuration-class after">
                <span class="method-name">tearDownClass</span>
                <span class="method-start">799163 ms</span>
              </div> <!-- configuration-class after -->
            </div> <!-- chronological-class -->
            <div class="chronological-class">
              <div class="chronological-class-name">com.cucumber.TestRunner.UserGeneratedCertificatesWithoutEnablecheckboxesRunner</div> <!-- chronological-class-name -->
              <div class="configuration-class before">
                <span class="method-name">setUpClass</span>
                <span class="method-start">799210 ms</span>
              </div> <!-- configuration-class before -->
              <div class="configuration-class before">
                <span class="method-name">beforeclass(chrome)</span>
                <span class="method-start">799276 ms</span>
              </div> <!-- configuration-class before -->
              <div class="test-method">
                <img src="failed.png">
                </img>
                <span class="method-name">feature(genearated certificate)</span>
                <span class="method-start">802877 ms</span>
              </div> <!-- test-method -->
              <div class="configuration-class after">
                <span class="method-name">testDownClass</span>
                <span class="method-start">802887 ms</span>
              </div> <!-- configuration-class after -->
              <div class="configuration-class after">
                <span class="method-name">tearDownClass</span>
                <span class="method-start">803085 ms</span>
              </div> <!-- configuration-class after -->
          </div> <!-- main-panel-content rounded-window-bottom -->
        </div> <!-- panel -->
      </div> <!-- main-panel-root -->
    </div> <!-- wrapper -->
  </body>
</html>
