<html>
<head>
<title>TestNG:  ChromeBrowser</title>
<link href="../testng.css" rel="stylesheet" type="text/css" />
<link href="../my-testng.css" rel="stylesheet" type="text/css" />

<style type="text/css">
.log { display: none;} 
.stack-trace { display: none;} 
</style>
<script type="text/javascript">
<!--
function flip(e) {
  current = e.style.display;
  if (current == 'block') {
    e.style.display = 'none';
    return 0;
  }
  else {
    e.style.display = 'block';
    return 1;
  }
}

function toggleBox(szDivId, elem, msg1, msg2)
{
  var res = -1;  if (document.getElementById) {
    res = flip(document.getElementById(szDivId));
  }
  else if (document.all) {
    // this is the way old msie versions work
    res = flip(document.all[szDivId]);
  }
  if(elem) {
    if(res == 0) elem.innerHTML = msg1; else elem.innerHTML = msg2;
  }

}

function toggleAllBoxes() {
  if (document.getElementsByTagName) {
    d = document.getElementsByTagName('div');
    for (i = 0; i < d.length; i++) {
      if (d[i].className == 'log') {
        flip(d[i]);
      }
    }
  }
}

// -->
</script>

</head>
<body>
<h2 align='center'>ChromeBrowser</h2><table border='1' align="center">
<tr>
<td>Tests passed/Failed/Skipped:</td><td>21/4/0</td>
</tr><tr>
<td>Started on:</td><td>Thu Mar 28 22:16:56 IST 2024</td>
</tr>
<tr><td>Total time:</td><td>803 seconds (803167 ms)</td>
</tr><tr>
<td>Included groups:</td><td></td>
</tr><tr>
<td>Excluded groups:</td><td></td>
</tr>
</table><p/>
<small><i>(Hover the method name to see the test class name)</i></small><p/>
<table width='100%' border='1' class='invocation-failed'>
<tr><td colspan='4' align='center'><b>FAILED TESTS</b></td></tr>
<tr><td><b>Test method</b></td>
<td width="30%"><b>Exception</b></td>
<td width="10%"><b>Time (seconds)</b></td>
<td><b>Instance</b></td>
</tr>
<tr>
<td title='com.cucumber.TestRunner.UserInternalPrintingCSVFileStudentEmailWithAlphabetsandNumericsRunner.feature()'><b>feature</b><br>Test class: com.cucumber.TestRunner.UserInternalPrintingCSVFileStudentEmailWithAlphabetsandNumericsRunner<br>Test method: Runs Cucumber Feature<br>Parameters: Institution User - Check the flow of User Internal Printing CSV File Student Email With Alphabets and Numerics<br/>
<a href="#Output-903227399" onClick='toggleBox("Output-903227399", this, "Show output", "Hide output");'>Show output</a>

<a href="#Output-903227399" onClick="toggleAllBoxes();">Show all outputs</a>
<div class='log' id="Output-903227399">
Completed executing following method : AbstractTestNGCucumberTests.feature<br/>
Test Method resides in com.cucumber.TestRunner.UserInternalPrintingCSVFileStudentEmailWithAlphabetsandNumericsRunner<br/>
Test Method had the following parameters : nullInstitution User - Check the flow of User Internal Printing CSV File Student Email With Alphabets and Numerics,<br/>
Test Status: Failed<br/>
</div>
</td>
<td><div><pre>cucumber.runtime.CucumberException: org.openqa.selenium.ElementNotInteractableException: element not interactable
  (Session info: chrome=123.0.6312.60)
Build info: version: &apos;4.12.1&apos;, revision: &apos;8e34639b11&apos;
System info: os.name: &apos;Windows 10&apos;, os.arch: &apos;amd64&apos;, os.version: &apos;10.0&apos;, java.version: &apos;11.0.20&apos;
Driver info: org.openqa.selenium.chrome.ChromeDriver
Command: [c1e523789a204db7163639ed39f136c1, clickElement {id=f.D71D62CF17A117362064B4AE81D4170A.d.0D397D2B7D79DAF0CF230D081A1577FF.e.714}]
Capabilities {acceptInsecureCerts: false, browserName: chrome, browserVersion: 123.0.6312.60, chrome: {chromedriverVersion: 123.0.6312.58 (6b4b19e9dfbb..., userDataDir: C:\Users\admin\AppData\Loca...}, fedcm:accounts: true, goog:chromeOptions: {debuggerAddress: localhost:51051}, networkConnectionEnabled: false, pageLoadStrategy: normal, platformName: windows, proxy: Proxy(), se:cdp: ws://localhost:51051/devtoo..., se:cdpVersion: 123.0.6312.60, setWindowRect: true, strictFileInteractability: false, timeouts: {implicit: 0, pageLoad: 300000, script: 30000}, unhandledPromptBehavior: dismiss and notify, webauthn:extension:credBlob: true, webauthn:extension:largeBlob: true, webauthn:extension:minPinLength: true, webauthn:extension:prf: true, webauthn:virtualAuthenticators: true}
Element: [[ChromeDriver: chrome on windows (c1e523789a204db7163639ed39f136c1)] -&gt; xpath: //a[text()=&apos;Internal Printing &apos;]]
Session ID: c1e523789a204db7163639ed39f136c1
	at cucumber.api.testng.TestNGCucumberRunner.runCucumber(TestNGCucumberRunner.java:69)
	at cucumber.api.testng.AbstractTestNGCucumberTests.feature(AbstractTestNGCucumberTests.java:21)
Caused by: org.openqa.selenium.ElementNotInteractableException: element not interactable
  (Session info: chrome=123.0.6312.60)
Build info: version: &apos;4.12.1&apos;, revision: &apos;8e34639b11&apos;
System info: os.name: &apos;Windows 10&apos;, os.arch: &apos;amd64&apos;, os.version: &apos;10.0&apos;, java.version: &apos;11.0.20&apos;
Driver info: org.openqa.selenium.chrome.ChromeDriver
Command: [c1e523789a204db7163639ed39f136c1, clickElement {id=f.D71D62CF17A117362064B4AE81D4170A.d.0D397D2B7D79DAF0CF230D081A1577FF.e.714}]
Capabilities {acceptInsecureCerts: false, browserName: chrome, browserVersion: 123.0.6312.60, chrome: {chromedriverVersion: 123.0.6312.58 (6b4b19e9dfbb..., userDataDir: C:\Users\admin\AppData\Loca...}, fedcm:accounts: true, goog:chromeOptions: {debuggerAddress: localhost:51051}, networkConnectionEnabled: false, pageLoadStrategy: normal, platformName: windows, proxy: Proxy(), se:cdp: ws://localhost:51051/devtoo..., se:cdpVersion: 123.0.6312.60, setWindowRect: true, strictFileInteractability: false, timeouts: {implicit: 0, pageLoad: 300000, script: 30000}, unhandledPromptBehavior: dismiss and notify, webauthn:extension:credBlob: true, webauthn:extension:largeBlob: true, webauthn:extension:minPinLength: true, webauthn:extension:prf: true, webauthn:virtualAuthenticators: true}
Element: [[ChromeDriver: chrome on windows (c1e523789a204db7163639ed39f136c1)] -&gt; xpath: //a[text()=&apos;Internal Printing &apos;]]
Session ID: c1e523789a204db7163639ed39f136c1
	at org.openqa.selenium.remote.codec.w3c.W3CHttpResponseCodec.createException(W3CHttpResponseCodec.java:200)
	at org.openqa.selenium.remote.codec.w3c.W3CHttpResponseCodec.decode(W3CHttpResponseCodec.java:133)
	at org.openqa.selenium.remote.codec.w3c.W3CHttpResponseCodec.decode(W3CHttpResponseCodec.java:52)
	at org.openqa.selenium.remote.HttpCommandExecutor.execute(HttpCommandExecutor.java:191)
	at org.openqa.selenium.remote.service.DriverCommandExecutor.invokeExecute(DriverCommandExecutor.java:196)
	at org.openqa.selenium.remote.service.DriverCommandExecutor.execute(DriverCommandExecutor.java:171)
	at org.openqa.selenium.remote.RemoteWebDriver.execute(RemoteWebDriver.java:602)
	at org.openqa.selenium.remote.RemoteWebElement.execute(RemoteWebElement.java:224)
	at org.openqa.selenium.remote.RemoteWebElement.click(RemoteWebElement.java:77)
	at com.cucumber.PageObjects.UserInternalPrintingCSVFileStudentEmailWithAlphabetsandNumericsPageObjects.ClickInternalPrintingoption(UserInternalPrintingCSVFileStudentEmailWithAlphabetsandNumericsPageObjects.java:42)
	at com.cucumber.stepdefination.UserInternalPrintingCSVFileStudentEmailWithAlphabetsandNumericsSteps.click_Internal_Printing_option(UserInternalPrintingCSVFileStudentEmailWithAlphabetsandNumericsSteps.java:34)
	at âœ½.Then Click Internal Printing option(src/test/resources/features/UserInternalPrintingCSVFileStudentEmailWithAlphabetsandNumerics.feature:7)
... Removed 28 stack frames</pre></div><a href='#' onClick='toggleBox("stack-trace903227399", this, "Click to show all stack frames", "Click to hide stack frames")'>Click to show all stack frames</a>
<div class='stack-trace' id='stack-trace903227399'><pre>cucumber.runtime.CucumberException: org.openqa.selenium.ElementNotInteractableException: element not interactable
  (Session info: chrome=123.0.6312.60)
Build info: version: &apos;4.12.1&apos;, revision: &apos;8e34639b11&apos;
System info: os.name: &apos;Windows 10&apos;, os.arch: &apos;amd64&apos;, os.version: &apos;10.0&apos;, java.version: &apos;11.0.20&apos;
Driver info: org.openqa.selenium.chrome.ChromeDriver
Command: [c1e523789a204db7163639ed39f136c1, clickElement {id=f.D71D62CF17A117362064B4AE81D4170A.d.0D397D2B7D79DAF0CF230D081A1577FF.e.714}]
Capabilities {acceptInsecureCerts: false, browserName: chrome, browserVersion: 123.0.6312.60, chrome: {chromedriverVersion: 123.0.6312.58 (6b4b19e9dfbb..., userDataDir: C:\Users\admin\AppData\Loca...}, fedcm:accounts: true, goog:chromeOptions: {debuggerAddress: localhost:51051}, networkConnectionEnabled: false, pageLoadStrategy: normal, platformName: windows, proxy: Proxy(), se:cdp: ws://localhost:51051/devtoo..., se:cdpVersion: 123.0.6312.60, setWindowRect: true, strictFileInteractability: false, timeouts: {implicit: 0, pageLoad: 300000, script: 30000}, unhandledPromptBehavior: dismiss and notify, webauthn:extension:credBlob: true, webauthn:extension:largeBlob: true, webauthn:extension:minPinLength: true, webauthn:extension:prf: true, webauthn:virtualAuthenticators: true}
Element: [[ChromeDriver: chrome on windows (c1e523789a204db7163639ed39f136c1)] -&gt; xpath: //a[text()=&apos;Internal Printing &apos;]]
Session ID: c1e523789a204db7163639ed39f136c1
	at cucumber.api.testng.TestNGCucumberRunner.runCucumber(TestNGCucumberRunner.java:69)
	at cucumber.api.testng.AbstractTestNGCucumberTests.feature(AbstractTestNGCucumberTests.java:21)
	at java.base/jdk.internal.reflect.NativeMethodAccessorImpl.invoke0(Native Method)
	at java.base/jdk.internal.reflect.NativeMethodAccessorImpl.invoke(NativeMethodAccessorImpl.java:62)
	at java.base/jdk.internal.reflect.DelegatingMethodAccessorImpl.invoke(DelegatingMethodAccessorImpl.java:43)
	at java.base/java.lang.reflect.Method.invoke(Method.java:566)
	at org.testng.internal.MethodInvocationHelper.invokeMethod(MethodInvocationHelper.java:86)
	at org.testng.internal.Invoker.invokeMethod(Invoker.java:643)
	at org.testng.internal.Invoker.invokeTestMethod(Invoker.java:820)
	at org.testng.internal.Invoker.invokeTestMethods(Invoker.java:1128)
	at org.testng.internal.TestMethodWorker.invokeTestMethods(TestMethodWorker.java:129)
	at org.testng.internal.TestMethodWorker.run(TestMethodWorker.java:112)
	at org.testng.TestRunner.privateRun(TestRunner.java:782)
	at org.testng.TestRunner.run(TestRunner.java:632)
	at org.testng.SuiteRunner.runTest(SuiteRunner.java:366)
	at org.testng.SuiteRunner.runSequentially(SuiteRunner.java:361)
	at org.testng.SuiteRunner.privateRun(SuiteRunner.java:319)
	at org.testng.SuiteRunner.run(SuiteRunner.java:268)
	at org.testng.SuiteRunnerWorker.runSuite(SuiteRunnerWorker.java:52)
	at org.testng.SuiteRunnerWorker.run(SuiteRunnerWorker.java:86)
	at org.testng.TestNG.runSuitesSequentially(TestNG.java:1244)
	at org.testng.TestNG.runSuitesLocally(TestNG.java:1169)
	at org.testng.TestNG.run(TestNG.java:1064)
	at org.testng.remote.AbstractRemoteTestNG.run(AbstractRemoteTestNG.java:115)
	at org.testng.remote.RemoteTestNG.initAndRun(RemoteTestNG.java:251)
	at org.testng.remote.RemoteTestNG.main(RemoteTestNG.java:77)
Caused by: org.openqa.selenium.ElementNotInteractableException: element not interactable
  (Session info: chrome=123.0.6312.60)
Build info: version: &apos;4.12.1&apos;, revision: &apos;8e34639b11&apos;
System info: os.name: &apos;Windows 10&apos;, os.arch: &apos;amd64&apos;, os.version: &apos;10.0&apos;, java.version: &apos;11.0.20&apos;
Driver info: org.openqa.selenium.chrome.ChromeDriver
Command: [c1e523789a204db7163639ed39f136c1, clickElement {id=f.D71D62CF17A117362064B4AE81D4170A.d.0D397D2B7D79DAF0CF230D081A1577FF.e.714}]
Capabilities {acceptInsecureCerts: false, browserName: chrome, browserVersion: 123.0.6312.60, chrome: {chromedriverVersion: 123.0.6312.58 (6b4b19e9dfbb..., userDataDir: C:\Users\admin\AppData\Loca...}, fedcm:accounts: true, goog:chromeOptions: {debuggerAddress: localhost:51051}, networkConnectionEnabled: false, pageLoadStrategy: normal, platformName: windows, proxy: Proxy(), se:cdp: ws://localhost:51051/devtoo..., se:cdpVersion: 123.0.6312.60, setWindowRect: true, strictFileInteractability: false, timeouts: {implicit: 0, pageLoad: 300000, script: 30000}, unhandledPromptBehavior: dismiss and notify, webauthn:extension:credBlob: true, webauthn:extension:largeBlob: true, webauthn:extension:minPinLength: true, webauthn:extension:prf: true, webauthn:virtualAuthenticators: true}
Element: [[ChromeDriver: chrome on windows (c1e523789a204db7163639ed39f136c1)] -&gt; xpath: //a[text()=&apos;Internal Printing &apos;]]
Session ID: c1e523789a204db7163639ed39f136c1
	at java.base/jdk.internal.reflect.NativeConstructorAccessorImpl.newInstance0(Native Method)
	at java.base/jdk.internal.reflect.NativeConstructorAccessorImpl.newInstance(NativeConstructorAccessorImpl.java:62)
	at java.base/jdk.internal.reflect.DelegatingConstructorAccessorImpl.newInstance(DelegatingConstructorAccessorImpl.java:45)
	at java.base/java.lang.reflect.Constructor.newInstance(Constructor.java:490)
	at org.openqa.selenium.remote.codec.w3c.W3CHttpResponseCodec.createException(W3CHttpResponseCodec.java:200)
	at org.openqa.selenium.remote.codec.w3c.W3CHttpResponseCodec.decode(W3CHttpResponseCodec.java:133)
	at org.openqa.selenium.remote.codec.w3c.W3CHttpResponseCodec.decode(W3CHttpResponseCodec.java:52)
	at org.openqa.selenium.remote.HttpCommandExecutor.execute(HttpCommandExecutor.java:191)
	at org.openqa.selenium.remote.service.DriverCommandExecutor.invokeExecute(DriverCommandExecutor.java:196)
	at org.openqa.selenium.remote.service.DriverCommandExecutor.execute(DriverCommandExecutor.java:171)
	at org.openqa.selenium.remote.RemoteWebDriver.execute(RemoteWebDriver.java:602)
	at org.openqa.selenium.remote.RemoteWebElement.execute(RemoteWebElement.java:224)
	at org.openqa.selenium.remote.RemoteWebElement.click(RemoteWebElement.java:77)
	at com.cucumber.PageObjects.UserInternalPrintingCSVFileStudentEmailWithAlphabetsandNumericsPageObjects.ClickInternalPrintingoption(UserInternalPrintingCSVFileStudentEmailWithAlphabetsandNumericsPageObjects.java:42)
	at com.cucumber.stepdefination.UserInternalPrintingCSVFileStudentEmailWithAlphabetsandNumericsSteps.click_Internal_Printing_option(UserInternalPrintingCSVFileStudentEmailWithAlphabetsandNumericsSteps.java:34)
	at âœ½.Then Click Internal Printing option(src/test/resources/features/UserInternalPrintingCSVFileStudentEmailWithAlphabetsandNumerics.feature:7)
</pre></div></td>
<td>30</td>
<td>com.cucumber.TestRunner.UserInternalPrintingCSVFileStudentEmailWithAlphabetsandNumericsRunner@6e0f5f7f</td></tr>
<tr>
<td title='com.cucumber.TestRunner.UserGeneratedCertificateWithoutSelectingCheckboxesRunner.feature()'><b>feature</b><br>Test class: com.cucumber.TestRunner.UserGeneratedCertificateWithoutSelectingCheckboxesRunner<br>Test method: Runs Cucumber Feature<br>Parameters: Institution User - Check the flow of Generated Certificates without selecting checkboxes<br/>
<a href="#Output-370543159" onClick='toggleBox("Output-370543159", this, "Show output", "Hide output");'>Show output</a>

<a href="#Output-370543159" onClick="toggleAllBoxes();">Show all outputs</a>
<div class='log' id="Output-370543159">
Completed executing following method : AbstractTestNGCucumberTests.feature<br/>
Test Method resides in com.cucumber.TestRunner.UserGeneratedCertificateWithoutSelectingCheckboxesRunner<br/>
Test Method had the following parameters : nullInstitution User - Check the flow of Generated Certificates without selecting checkboxes,<br/>
Test Status: Failed<br/>
</div>
</td>
<td><div><pre>cucumber.runtime.CucumberException: org.openqa.selenium.TimeoutException: Expected condition failed: waiting for visibility of [[ChromeDriver: chrome on windows (33cc640a6af20b88024044bce3d322f8)] -&gt; xpath: //a[text()=&apos;Generated Certificates &apos;]] (tried for 30 second(s) with 8000 milliseconds interval)
Build info: version: &apos;4.12.1&apos;, revision: &apos;8e34639b11&apos;
System info: os.name: &apos;Windows 10&apos;, os.arch: &apos;amd64&apos;, os.version: &apos;10.0&apos;, java.version: &apos;11.0.20&apos;
Driver info: driver.version: unknown
	at cucumber.api.testng.TestNGCucumberRunner.runCucumber(TestNGCucumberRunner.java:69)
	at cucumber.api.testng.AbstractTestNGCucumberTests.feature(AbstractTestNGCucumberTests.java:21)
Caused by: org.openqa.selenium.TimeoutException: Expected condition failed: waiting for visibility of [[ChromeDriver: chrome on windows (33cc640a6af20b88024044bce3d322f8)] -&gt; xpath: //a[text()=&apos;Generated Certificates &apos;]] (tried for 30 second(s) with 8000 milliseconds interval)
Build info: version: &apos;4.12.1&apos;, revision: &apos;8e34639b11&apos;
System info: os.name: &apos;Windows 10&apos;, os.arch: &apos;amd64&apos;, os.version: &apos;10.0&apos;, java.version: &apos;11.0.20&apos;
Driver info: driver.version: unknown
	at org.openqa.selenium.support.ui.FluentWait.timeoutException(FluentWait.java:262)
	at org.openqa.selenium.support.ui.FluentWait.until(FluentWait.java:230)
	at com.cucumber.TestBase.TestBase.waitForElement(TestBase.java:84)
	at com.cucumber.PageObjects.UserGeneratedCertificatesWithoutSelectingCheckboxesPageObjects.ClicktheGeneratedCertificates(UserGeneratedCertificatesWithoutSelectingCheckboxesPageObjects.java:52)
	at com.cucumber.stepdefination.UserGeneratedCertificatesWithoutSelectingCheckboxesSteps.click_the_Generated_Certificates(UserGeneratedCertificatesWithoutSelectingCheckboxesSteps.java:36)
	at âœ½.Then Click the Generated Certificates(src/test/resources/features/UserGeneratedCertificatesWithoutselectingCheckboxes.feature:8)
... Removed 23 stack frames</pre></div><a href='#' onClick='toggleBox("stack-trace370543159", this, "Click to show all stack frames", "Click to hide stack frames")'>Click to show all stack frames</a>
<div class='stack-trace' id='stack-trace370543159'><pre>cucumber.runtime.CucumberException: org.openqa.selenium.TimeoutException: Expected condition failed: waiting for visibility of [[ChromeDriver: chrome on windows (33cc640a6af20b88024044bce3d322f8)] -&gt; xpath: //a[text()=&apos;Generated Certificates &apos;]] (tried for 30 second(s) with 8000 milliseconds interval)
Build info: version: &apos;4.12.1&apos;, revision: &apos;8e34639b11&apos;
System info: os.name: &apos;Windows 10&apos;, os.arch: &apos;amd64&apos;, os.version: &apos;10.0&apos;, java.version: &apos;11.0.20&apos;
Driver info: driver.version: unknown
	at cucumber.api.testng.TestNGCucumberRunner.runCucumber(TestNGCucumberRunner.java:69)
	at cucumber.api.testng.AbstractTestNGCucumberTests.feature(AbstractTestNGCucumberTests.java:21)
	at jdk.internal.reflect.GeneratedMethodAccessor91.invoke(Unknown Source)
	at java.base/jdk.internal.reflect.DelegatingMethodAccessorImpl.invoke(DelegatingMethodAccessorImpl.java:43)
	at java.base/java.lang.reflect.Method.invoke(Method.java:566)
	at org.testng.internal.MethodInvocationHelper.invokeMethod(MethodInvocationHelper.java:86)
	at org.testng.internal.Invoker.invokeMethod(Invoker.java:643)
	at org.testng.internal.Invoker.invokeTestMethod(Invoker.java:820)
	at org.testng.internal.Invoker.invokeTestMethods(Invoker.java:1128)
	at org.testng.internal.TestMethodWorker.invokeTestMethods(TestMethodWorker.java:129)
	at org.testng.internal.TestMethodWorker.run(TestMethodWorker.java:112)
	at org.testng.TestRunner.privateRun(TestRunner.java:782)
	at org.testng.TestRunner.run(TestRunner.java:632)
	at org.testng.SuiteRunner.runTest(SuiteRunner.java:366)
	at org.testng.SuiteRunner.runSequentially(SuiteRunner.java:361)
	at org.testng.SuiteRunner.privateRun(SuiteRunner.java:319)
	at org.testng.SuiteRunner.run(SuiteRunner.java:268)
	at org.testng.SuiteRunnerWorker.runSuite(SuiteRunnerWorker.java:52)
	at org.testng.SuiteRunnerWorker.run(SuiteRunnerWorker.java:86)
	at org.testng.TestNG.runSuitesSequentially(TestNG.java:1244)
	at org.testng.TestNG.runSuitesLocally(TestNG.java:1169)
	at org.testng.TestNG.run(TestNG.java:1064)
	at org.testng.remote.AbstractRemoteTestNG.run(AbstractRemoteTestNG.java:115)
	at org.testng.remote.RemoteTestNG.initAndRun(RemoteTestNG.java:251)
	at org.testng.remote.RemoteTestNG.main(RemoteTestNG.java:77)
Caused by: org.openqa.selenium.TimeoutException: Expected condition failed: waiting for visibility of [[ChromeDriver: chrome on windows (33cc640a6af20b88024044bce3d322f8)] -&gt; xpath: //a[text()=&apos;Generated Certificates &apos;]] (tried for 30 second(s) with 8000 milliseconds interval)
Build info: version: &apos;4.12.1&apos;, revision: &apos;8e34639b11&apos;
System info: os.name: &apos;Windows 10&apos;, os.arch: &apos;amd64&apos;, os.version: &apos;10.0&apos;, java.version: &apos;11.0.20&apos;
Driver info: driver.version: unknown
	at org.openqa.selenium.support.ui.FluentWait.timeoutException(FluentWait.java:262)
	at org.openqa.selenium.support.ui.FluentWait.until(FluentWait.java:230)
	at com.cucumber.TestBase.TestBase.waitForElement(TestBase.java:84)
	at com.cucumber.PageObjects.UserGeneratedCertificatesWithoutSelectingCheckboxesPageObjects.ClicktheGeneratedCertificates(UserGeneratedCertificatesWithoutSelectingCheckboxesPageObjects.java:52)
	at com.cucumber.stepdefination.UserGeneratedCertificatesWithoutSelectingCheckboxesSteps.click_the_Generated_Certificates(UserGeneratedCertificatesWithoutSelectingCheckboxesSteps.java:36)
	at âœ½.Then Click the Generated Certificates(src/test/resources/features/UserGeneratedCertificatesWithoutselectingCheckboxes.feature:8)
</pre></div></td>
<td>50</td>
<td>com.cucumber.TestRunner.UserGeneratedCertificateWithoutSelectingCheckboxesRunner@3ee37e5a</td></tr>
<tr>
<td title='com.cucumber.TestRunner.UserInternalPrintingByUploadInvalidCSVFileRunner.feature()'><b>feature</b><br>Test class: com.cucumber.TestRunner.UserInternalPrintingByUploadInvalidCSVFileRunner<br>Test method: Runs Cucumber Feature<br>Parameters: Institution User - Ccheck the flow of Internal Printing with Upload of CSV File containing Invalid Email, Student Name, and Mobile Number<br/>
<a href="#Output-1774709501" onClick='toggleBox("Output-1774709501", this, "Show output", "Hide output");'>Show output</a>

<a href="#Output-1774709501" onClick="toggleAllBoxes();">Show all outputs</a>
<div class='log' id="Output-1774709501">
Completed executing following method : AbstractTestNGCucumberTests.feature<br/>
Test Method resides in com.cucumber.TestRunner.UserInternalPrintingByUploadInvalidCSVFileRunner<br/>
Test Method had the following parameters : nullInstitution User - Ccheck the flow of Internal Printing with Upload of CSV File containing Invalid Email, Student Name, and Mobile Number,<br/>
Test Status: Failed<br/>
</div>
</td>
<td><div><pre>cucumber.runtime.CucumberException: org.openqa.selenium.TimeoutException: Expected condition failed: waiting for visibility of [[ChromeDriver: chrome on windows (2de35a228285ce85935971174afecfc9)] -&gt; xpath: //a[text()=&apos;Certificates &apos;]/following-sibling::ul/li[4]/a] (tried for 30 second(s) with 8000 milliseconds interval)
Build info: version: &apos;4.12.1&apos;, revision: &apos;8e34639b11&apos;
System info: os.name: &apos;Windows 10&apos;, os.arch: &apos;amd64&apos;, os.version: &apos;10.0&apos;, java.version: &apos;11.0.20&apos;
Driver info: driver.version: unknown
	at cucumber.api.testng.TestNGCucumberRunner.runCucumber(TestNGCucumberRunner.java:69)
	at cucumber.api.testng.AbstractTestNGCucumberTests.feature(AbstractTestNGCucumberTests.java:21)
Caused by: org.openqa.selenium.TimeoutException: Expected condition failed: waiting for visibility of [[ChromeDriver: chrome on windows (2de35a228285ce85935971174afecfc9)] -&gt; xpath: //a[text()=&apos;Certificates &apos;]/following-sibling::ul/li[4]/a] (tried for 30 second(s) with 8000 milliseconds interval)
Build info: version: &apos;4.12.1&apos;, revision: &apos;8e34639b11&apos;
System info: os.name: &apos;Windows 10&apos;, os.arch: &apos;amd64&apos;, os.version: &apos;10.0&apos;, java.version: &apos;11.0.20&apos;
Driver info: driver.version: unknown
	at org.openqa.selenium.support.ui.FluentWait.timeoutException(FluentWait.java:262)
	at org.openqa.selenium.support.ui.FluentWait.until(FluentWait.java:230)
	at com.cucumber.TestBase.TestBase.waitForElement(TestBase.java:84)
	at com.cucumber.PageObjects.UserInternalPrintingByUploadInvalidCSVFIlePageObjects.select_the_internal_printing(UserInternalPrintingByUploadInvalidCSVFIlePageObjects.java:43)
	at com.cucumber.stepdefination.UserInternalPrintingByUploadInvalidCSVFileSteps.select_the_internal_printing(UserInternalPrintingByUploadInvalidCSVFileSteps.java:38)
	at âœ½.And select the internal printing(src/test/resources/features/UserInternalPrintingByUploadInvalidCSVFIle.feature:8)
... Removed 23 stack frames</pre></div><a href='#' onClick='toggleBox("stack-trace1774709501", this, "Click to show all stack frames", "Click to hide stack frames")'>Click to show all stack frames</a>
<div class='stack-trace' id='stack-trace1774709501'><pre>cucumber.runtime.CucumberException: org.openqa.selenium.TimeoutException: Expected condition failed: waiting for visibility of [[ChromeDriver: chrome on windows (2de35a228285ce85935971174afecfc9)] -&gt; xpath: //a[text()=&apos;Certificates &apos;]/following-sibling::ul/li[4]/a] (tried for 30 second(s) with 8000 milliseconds interval)
Build info: version: &apos;4.12.1&apos;, revision: &apos;8e34639b11&apos;
System info: os.name: &apos;Windows 10&apos;, os.arch: &apos;amd64&apos;, os.version: &apos;10.0&apos;, java.version: &apos;11.0.20&apos;
Driver info: driver.version: unknown
	at cucumber.api.testng.TestNGCucumberRunner.runCucumber(TestNGCucumberRunner.java:69)
	at cucumber.api.testng.AbstractTestNGCucumberTests.feature(AbstractTestNGCucumberTests.java:21)
	at jdk.internal.reflect.GeneratedMethodAccessor91.invoke(Unknown Source)
	at java.base/jdk.internal.reflect.DelegatingMethodAccessorImpl.invoke(DelegatingMethodAccessorImpl.java:43)
	at java.base/java.lang.reflect.Method.invoke(Method.java:566)
	at org.testng.internal.MethodInvocationHelper.invokeMethod(MethodInvocationHelper.java:86)
	at org.testng.internal.Invoker.invokeMethod(Invoker.java:643)
	at org.testng.internal.Invoker.invokeTestMethod(Invoker.java:820)
	at org.testng.internal.Invoker.invokeTestMethods(Invoker.java:1128)
	at org.testng.internal.TestMethodWorker.invokeTestMethods(TestMethodWorker.java:129)
	at org.testng.internal.TestMethodWorker.run(TestMethodWorker.java:112)
	at org.testng.TestRunner.privateRun(TestRunner.java:782)
	at org.testng.TestRunner.run(TestRunner.java:632)
	at org.testng.SuiteRunner.runTest(SuiteRunner.java:366)
	at org.testng.SuiteRunner.runSequentially(SuiteRunner.java:361)
	at org.testng.SuiteRunner.privateRun(SuiteRunner.java:319)
	at org.testng.SuiteRunner.run(SuiteRunner.java:268)
	at org.testng.SuiteRunnerWorker.runSuite(SuiteRunnerWorker.java:52)
	at org.testng.SuiteRunnerWorker.run(SuiteRunnerWorker.java:86)
	at org.testng.TestNG.runSuitesSequentially(TestNG.java:1244)
	at org.testng.TestNG.runSuitesLocally(TestNG.java:1169)
	at org.testng.TestNG.run(TestNG.java:1064)
	at org.testng.remote.AbstractRemoteTestNG.run(AbstractRemoteTestNG.java:115)
	at org.testng.remote.RemoteTestNG.initAndRun(RemoteTestNG.java:251)
	at org.testng.remote.RemoteTestNG.main(RemoteTestNG.java:77)
Caused by: org.openqa.selenium.TimeoutException: Expected condition failed: waiting for visibility of [[ChromeDriver: chrome on windows (2de35a228285ce85935971174afecfc9)] -&gt; xpath: //a[text()=&apos;Certificates &apos;]/following-sibling::ul/li[4]/a] (tried for 30 second(s) with 8000 milliseconds interval)
Build info: version: &apos;4.12.1&apos;, revision: &apos;8e34639b11&apos;
System info: os.name: &apos;Windows 10&apos;, os.arch: &apos;amd64&apos;, os.version: &apos;10.0&apos;, java.version: &apos;11.0.20&apos;
Driver info: driver.version: unknown
	at org.openqa.selenium.support.ui.FluentWait.timeoutException(FluentWait.java:262)
	at org.openqa.selenium.support.ui.FluentWait.until(FluentWait.java:230)
	at com.cucumber.TestBase.TestBase.waitForElement(TestBase.java:84)
	at com.cucumber.PageObjects.UserInternalPrintingByUploadInvalidCSVFIlePageObjects.select_the_internal_printing(UserInternalPrintingByUploadInvalidCSVFIlePageObjects.java:43)
	at com.cucumber.stepdefination.UserInternalPrintingByUploadInvalidCSVFileSteps.select_the_internal_printing(UserInternalPrintingByUploadInvalidCSVFileSteps.java:38)
	at âœ½.And select the internal printing(src/test/resources/features/UserInternalPrintingByUploadInvalidCSVFIle.feature:8)
</pre></div></td>
<td>45</td>
<td>com.cucumber.TestRunner.UserInternalPrintingByUploadInvalidCSVFileRunner@3a44431a</td></tr>
<tr>
<td title='com.cucumber.TestRunner.UserGeneratedCertificatesWithoutEnablecheckboxesRunner.feature()'><b>feature</b><br>Test class: com.cucumber.TestRunner.UserGeneratedCertificatesWithoutEnablecheckboxesRunner<br>Test method: Runs Cucumber Feature<br>Parameters: genearated certificate<br/>
<a href="#Output-1340095494" onClick='toggleBox("Output-1340095494", this, "Show output", "Hide output");'>Show output</a>

<a href="#Output-1340095494" onClick="toggleAllBoxes();">Show all outputs</a>
<div class='log' id="Output-1340095494">
Completed executing following method : AbstractTestNGCucumberTests.feature<br/>
Test Method resides in com.cucumber.TestRunner.UserGeneratedCertificatesWithoutEnablecheckboxesRunner<br/>
Test Method had the following parameters : nullgenearated certificate,<br/>
Test Status: Failed<br/>
</div>
</td>
<td><div><pre>cucumber.runtime.CucumberException: cucumber.runtime.CucumberException: There are undefined steps
	at cucumber.api.testng.TestNGCucumberRunner.runCucumber(TestNGCucumberRunner.java:69)
	at cucumber.api.testng.AbstractTestNGCucumberTests.feature(AbstractTestNGCucumberTests.java:21)
Caused by: cucumber.runtime.CucumberException: There are undefined steps
	at cucumber.api.testng.FeatureResultListener.collectError(FeatureResultListener.java:60)
	at cucumber.api.testng.FeatureResultListener.result(FeatureResultListener.java:45)
	at cucumber.runtime.Runtime.runStep(Runtime.java:282)
	at cucumber.runtime.model.StepContainer.runStep(StepContainer.java:44)
	at cucumber.runtime.model.StepContainer.runSteps(StepContainer.java:39)
	at cucumber.runtime.model.CucumberScenario.run(CucumberScenario.java:44)
	at cucumber.runtime.model.CucumberFeature.run(CucumberFeature.java:165)
	at cucumber.api.testng.TestNGCucumberRunner.runCucumber(TestNGCucumberRunner.java:63)
	... 24 more
... Removed 23 stack frames</pre></div><a href='#' onClick='toggleBox("stack-trace1340095494", this, "Click to show all stack frames", "Click to hide stack frames")'>Click to show all stack frames</a>
<div class='stack-trace' id='stack-trace1340095494'><pre>cucumber.runtime.CucumberException: cucumber.runtime.CucumberException: There are undefined steps
	at cucumber.api.testng.TestNGCucumberRunner.runCucumber(TestNGCucumberRunner.java:69)
	at cucumber.api.testng.AbstractTestNGCucumberTests.feature(AbstractTestNGCucumberTests.java:21)
	at jdk.internal.reflect.GeneratedMethodAccessor91.invoke(Unknown Source)
	at java.base/jdk.internal.reflect.DelegatingMethodAccessorImpl.invoke(DelegatingMethodAccessorImpl.java:43)
	at java.base/java.lang.reflect.Method.invoke(Method.java:566)
	at org.testng.internal.MethodInvocationHelper.invokeMethod(MethodInvocationHelper.java:86)
	at org.testng.internal.Invoker.invokeMethod(Invoker.java:643)
	at org.testng.internal.Invoker.invokeTestMethod(Invoker.java:820)
	at org.testng.internal.Invoker.invokeTestMethods(Invoker.java:1128)
	at org.testng.internal.TestMethodWorker.invokeTestMethods(TestMethodWorker.java:129)
	at org.testng.internal.TestMethodWorker.run(TestMethodWorker.java:112)
	at org.testng.TestRunner.privateRun(TestRunner.java:782)
	at org.testng.TestRunner.run(TestRunner.java:632)
	at org.testng.SuiteRunner.runTest(SuiteRunner.java:366)
	at org.testng.SuiteRunner.runSequentially(SuiteRunner.java:361)
	at org.testng.SuiteRunner.privateRun(SuiteRunner.java:319)
	at org.testng.SuiteRunner.run(SuiteRunner.java:268)
	at org.testng.SuiteRunnerWorker.runSuite(SuiteRunnerWorker.java:52)
	at org.testng.SuiteRunnerWorker.run(SuiteRunnerWorker.java:86)
	at org.testng.TestNG.runSuitesSequentially(TestNG.java:1244)
	at org.testng.TestNG.runSuitesLocally(TestNG.java:1169)
	at org.testng.TestNG.run(TestNG.java:1064)
	at org.testng.remote.AbstractRemoteTestNG.run(AbstractRemoteTestNG.java:115)
	at org.testng.remote.RemoteTestNG.initAndRun(RemoteTestNG.java:251)
	at org.testng.remote.RemoteTestNG.main(RemoteTestNG.java:77)
Caused by: cucumber.runtime.CucumberException: There are undefined steps
	at cucumber.api.testng.FeatureResultListener.collectError(FeatureResultListener.java:60)
	at cucumber.api.testng.FeatureResultListener.result(FeatureResultListener.java:45)
	at cucumber.runtime.Runtime.runStep(Runtime.java:282)
	at cucumber.runtime.model.StepContainer.runStep(StepContainer.java:44)
	at cucumber.runtime.model.StepContainer.runSteps(StepContainer.java:39)
	at cucumber.runtime.model.CucumberScenario.run(CucumberScenario.java:44)
	at cucumber.runtime.model.CucumberFeature.run(CucumberFeature.java:165)
	at cucumber.api.testng.TestNGCucumberRunner.runCucumber(TestNGCucumberRunner.java:63)
	... 24 more
</pre></div></td>
<td>0</td>
<td>com.cucumber.TestRunner.UserGeneratedCertificatesWithoutEnablecheckboxesRunner@957e06</td></tr>
</table><p>
<table width='100%' border='1' class='invocation-passed'>
<tr><td colspan='4' align='center'><b>PASSED TESTS</b></td></tr>
<tr><td><b>Test method</b></td>
<td width="30%"><b>Exception</b></td>
<td width="10%"><b>Time (seconds)</b></td>
<td><b>Instance</b></td>
</tr>
<tr>
<td title='com.cucumber.TestRunner.UserGenerateBulkByUploadingCombinationOffilesRunner.feature()'><b>feature</b><br>Test class: com.cucumber.TestRunner.UserGenerateBulkByUploadingCombinationOffilesRunner<br>Test method: Runs Cucumber Feature<br>Parameters: Institution User - Check the flow of By uploading the files with the combination of JPG/JPEG/DOC/DOCX in Bulk Generated certificates<br/>
<a href="#Output-2050410554" onClick='toggleBox("Output-2050410554", this, "Show output", "Hide output");'>Show output</a>

<a href="#Output-2050410554" onClick="toggleAllBoxes();">Show all outputs</a>
<div class='log' id="Output-2050410554">
Completed executing following method : AbstractTestNGCucumberTests.feature<br/>
Test Method resides in com.cucumber.TestRunner.UserGenerateBulkByUploadingCombinationOffilesRunner<br/>
Test Method had the following parameters : nullInstitution User - Check the flow of By uploading the files with the combination of JPG/JPEG/DOC/DOCX in Bulk Generated certificates,<br/>
Test Status: Pass<br/>
</div>
</td>
<td></td>
<td>41</td>
<td>com.cucumber.TestRunner.UserGenerateBulkByUploadingCombinationOffilesRunner@7bd4937b</td></tr>
<tr>
<td title='com.cucumber.TestRunner.UserGenerateBulkByUploadingDOCfileRunner.feature()'><b>feature</b><br>Test class: com.cucumber.TestRunner.UserGenerateBulkByUploadingDOCfileRunner<br>Test method: Runs Cucumber Feature<br>Parameters: Institution User - Check the flow of User Bulk By Uploading the DOC File<br/>
<a href="#Output-204572772" onClick='toggleBox("Output-204572772", this, "Show output", "Hide output");'>Show output</a>

<a href="#Output-204572772" onClick="toggleAllBoxes();">Show all outputs</a>
<div class='log' id="Output-204572772">
Completed executing following method : AbstractTestNGCucumberTests.feature<br/>
Test Method resides in com.cucumber.TestRunner.UserGenerateBulkByUploadingDOCfileRunner<br/>
Test Method had the following parameters : nullInstitution User - Check the flow of User Bulk By Uploading the DOC File,<br/>
Test Status: Pass<br/>
</div>
</td>
<td></td>
<td>17</td>
<td>com.cucumber.TestRunner.UserGenerateBulkByUploadingDOCfileRunner@21e360a</td></tr>
<tr>
<td title='com.cucumber.TestRunner.UserGenerateBulkByUploadingDOCXfileRunner.feature()'><b>feature</b><br>Test class: com.cucumber.TestRunner.UserGenerateBulkByUploadingDOCXfileRunner<br>Test method: Runs Cucumber Feature<br>Parameters: Institution User - Check the flow of User Bulk By Uploading the DOCX File<br/>
<a href="#Output-468456841" onClick='toggleBox("Output-468456841", this, "Show output", "Hide output");'>Show output</a>

<a href="#Output-468456841" onClick="toggleAllBoxes();">Show all outputs</a>
<div class='log' id="Output-468456841">
Completed executing following method : AbstractTestNGCucumberTests.feature<br/>
Test Method resides in com.cucumber.TestRunner.UserGenerateBulkByUploadingDOCXfileRunner<br/>
Test Method had the following parameters : nullInstitution User - Check the flow of User Bulk By Uploading the DOCX File,<br/>
Test Status: Pass<br/>
</div>
</td>
<td></td>
<td>17</td>
<td>com.cucumber.TestRunner.UserGenerateBulkByUploadingDOCXfileRunner@5ba3f27a</td></tr>
<tr>
<td title='com.cucumber.TestRunner.UserGenerateBulkByUploadingJPEGfileRunner.feature()'><b>feature</b><br>Test class: com.cucumber.TestRunner.UserGenerateBulkByUploadingJPEGfileRunner<br>Test method: Runs Cucumber Feature<br>Parameters: Institution User - Check the flow of User Bulk By Uploading the JPEG File<br/>
<a href="#Output-198173340" onClick='toggleBox("Output-198173340", this, "Show output", "Hide output");'>Show output</a>

<a href="#Output-198173340" onClick="toggleAllBoxes();">Show all outputs</a>
<div class='log' id="Output-198173340">
Completed executing following method : AbstractTestNGCucumberTests.feature<br/>
Test Method resides in com.cucumber.TestRunner.UserGenerateBulkByUploadingJPEGfileRunner<br/>
Test Method had the following parameters : nullInstitution User - Check the flow of User Bulk By Uploading the JPEG File,<br/>
Test Status: Pass<br/>
</div>
</td>
<td></td>
<td>17</td>
<td>com.cucumber.TestRunner.UserGenerateBulkByUploadingJPEGfileRunner@58d75e99</td></tr>
<tr>
<td title='com.cucumber.TestRunner.UserGenerateBulkByUploadingJPGfileRunner.feature()'><b>feature</b><br>Test class: com.cucumber.TestRunner.UserGenerateBulkByUploadingJPGfileRunner<br>Test method: Runs Cucumber Feature<br>Parameters: Institution User - Check the flow of User Bulk By Uploading the JPG File<br/>
<a href="#Output-896475319" onClick='toggleBox("Output-896475319", this, "Show output", "Hide output");'>Show output</a>

<a href="#Output-896475319" onClick="toggleAllBoxes();">Show all outputs</a>
<div class='log' id="Output-896475319">
Completed executing following method : AbstractTestNGCucumberTests.feature<br/>
Test Method resides in com.cucumber.TestRunner.UserGenerateBulkByUploadingJPGfileRunner<br/>
Test Method had the following parameters : nullInstitution User - Check the flow of User Bulk By Uploading the JPG File,<br/>
Test Status: Pass<br/>
</div>
</td>
<td></td>
<td>17</td>
<td>com.cucumber.TestRunner.UserGenerateBulkByUploadingJPGfileRunner@74751b3</td></tr>
<tr>
<td title='com.cucumber.TestRunner.UserGenerateBulkByUploadingPDFfileRunner.feature()'><b>feature</b><br>Test class: com.cucumber.TestRunner.UserGenerateBulkByUploadingPDFfileRunner<br>Test method: Runs Cucumber Feature<br>Parameters: Institution User - Check the flow of User Bulk By Uploading the PDF File<br/>
<a href="#Output-1234328865" onClick='toggleBox("Output-1234328865", this, "Show output", "Hide output");'>Show output</a>

<a href="#Output-1234328865" onClick="toggleAllBoxes();">Show all outputs</a>
<div class='log' id="Output-1234328865">
Completed executing following method : AbstractTestNGCucumberTests.feature<br/>
Test Method resides in com.cucumber.TestRunner.UserGenerateBulkByUploadingPDFfileRunner<br/>
Test Method had the following parameters : nullInstitution User - Check the flow of User Bulk By Uploading the PDF File,<br/>
Test Status: Pass<br/>
</div>
</td>
<td></td>
<td>20</td>
<td>com.cucumber.TestRunner.UserGenerateBulkByUploadingPDFfileRunner@741a8937</td></tr>
<tr>
<td title='com.cucumber.TestRunner.UserGenerateBulkUploadingandRemovethefileRunner.feature()'><b>feature</b><br>Test class: com.cucumber.TestRunner.UserGenerateBulkUploadingandRemovethefileRunner<br>Test method: Runs Cucumber Feature<br>Parameters: GenerateBulk<br/>
<a href="#Output-1792277476" onClick='toggleBox("Output-1792277476", this, "Show output", "Hide output");'>Show output</a>

<a href="#Output-1792277476" onClick="toggleAllBoxes();">Show all outputs</a>
<div class='log' id="Output-1792277476">
Completed executing following method : AbstractTestNGCucumberTests.feature<br/>
Test Method resides in com.cucumber.TestRunner.UserGenerateBulkUploadingandRemovethefileRunner<br/>
Test Method had the following parameters : nullGenerateBulk,<br/>
Test Status: Pass<br/>
</div>
</td>
<td></td>
<td>17</td>
<td>com.cucumber.TestRunner.UserGenerateBulkUploadingandRemovethefileRunner@306e95ec</td></tr>
<tr>
<td title='com.cucumber.TestRunner.UserGenerateBulkWithoutSelectingCertificatetypeRunner.feature()'><b>feature</b><br>Test class: com.cucumber.TestRunner.UserGenerateBulkWithoutSelectingCertificatetypeRunner<br>Test method: Runs Cucumber Feature<br>Parameters: Institution User - Check the flow of User Bulk without selecting the Certificare Type<br/>
<a href="#Output-758888772" onClick='toggleBox("Output-758888772", this, "Show output", "Hide output");'>Show output</a>

<a href="#Output-758888772" onClick="toggleAllBoxes();">Show all outputs</a>
<div class='log' id="Output-758888772">
Completed executing following method : AbstractTestNGCucumberTests.feature<br/>
Test Method resides in com.cucumber.TestRunner.UserGenerateBulkWithoutSelectingCertificatetypeRunner<br/>
Test Method had the following parameters : nullInstitution User - Check the flow of User Bulk without selecting the Certificare Type,<br/>
Test Status: Pass<br/>
</div>
</td>
<td></td>
<td>16</td>
<td>com.cucumber.TestRunner.UserGenerateBulkWithoutSelectingCertificatetypeRunner@52af26ee</td></tr>
<tr>
<td title='com.cucumber.TestRunner.AdminGeneratedCertificatesNewMailEditRunner.feature()'><b>feature</b><br>Test class: com.cucumber.TestRunner.AdminGeneratedCertificatesNewMailEditRunner<br>Test method: Runs Cucumber Feature<br>Parameters: Institution Admin - Check the flow of New Mail Edit<br/>
<a href="#Output-220038608" onClick='toggleBox("Output-220038608", this, "Show output", "Hide output");'>Show output</a>

<a href="#Output-220038608" onClick="toggleAllBoxes();">Show all outputs</a>
<div class='log' id="Output-220038608">
Completed executing following method : AbstractTestNGCucumberTests.feature<br/>
Test Method resides in com.cucumber.TestRunner.AdminGeneratedCertificatesNewMailEditRunner<br/>
Test Method had the following parameters : nullInstitution Admin - Check the flow of New Mail Edit,<br/>
Test Status: Pass<br/>
</div>
</td>
<td></td>
<td>25</td>
<td>com.cucumber.TestRunner.AdminGeneratedCertificatesNewMailEditRunner@6fd83fc1</td></tr>
<tr>
<td title='com.cucumber.TestRunner.AdminRecentCertificateGenerationsandVerificationsOriginalCertificatesRunner.feature()'><b>feature</b><br>Test class: com.cucumber.TestRunner.AdminRecentCertificateGenerationsandVerificationsOriginalCertificatesRunner<br>Test method: Runs Cucumber Feature<br>Parameters: Institution User - Check the flow of Recent Certificate GenerationsandVerifications OriginalCertificates<br/>
<a href="#Output-209455103" onClick='toggleBox("Output-209455103", this, "Show output", "Hide output");'>Show output</a>

<a href="#Output-209455103" onClick="toggleAllBoxes();">Show all outputs</a>
<div class='log' id="Output-209455103">
Completed executing following method : AbstractTestNGCucumberTests.feature<br/>
Test Method resides in com.cucumber.TestRunner.AdminRecentCertificateGenerationsandVerificationsOriginalCertificatesRunner<br/>
Test Method had the following parameters : nullInstitution User - Check the flow of Recent Certificate GenerationsandVerifications OriginalCertificates,<br/>
Test Status: Pass<br/>
</div>
</td>
<td></td>
<td>22</td>
<td>com.cucumber.TestRunner.AdminRecentCertificateGenerationsandVerificationsOriginalCertificatesRunner@4f2b503c</td></tr>
<tr>
<td title='com.cucumber.TestRunner.AdminRecentCertificateGenerationsandVerificationsQRCodeRunner.feature()'><b>feature</b><br>Test class: com.cucumber.TestRunner.AdminRecentCertificateGenerationsandVerificationsQRCodeRunner<br>Test method: Runs Cucumber Feature<br>Parameters: Institution User - Check the flow of Recent Certificate GenerationsandVerification Download QR Code<br/>
<a href="#Output-1710901767" onClick='toggleBox("Output-1710901767", this, "Show output", "Hide output");'>Show output</a>

<a href="#Output-1710901767" onClick="toggleAllBoxes();">Show all outputs</a>
<div class='log' id="Output-1710901767">
Completed executing following method : AbstractTestNGCucumberTests.feature<br/>
Test Method resides in com.cucumber.TestRunner.AdminRecentCertificateGenerationsandVerificationsQRCodeRunner<br/>
Test Method had the following parameters : nullInstitution User - Check the flow of Recent Certificate GenerationsandVerification Download QR Code,<br/>
Test Status: Pass<br/>
</div>
</td>
<td></td>
<td>18</td>
<td>com.cucumber.TestRunner.AdminRecentCertificateGenerationsandVerificationsQRCodeRunner@bae7dc0</td></tr>
<tr>
<td title='com.cucumber.TestRunner.AdminRecentCertificateGenerationsandVerificationsSendMailRunner.feature()'><b>feature</b><br>Test class: com.cucumber.TestRunner.AdminRecentCertificateGenerationsandVerificationsSendMailRunner<br>Test method: Runs Cucumber Feature<br>Parameters: Institution User - Check the flow of Recent Certificate GenerationsandVerification Send Mail<br/>
<a href="#Output-1433459745" onClick='toggleBox("Output-1433459745", this, "Show output", "Hide output");'>Show output</a>

<a href="#Output-1433459745" onClick="toggleAllBoxes();">Show all outputs</a>
<div class='log' id="Output-1433459745">
Completed executing following method : AbstractTestNGCucumberTests.feature<br/>
Test Method resides in com.cucumber.TestRunner.AdminRecentCertificateGenerationsandVerificationsSendMailRunner<br/>
Test Method had the following parameters : nullInstitution User - Check the flow of Recent Certificate GenerationsandVerification Send Mail,<br/>
Test Status: Pass<br/>
</div>
</td>
<td></td>
<td>23</td>
<td>com.cucumber.TestRunner.AdminRecentCertificateGenerationsandVerificationsSendMailRunner@54bff557</td></tr>
<tr>
<td title='com.cucumber.TestRunner.AdminRecentCertificateGenerationsRecallRunner.feature()'><b>feature</b><br>Test class: com.cucumber.TestRunner.AdminRecentCertificateGenerationsRecallRunner<br>Test method: Runs Cucumber Feature<br>Parameters: Institution User - Check the flow of Recent Certificate Generations Recall<br/>
<a href="#Output-1160785510" onClick='toggleBox("Output-1160785510", this, "Show output", "Hide output");'>Show output</a>

<a href="#Output-1160785510" onClick="toggleAllBoxes();">Show all outputs</a>
<div class='log' id="Output-1160785510">
Completed executing following method : AbstractTestNGCucumberTests.feature<br/>
Test Method resides in com.cucumber.TestRunner.AdminRecentCertificateGenerationsRecallRunner<br/>
Test Method had the following parameters : nullInstitution User - Check the flow of Recent Certificate Generations Recall,<br/>
Test Status: Pass<br/>
</div>
</td>
<td></td>
<td>26</td>
<td>com.cucumber.TestRunner.AdminRecentCertificateGenerationsRecallRunner@5a56cdac</td></tr>
<tr>
<td title='com.cucumber.TestRunner.AdminRecentCertificateGenerationsRevokeRunner.feature()'><b>feature</b><br>Test class: com.cucumber.TestRunner.AdminRecentCertificateGenerationsRevokeRunner<br>Test method: Runs Cucumber Feature<br>Parameters: Institution Admin - Check the flow of Recent Certificate Generations Revoke<br/>
<a href="#Output-676665173" onClick='toggleBox("Output-676665173", this, "Show output", "Hide output");'>Show output</a>

<a href="#Output-676665173" onClick="toggleAllBoxes();">Show all outputs</a>
<div class='log' id="Output-676665173">
Completed executing following method : AbstractTestNGCucumberTests.feature<br/>
Test Method resides in com.cucumber.TestRunner.AdminRecentCertificateGenerationsRevokeRunner<br/>
Test Method had the following parameters : nullInstitution Admin - Check the flow of Recent Certificate Generations Revoke,<br/>
Test Status: Pass<br/>
</div>
</td>
<td></td>
<td>20</td>
<td>com.cucumber.TestRunner.AdminRecentCertificateGenerationsRevokeRunner@57cf54e1</td></tr>
<tr>
<td title='com.cucumber.TestRunner.UserInternalPrintingCSVFileStudentEmailWithoutSpecialCharectersRunner.feature()'><b>feature</b><br>Test class: com.cucumber.TestRunner.UserInternalPrintingCSVFileStudentEmailWithoutSpecialCharectersRunner<br>Test method: Runs Cucumber Feature<br>Parameters: Institution User - Check the flow of User Internal Printing CSV File Student Email Without Special Charecters<br/>
<a href="#Output-1974623939" onClick='toggleBox("Output-1974623939", this, "Show output", "Hide output");'>Show output</a>

<a href="#Output-1974623939" onClick="toggleAllBoxes();">Show all outputs</a>
<div class='log' id="Output-1974623939">
Completed executing following method : AbstractTestNGCucumberTests.feature<br/>
Test Method resides in com.cucumber.TestRunner.UserInternalPrintingCSVFileStudentEmailWithoutSpecialCharectersRunner<br/>
Test Method had the following parameters : nullInstitution User - Check the flow of User Internal Printing CSV File Student Email Without Special Charecters,<br/>
Test Status: Pass<br/>
</div>
</td>
<td></td>
<td>16</td>
<td>com.cucumber.TestRunner.UserInternalPrintingCSVFileStudentEmailWithoutSpecialCharectersRunner@37d4349f</td></tr>
<tr>
<td title='com.cucumber.TestRunner.UserInternalPrintingCSVFIleStudentNameWithAlphabetsandNumericsRunner.feature()'><b>feature</b><br>Test class: com.cucumber.TestRunner.UserInternalPrintingCSVFIleStudentNameWithAlphabetsandNumericsRunner<br>Test method: Runs Cucumber Feature<br>Parameters: Institution User - Check the flow of Internal Printing CSV file Student Name With Alphabets and Numeic values<br/>
<a href="#Output-2000344873" onClick='toggleBox("Output-2000344873", this, "Show output", "Hide output");'>Show output</a>

<a href="#Output-2000344873" onClick="toggleAllBoxes();">Show all outputs</a>
<div class='log' id="Output-2000344873">
Completed executing following method : AbstractTestNGCucumberTests.feature<br/>
Test Method resides in com.cucumber.TestRunner.UserInternalPrintingCSVFIleStudentNameWithAlphabetsandNumericsRunner<br/>
Test Method had the following parameters : nullInstitution User - Check the flow of Internal Printing CSV file Student Name With Alphabets and Numeic values,<br/>
Test Status: Pass<br/>
</div>
</td>
<td></td>
<td>39</td>
<td>com.cucumber.TestRunner.UserInternalPrintingCSVFIleStudentNameWithAlphabetsandNumericsRunner@194bcebf</td></tr>
<tr>
<td title='com.cucumber.TestRunner.UserInternalPrintingByUploadingCSVWithInvalidIssueYearandMonthRunner.feature()'><b>feature</b><br>Test class: com.cucumber.TestRunner.UserInternalPrintingByUploadingCSVWithInvalidIssueYearandMonthRunner<br>Test method: Runs Cucumber Feature<br>Parameters: Institution User - Check the flow of Internal Printing with upload the CSV file with invalid issue year and month<br/>
<a href="#Output-1454225246" onClick='toggleBox("Output-1454225246", this, "Show output", "Hide output");'>Show output</a>

<a href="#Output-1454225246" onClick="toggleAllBoxes();">Show all outputs</a>
<div class='log' id="Output-1454225246">
Completed executing following method : AbstractTestNGCucumberTests.feature<br/>
Test Method resides in com.cucumber.TestRunner.UserInternalPrintingByUploadingCSVWithInvalidIssueYearandMonthRunner<br/>
Test Method had the following parameters : nullInstitution User - Check the flow of Internal Printing with upload the CSV file with invalid issue year and month,<br/>
Test Status: Pass<br/>
</div>
</td>
<td></td>
<td>39</td>
<td>com.cucumber.TestRunner.UserInternalPrintingByUploadingCSVWithInvalidIssueYearandMonthRunner@f0da945</td></tr>
<tr>
<td title='com.cucumber.TestRunner.UserInternalPrintingUploadCSVFIleWithoutEmailIdRunner.feature()'><b>feature</b><br>Test class: com.cucumber.TestRunner.UserInternalPrintingUploadCSVFIleWithoutEmailIdRunner<br>Test method: Runs Cucumber Feature<br>Parameters: Institution User - Check the flow of Internal Printing   By uploading the CSV File without Student Email id column.<br/>
<a href="#Output-709619278" onClick='toggleBox("Output-709619278", this, "Show output", "Hide output");'>Show output</a>

<a href="#Output-709619278" onClick="toggleAllBoxes();">Show all outputs</a>
<div class='log' id="Output-709619278">
Completed executing following method : AbstractTestNGCucumberTests.feature<br/>
Test Method resides in com.cucumber.TestRunner.UserInternalPrintingUploadCSVFIleWithoutEmailIdRunner<br/>
Test Method had the following parameters : nullInstitution User - Check the flow of Internal Printing   By uploading the CSV File without Student Email id column.,<br/>
Test Status: Pass<br/>
</div>
</td>
<td></td>
<td>37</td>
<td>com.cucumber.TestRunner.UserInternalPrintingUploadCSVFIleWithoutEmailIdRunner@ffaa6af</td></tr>
<tr>
<td title='com.cucumber.TestRunner.UserGenerateBulkUploadCSVFileEmailIDWithSpacesandDotsRunner.feature()'><b>feature</b><br>Test class: com.cucumber.TestRunner.UserGenerateBulkUploadCSVFileEmailIDWithSpacesandDotsRunner<br>Test method: Runs Cucumber Feature<br>Parameters: Institution User - Check the flow of Generate bulk Upload CSV File Email id with Sapces and Dots<br/>
<a href="#Output-34804405" onClick='toggleBox("Output-34804405", this, "Show output", "Hide output");'>Show output</a>

<a href="#Output-34804405" onClick="toggleAllBoxes();">Show all outputs</a>
<div class='log' id="Output-34804405">
Completed executing following method : AbstractTestNGCucumberTests.feature<br/>
Test Method resides in com.cucumber.TestRunner.UserGenerateBulkUploadCSVFileEmailIDWithSpacesandDotsRunner<br/>
Test Method had the following parameters : nullInstitution User - Check the flow of Generate bulk Upload CSV File Email id with Sapces and Dots,<br/>
Test Status: Pass<br/>
</div>
</td>
<td></td>
<td>47</td>
<td>com.cucumber.TestRunner.UserGenerateBulkUploadCSVFileEmailIDWithSpacesandDotsRunner@316bcf94</td></tr>
<tr>
<td title='com.cucumber.TestRunner.UserGenerateBulkByUploadingWithEmptyAcademicRefNumColumnRunner.feature()'><b>feature</b><br>Test class: com.cucumber.TestRunner.UserGenerateBulkByUploadingWithEmptyAcademicRefNumColumnRunner<br>Test method: Runs Cucumber Feature<br>Parameters: Institution User - Check the flow of Generate Bulk with invalid CSV File - empty academic reference num<br/>
<a href="#Output-421736474" onClick='toggleBox("Output-421736474", this, "Show output", "Hide output");'>Show output</a>

<a href="#Output-421736474" onClick="toggleAllBoxes();">Show all outputs</a>
<div class='log' id="Output-421736474">
Completed executing following method : AbstractTestNGCucumberTests.feature<br/>
Test Method resides in com.cucumber.TestRunner.UserGenerateBulkByUploadingWithEmptyAcademicRefNumColumnRunner<br/>
Test Method had the following parameters : nullInstitution User - Check the flow of Generate Bulk with invalid CSV File - empty academic reference num,<br/>
Test Status: Pass<br/>
</div>
</td>
<td></td>
<td>44</td>
<td>com.cucumber.TestRunner.UserGenerateBulkByUploadingWithEmptyAcademicRefNumColumnRunner@3e11f9e9</td></tr>
<tr>
<td title='com.cucumber.TestRunner.UserGenerateBulkByUploadCSVFIleWithInvalidCertificateNameRunner.feature()'><b>feature</b><br>Test class: com.cucumber.TestRunner.UserGenerateBulkByUploadCSVFIleWithInvalidCertificateNameRunner<br>Test method: Runs Cucumber Feature<br>Parameters: Institution User - Check the flow of Generate Bulk By Upload CSV File With Invalid Certificate Name<br/>
<a href="#Output-2032289334" onClick='toggleBox("Output-2032289334", this, "Show output", "Hide output");'>Show output</a>

<a href="#Output-2032289334" onClick="toggleAllBoxes();">Show all outputs</a>
<div class='log' id="Output-2032289334">
Completed executing following method : AbstractTestNGCucumberTests.feature<br/>
Test Method resides in com.cucumber.TestRunner.UserGenerateBulkByUploadCSVFIleWithInvalidCertificateNameRunner<br/>
Test Method had the following parameters : nullInstitution User - Check the flow of Generate Bulk By Upload CSV File With Invalid Certificate Name,<br/>
Test Status: Pass<br/>
</div>
</td>
<td></td>
<td>44</td>
<td>com.cucumber.TestRunner.UserGenerateBulkByUploadCSVFIleWithInvalidCertificateNameRunner@729d991e</td></tr>
</table><p>
</body>
</html>