<?xml version="1.0" encoding="UTF-8"?>
<!-- Generated by org.testng.reporters.JUnitXMLReporter -->
<testsuite hostname="DESKTOP-DSBT63E" failures="4" tests="25" name="ChromeBrowser" time="803.167" errors="0" timestamp="28 Mar 2024 17:00:19 GMT">
  <testcase classname="com.cucumber.TestRunner.UserGenerateBulkByUploadingCombinationOffilesRunner" name="feature" time="41.778"/>
  <testcase classname="com.cucumber.TestRunner.UserGenerateBulkByUploadingDOCfileRunner" name="feature" time="17.837"/>
  <testcase classname="com.cucumber.TestRunner.UserGenerateBulkByUploadingDOCXfileRunner" name="feature" time="17.826"/>
  <testcase classname="com.cucumber.TestRunner.UserGenerateBulkByUploadingJPEGfileRunner" name="feature" time="17.789"/>
  <testcase classname="com.cucumber.TestRunner.UserGenerateBulkByUploadingJPGfileRunner" name="feature" time="17.839"/>
  <testcase classname="com.cucumber.TestRunner.UserGenerateBulkByUploadingPDFfileRunner" name="feature" time="20.274"/>
  <testcase classname="com.cucumber.TestRunner.UserGenerateBulkUploadingandRemovethefileRunner" name="feature" time="17.002"/>
  <testcase classname="com.cucumber.TestRunner.UserGenerateBulkWithoutSelectingCertificatetypeRunner" name="feature" time="16.551"/>
  <testcase classname="com.cucumber.TestRunner.AdminGeneratedCertificatesNewMailEditRunner" name="feature" time="25.012"/>
  <testcase classname="com.cucumber.TestRunner.AdminRecentCertificateGenerationsandVerificationsOriginalCertificatesRunner" name="feature" time="22.87"/>
  <testcase classname="com.cucumber.TestRunner.AdminRecentCertificateGenerationsandVerificationsQRCodeRunner" name="feature" time="18.854"/>
  <testcase classname="com.cucumber.TestRunner.AdminRecentCertificateGenerationsandVerificationsSendMailRunner" name="feature" time="23.076"/>
  <testcase classname="com.cucumber.TestRunner.AdminRecentCertificateGenerationsRecallRunner" name="feature" time="26.957"/>
  <testcase classname="com.cucumber.TestRunner.AdminRecentCertificateGenerationsRevokeRunner" name="feature" time="20.851"/>
  <testcase classname="com.cucumber.TestRunner.UserInternalPrintingCSVFileStudentEmailWithoutSpecialCharectersRunner" name="feature" time="16.644"/>
  <testcase classname="com.cucumber.TestRunner.UserInternalPrintingCSVFileStudentEmailWithAlphabetsandNumericsRunner" name="feature" time="30.783">
    <failure type="cucumber.runtime.CucumberException" message="org.openqa.selenium.ElementNotInteractableException: element not interactable
  (Session info: chrome=123.0.6312.60)
Build info: version: &amp;apos;4.12.1&amp;apos;, revision: &amp;apos;8e34639b11&amp;apos;
System info: os.name: &amp;apos;Windows 10&amp;apos;, os.arch: &amp;apos;amd64&amp;apos;, os.version: &amp;apos;10.0&amp;apos;, java.version: &amp;apos;11.0.20&amp;apos;
Driver info: org.openqa.selenium.chrome.ChromeDriver
Command: [c1e523789a204db7163639ed39f136c1, clickElement {id=f.D71D62CF17A117362064B4AE81D4170A.d.0D397D2B7D79DAF0CF230D081A1577FF.e.714}]
Capabilities {acceptInsecureCerts: false, browserName: chrome, browserVersion: 123.0.6312.60, chrome: {chromedriverVersion: 123.0.6312.58 (6b4b19e9dfbb..., userDataDir: C:\Users\admin\AppData\Loca...}, fedcm:accounts: true, goog:chromeOptions: {debuggerAddress: localhost:51051}, networkConnectionEnabled: false, pageLoadStrategy: normal, platformName: windows, proxy: Proxy(), se:cdp: ws://localhost:51051/devtoo..., se:cdpVersion: 123.0.6312.60, setWindowRect: true, strictFileInteractability: false, timeouts: {implicit: 0, pageLoad: 300000, script: 30000}, unhandledPromptBehavior: dismiss and notify, webauthn:extension:credBlob: true, webauthn:extension:largeBlob: true, webauthn:extension:minPinLength: true, webauthn:extension:prf: true, webauthn:virtualAuthenticators: true}
Element: [[ChromeDriver: chrome on windows (c1e523789a204db7163639ed39f136c1)] -&amp;gt; xpath: //a[text()=&amp;apos;Internal Printing &amp;apos;]]
Session ID: c1e523789a204db7163639ed39f136c1">
      <![CDATA[cucumber.runtime.CucumberException: org.openqa.selenium.ElementNotInteractableException: element not interactable
  (Session info: chrome=123.0.6312.60)
Build info: version: '4.12.1', revision: '8e34639b11'
System info: os.name: 'Windows 10', os.arch: 'amd64', os.version: '10.0', java.version: '11.0.20'
Driver info: org.openqa.selenium.chrome.ChromeDriver
Command: [c1e523789a204db7163639ed39f136c1, clickElement {id=f.D71D62CF17A117362064B4AE81D4170A.d.0D397D2B7D79DAF0CF230D081A1577FF.e.714}]
Capabilities {acceptInsecureCerts: false, browserName: chrome, browserVersion: 123.0.6312.60, chrome: {chromedriverVersion: 123.0.6312.58 (6b4b19e9dfbb..., userDataDir: C:\Users\admin\AppData\Loca...}, fedcm:accounts: true, goog:chromeOptions: {debuggerAddress: localhost:51051}, networkConnectionEnabled: false, pageLoadStrategy: normal, platformName: windows, proxy: Proxy(), se:cdp: ws://localhost:51051/devtoo..., se:cdpVersion: 123.0.6312.60, setWindowRect: true, strictFileInteractability: false, timeouts: {implicit: 0, pageLoad: 300000, script: 30000}, unhandledPromptBehavior: dismiss and notify, webauthn:extension:credBlob: true, webauthn:extension:largeBlob: true, webauthn:extension:minPinLength: true, webauthn:extension:prf: true, webauthn:virtualAuthenticators: true}
Element: [[ChromeDriver: chrome on windows (c1e523789a204db7163639ed39f136c1)] -> xpath: //a[text()='Internal Printing ']]
Session ID: c1e523789a204db7163639ed39f136c1
	at cucumber.api.testng.TestNGCucumberRunner.runCucumber(TestNGCucumberRunner.java:69)
	at cucumber.api.testng.AbstractTestNGCucumberTests.feature(AbstractTestNGCucumberTests.java:21)
Caused by: org.openqa.selenium.ElementNotInteractableException: element not interactable
  (Session info: chrome=123.0.6312.60)
Build info: version: '4.12.1', revision: '8e34639b11'
System info: os.name: 'Windows 10', os.arch: 'amd64', os.version: '10.0', java.version: '11.0.20'
Driver info: org.openqa.selenium.chrome.ChromeDriver
Command: [c1e523789a204db7163639ed39f136c1, clickElement {id=f.D71D62CF17A117362064B4AE81D4170A.d.0D397D2B7D79DAF0CF230D081A1577FF.e.714}]
Capabilities {acceptInsecureCerts: false, browserName: chrome, browserVersion: 123.0.6312.60, chrome: {chromedriverVersion: 123.0.6312.58 (6b4b19e9dfbb..., userDataDir: C:\Users\admin\AppData\Loca...}, fedcm:accounts: true, goog:chromeOptions: {debuggerAddress: localhost:51051}, networkConnectionEnabled: false, pageLoadStrategy: normal, platformName: windows, proxy: Proxy(), se:cdp: ws://localhost:51051/devtoo..., se:cdpVersion: 123.0.6312.60, setWindowRect: true, strictFileInteractability: false, timeouts: {implicit: 0, pageLoad: 300000, script: 30000}, unhandledPromptBehavior: dismiss and notify, webauthn:extension:credBlob: true, webauthn:extension:largeBlob: true, webauthn:extension:minPinLength: true, webauthn:extension:prf: true, webauthn:virtualAuthenticators: true}
Element: [[ChromeDriver: chrome on windows (c1e523789a204db7163639ed39f136c1)] -> xpath: //a[text()='Internal Printing ']]
Session ID: c1e523789a204db7163639ed39f136c1
	at org.openqa.selenium.remote.codec.w3c.W3CHttpResponseCodec.createException(W3CHttpResponseCodec.java:200)
	at org.openqa.selenium.remote.codec.w3c.W3CHttpResponseCodec.decode(W3CHttpResponseCodec.java:133)
	at org.openqa.selenium.remote.codec.w3c.W3CHttpResponseCodec.decode(W3CHttpResponseCodec.java:52)
	at org.openqa.selenium.remote.HttpCommandExecutor.execute(HttpCommandExecutor.java:191)
	at org.openqa.selenium.remote.service.DriverCommandExecutor.invokeExecute(DriverCommandExecutor.java:196)
	at org.openqa.selenium.remote.service.DriverCommandExecutor.execute(DriverCommandExecutor.java:171)
	at org.openqa.selenium.remote.RemoteWebDriver.execute(RemoteWebDriver.java:602)
	at org.openqa.selenium.remote.RemoteWebElement.execute(RemoteWebElement.java:224)
	at org.openqa.selenium.remote.RemoteWebElement.click(RemoteWebElement.java:77)
	at com.cucumber.PageObjects.UserInternalPrintingCSVFileStudentEmailWithAlphabetsandNumericsPageObjects.ClickInternalPrintingoption(UserInternalPrintingCSVFileStudentEmailWithAlphabetsandNumericsPageObjects.java:42)
	at com.cucumber.stepdefination.UserInternalPrintingCSVFileStudentEmailWithAlphabetsandNumericsSteps.click_Internal_Printing_option(UserInternalPrintingCSVFileStudentEmailWithAlphabetsandNumericsSteps.java:34)
	at âœ½.Then Click Internal Printing option(src/test/resources/features/UserInternalPrintingCSVFileStudentEmailWithAlphabetsandNumerics.feature:7)
... Removed 28 stack frames]]>
    </failure>
  </testcase> <!-- feature -->
  <testcase classname="com.cucumber.TestRunner.UserGeneratedCertificateWithoutSelectingCheckboxesRunner" name="feature" time="50.417">
    <failure type="cucumber.runtime.CucumberException" message="org.openqa.selenium.TimeoutException: Expected condition failed: waiting for visibility of [[ChromeDriver: chrome on windows (33cc640a6af20b88024044bce3d322f8)] -&amp;gt; xpath: //a[text()=&amp;apos;Generated Certificates &amp;apos;]] (tried for 30 second(s) with 8000 milliseconds interval)
Build info: version: &amp;apos;4.12.1&amp;apos;, revision: &amp;apos;8e34639b11&amp;apos;
System info: os.name: &amp;apos;Windows 10&amp;apos;, os.arch: &amp;apos;amd64&amp;apos;, os.version: &amp;apos;10.0&amp;apos;, java.version: &amp;apos;11.0.20&amp;apos;
Driver info: driver.version: unknown">
      <![CDATA[cucumber.runtime.CucumberException: org.openqa.selenium.TimeoutException: Expected condition failed: waiting for visibility of [[ChromeDriver: chrome on windows (33cc640a6af20b88024044bce3d322f8)] -> xpath: //a[text()='Generated Certificates ']] (tried for 30 second(s) with 8000 milliseconds interval)
Build info: version: '4.12.1', revision: '8e34639b11'
System info: os.name: 'Windows 10', os.arch: 'amd64', os.version: '10.0', java.version: '11.0.20'
Driver info: driver.version: unknown
	at cucumber.api.testng.TestNGCucumberRunner.runCucumber(TestNGCucumberRunner.java:69)
	at cucumber.api.testng.AbstractTestNGCucumberTests.feature(AbstractTestNGCucumberTests.java:21)
Caused by: org.openqa.selenium.TimeoutException: Expected condition failed: waiting for visibility of [[ChromeDriver: chrome on windows (33cc640a6af20b88024044bce3d322f8)] -> xpath: //a[text()='Generated Certificates ']] (tried for 30 second(s) with 8000 milliseconds interval)
Build info: version: '4.12.1', revision: '8e34639b11'
System info: os.name: 'Windows 10', os.arch: 'amd64', os.version: '10.0', java.version: '11.0.20'
Driver info: driver.version: unknown
	at org.openqa.selenium.support.ui.FluentWait.timeoutException(FluentWait.java:262)
	at org.openqa.selenium.support.ui.FluentWait.until(FluentWait.java:230)
	at com.cucumber.TestBase.TestBase.waitForElement(TestBase.java:84)
	at com.cucumber.PageObjects.UserGeneratedCertificatesWithoutSelectingCheckboxesPageObjects.ClicktheGeneratedCertificates(UserGeneratedCertificatesWithoutSelectingCheckboxesPageObjects.java:52)
	at com.cucumber.stepdefination.UserGeneratedCertificatesWithoutSelectingCheckboxesSteps.click_the_Generated_Certificates(UserGeneratedCertificatesWithoutSelectingCheckboxesSteps.java:36)
	at âœ½.Then Click the Generated Certificates(src/test/resources/features/UserGeneratedCertificatesWithoutselectingCheckboxes.feature:8)
... Removed 23 stack frames]]>
    </failure>
  </testcase> <!-- feature -->
  <testcase classname="com.cucumber.TestRunner.UserInternalPrintingByUploadInvalidCSVFileRunner" name="feature" time="45.879">
    <failure type="cucumber.runtime.CucumberException" message="org.openqa.selenium.TimeoutException: Expected condition failed: waiting for visibility of [[ChromeDriver: chrome on windows (2de35a228285ce85935971174afecfc9)] -&amp;gt; xpath: //a[text()=&amp;apos;Certificates &amp;apos;]/following-sibling::ul/li[4]/a] (tried for 30 second(s) with 8000 milliseconds interval)
Build info: version: &amp;apos;4.12.1&amp;apos;, revision: &amp;apos;8e34639b11&amp;apos;
System info: os.name: &amp;apos;Windows 10&amp;apos;, os.arch: &amp;apos;amd64&amp;apos;, os.version: &amp;apos;10.0&amp;apos;, java.version: &amp;apos;11.0.20&amp;apos;
Driver info: driver.version: unknown">
      <![CDATA[cucumber.runtime.CucumberException: org.openqa.selenium.TimeoutException: Expected condition failed: waiting for visibility of [[ChromeDriver: chrome on windows (2de35a228285ce85935971174afecfc9)] -> xpath: //a[text()='Certificates ']/following-sibling::ul/li[4]/a] (tried for 30 second(s) with 8000 milliseconds interval)
Build info: version: '4.12.1', revision: '8e34639b11'
System info: os.name: 'Windows 10', os.arch: 'amd64', os.version: '10.0', java.version: '11.0.20'
Driver info: driver.version: unknown
	at cucumber.api.testng.TestNGCucumberRunner.runCucumber(TestNGCucumberRunner.java:69)
	at cucumber.api.testng.AbstractTestNGCucumberTests.feature(AbstractTestNGCucumberTests.java:21)
Caused by: org.openqa.selenium.TimeoutException: Expected condition failed: waiting for visibility of [[ChromeDriver: chrome on windows (2de35a228285ce85935971174afecfc9)] -> xpath: //a[text()='Certificates ']/following-sibling::ul/li[4]/a] (tried for 30 second(s) with 8000 milliseconds interval)
Build info: version: '4.12.1', revision: '8e34639b11'
System info: os.name: 'Windows 10', os.arch: 'amd64', os.version: '10.0', java.version: '11.0.20'
Driver info: driver.version: unknown
	at org.openqa.selenium.support.ui.FluentWait.timeoutException(FluentWait.java:262)
	at org.openqa.selenium.support.ui.FluentWait.until(FluentWait.java:230)
	at com.cucumber.TestBase.TestBase.waitForElement(TestBase.java:84)
	at com.cucumber.PageObjects.UserInternalPrintingByUploadInvalidCSVFIlePageObjects.select_the_internal_printing(UserInternalPrintingByUploadInvalidCSVFIlePageObjects.java:43)
	at com.cucumber.stepdefination.UserInternalPrintingByUploadInvalidCSVFileSteps.select_the_internal_printing(UserInternalPrintingByUploadInvalidCSVFileSteps.java:38)
	at âœ½.And select the internal printing(src/test/resources/features/UserInternalPrintingByUploadInvalidCSVFIle.feature:8)
... Removed 23 stack frames]]>
    </failure>
  </testcase> <!-- feature -->
  <testcase classname="com.cucumber.TestRunner.UserInternalPrintingCSVFIleStudentNameWithAlphabetsandNumericsRunner" name="feature" time="39.929"/>
  <testcase classname="com.cucumber.TestRunner.UserInternalPrintingByUploadingCSVWithInvalidIssueYearandMonthRunner" name="feature" time="39.793"/>
  <testcase classname="com.cucumber.TestRunner.UserInternalPrintingUploadCSVFIleWithoutEmailIdRunner" name="feature" time="37.199"/>
  <testcase classname="com.cucumber.TestRunner.UserGenerateBulkUploadCSVFileEmailIDWithSpacesandDotsRunner" name="feature" time="47.04"/>
  <testcase classname="com.cucumber.TestRunner.UserGenerateBulkByUploadingWithEmptyAcademicRefNumColumnRunner" name="feature" time="44.881"/>
  <testcase classname="com.cucumber.TestRunner.UserGenerateBulkByUploadCSVFIleWithInvalidCertificateNameRunner" name="feature" time="44.848"/>
  <testcase classname="com.cucumber.TestRunner.UserGeneratedCertificatesWithoutEnablecheckboxesRunner" name="feature" time="0.009">
    <failure type="cucumber.runtime.CucumberException" message="cucumber.runtime.CucumberException: There are undefined steps">
      <![CDATA[cucumber.runtime.CucumberException: cucumber.runtime.CucumberException: There are undefined steps
	at cucumber.api.testng.TestNGCucumberRunner.runCucumber(TestNGCucumberRunner.java:69)
	at cucumber.api.testng.AbstractTestNGCucumberTests.feature(AbstractTestNGCucumberTests.java:21)
Caused by: cucumber.runtime.CucumberException: There are undefined steps
	at cucumber.api.testng.FeatureResultListener.collectError(FeatureResultListener.java:60)
	at cucumber.api.testng.FeatureResultListener.result(FeatureResultListener.java:45)
	at cucumber.runtime.Runtime.runStep(Runtime.java:282)
	at cucumber.runtime.model.StepContainer.runStep(StepContainer.java:44)
	at cucumber.runtime.model.StepContainer.runSteps(StepContainer.java:39)
	at cucumber.runtime.model.CucumberScenario.run(CucumberScenario.java:44)
	at cucumber.runtime.model.CucumberFeature.run(CucumberFeature.java:165)
	at cucumber.api.testng.TestNGCucumberRunner.runCucumber(TestNGCucumberRunner.java:63)
	... 24 more
... Removed 23 stack frames]]>
    </failure>
  </testcase> <!-- feature -->
</testsuite> <!-- ChromeBrowser -->
